mode: set
rpc_plugin_system/control-plane-ops/cli-status-control/cli/any.go:10.41,13.38 3 1
rpc_plugin_system/control-plane-ops/cli-status-control/cli/any.go:13.38,15.3 1 1
rpc_plugin_system/control-plane-ops/cli-status-control/cli/any.go:16.2,16.12 1 1
rpc_plugin_system/control-plane-ops/cli-status-control/cli/cli.go:12.56,15.42 3 1
rpc_plugin_system/control-plane-ops/cli-status-control/cli/cli.go:15.42,17.3 1 1
rpc_plugin_system/control-plane-ops/cli-status-control/cli/cli.go:18.2,18.12 1 1
rpc_plugin_system/control-plane-ops/cli-status-control/cli/cli.go:22.64,25.42 3 1
rpc_plugin_system/control-plane-ops/cli-status-control/cli/cli.go:25.42,27.3 1 1
rpc_plugin_system/control-plane-ops/cli-status-control/cli/cli.go:28.2,28.12 1 1
rpc_plugin_system/control-plane-ops/cli-status-control/cli/cli.go:32.69,35.41 3 1
rpc_plugin_system/control-plane-ops/cli-status-control/cli/cli.go:35.41,37.3 1 1
rpc_plugin_system/control-plane-ops/cli-status-control/cli/cli.go:38.2,38.12 1 1
rpc_plugin_system/control-plane-ops/cli-status-control/cli/logs.go:13.66,14.31 1 1
rpc_plugin_system/control-plane-ops/cli-status-control/cli/logs.go:14.31,15.72 1 1
rpc_plugin_system/control-plane-ops/cli-status-control/cli/logs.go:15.72,17.4 1 1
rpc_plugin_system/control-plane-ops/cli-status-control/cli/logs.go:19.2,19.12 1 1
rpc_plugin_system/control-plane-ops/cli-status-control/cli/logs.go:23.66,26.43 3 1
rpc_plugin_system/control-plane-ops/cli-status-control/cli/logs.go:26.43,28.3 1 1
rpc_plugin_system/control-plane-ops/cli-status-control/cli/logs.go:29.2,29.12 1 1
rpc_plugin_system/control-plane-ops/cli-status-control/cli/logs.go:33.68,34.72 1 1
rpc_plugin_system/control-plane-ops/cli-status-control/cli/logs.go:34.72,36.3 1 1
rpc_plugin_system/control-plane-ops/cli-status-control/cli/logs.go:37.2,44.4 1 1
rpc_plugin_system/control-plane-ops/cli-status-control/cli/logs.go:44.4,45.66 1 1
rpc_plugin_system/control-plane-ops/cli-status-control/cli/logs.go:45.66,47.4 1 1
rpc_plugin_system/control-plane-ops/cli-status-control/cli/logs.go:48.3,49.35 2 1
rpc_plugin_system/control-plane-ops/cli-status-control/cli/logs.go:49.35,51.4 1 1
rpc_plugin_system/control-plane-ops/cli-status-control/cli/logs.go:52.3,53.28 2 1
rpc_plugin_system/control-plane-ops/cli-status-control/cli/logs.go:53.28,54.84 1 1
rpc_plugin_system/control-plane-ops/cli-status-control/cli/logs.go:54.84,56.5 1 1
rpc_plugin_system/control-plane-ops/cli-status-control/cli/logs.go:59.2,59.12 1 1
rpc_plugin_system/control-plane-ops/cli-status-control/cli/logs.go:63.68,66.44 3 1
rpc_plugin_system/control-plane-ops/cli-status-control/cli/logs.go:66.44,68.3 1 1
rpc_plugin_system/control-plane-ops/cli-status-control/cli/logs.go:69.2,69.12 1 1
rpc_plugin_system/control-plane-ops/event-log-write/eventlog/eventlog.go:19.39,19.59 1 1
rpc_plugin_system/control-plane-ops/event-log-write/eventlog/eventlog.go:20.59,20.83 1 1
rpc_plugin_system/control-plane-ops/event-log-write/eventlog/eventlog.go:21.39,21.58 1 1
rpc_plugin_system/control-plane-ops/event-log-write/eventlog/eventlog.go:114.40,116.2 1 1
rpc_plugin_system/control-plane-ops/event-log-write/eventlog/eventlog.go:119.65,120.24 1 1
rpc_plugin_system/control-plane-ops/event-log-write/eventlog/eventlog.go:120.24,122.3 1 1
rpc_plugin_system/control-plane-ops/event-log-write/eventlog/eventlog.go:123.2,123.26 1 1
rpc_plugin_system/control-plane-ops/event-log-write/eventlog/eventlog.go:123.26,125.3 1 1
rpc_plugin_system/control-plane-ops/event-log-write/eventlog/eventlog.go:126.2,127.16 2 1
rpc_plugin_system/control-plane-ops/event-log-write/eventlog/eventlog.go:127.16,129.3 1 1
rpc_plugin_system/control-plane-ops/event-log-write/eventlog/eventlog.go:130.2,130.96 1 1
rpc_plugin_system/control-plane-ops/event-log-write/eventlog/eventlog.go:134.32,136.2 1 1
rpc_plugin_system/control-plane-ops/event-log-write/eventlog/eventlog.go:139.32,140.14 1 1
rpc_plugin_system/control-plane-ops/event-log-write/eventlog/eventlog.go:140.14,142.3 1 1
rpc_plugin_system/control-plane-ops/event-log-write/eventlog/eventlog.go:143.2,143.15 1 1
rpc_plugin_system/control-plane-ops/event-log-write/eventlog/eventlog.go:147.43,150.25 3 1
rpc_plugin_system/control-plane-ops/event-log-write/eventlog/eventlog.go:150.25,152.3 1 1
rpc_plugin_system/control-plane-ops/event-log-write/eventlog/eventlog.go:153.2,153.23 1 1
rpc_plugin_system/control-plane-ops/event-log-write/eventlog/eventlog.go:153.23,155.3 1 1
rpc_plugin_system/control-plane-ops/event-log-write/eventlog/eventlog.go:156.2,156.27 1 1
rpc_plugin_system/control-plane-ops/event-log-write/eventlog/eventlog.go:156.27,158.3 1 1
rpc_plugin_system/control-plane-ops/event-log-write/eventlog/eventlog.go:159.2,160.16 2 1
rpc_plugin_system/control-plane-ops/event-log-write/eventlog/eventlog.go:160.16,162.3 1 1
rpc_plugin_system/control-plane-ops/event-log-write/eventlog/eventlog.go:163.2,164.59 2 1
rpc_plugin_system/control-plane-ops/event-log-write/eventlog/eventlog.go:164.59,166.3 1 1
rpc_plugin_system/control-plane-ops/event-log-write/eventlog/eventlog.go:167.2,167.51 1 1
rpc_plugin_system/control-plane-ops/event-log-write/eventlog/eventlog.go:167.51,169.3 1 1
rpc_plugin_system/control-plane-ops/event-log-write/eventlog/eventlog.go:170.2,170.41 1 1
rpc_plugin_system/control-plane-ops/event-log-write/eventlog/eventlog.go:170.41,172.3 1 1
rpc_plugin_system/control-plane-ops/event-log-write/eventlog/eventlog.go:173.2,173.12 1 1
rpc_plugin_system/control-plane-ops/event-log-write/eventlog/eventlog.go:176.61,177.37 1 1
rpc_plugin_system/control-plane-ops/event-log-write/eventlog/eventlog.go:177.37,179.3 1 1
rpc_plugin_system/control-plane-ops/event-log-write/eventlog/eventlog.go:180.2,181.16 2 1
rpc_plugin_system/control-plane-ops/event-log-write/eventlog/eventlog.go:181.16,183.3 1 1
rpc_plugin_system/control-plane-ops/event-log-write/eventlog/eventlog.go:184.2,184.46 1 1
rpc_plugin_system/control-plane-ops/event-log-write/eventlog/eventlog.go:184.46,186.3 1 1
rpc_plugin_system/control-plane-ops/event-log-write/eventlog/eventlog.go:187.2,187.42 1 1
rpc_plugin_system/control-plane-ops/event-log-write/eventlog/eventlog.go:187.42,189.3 1 1
rpc_plugin_system/control-plane-ops/event-log-write/eventlog/eventlog.go:190.2,190.37 1 1
rpc_plugin_system/control-plane-ops/event-log-write/eventlog/eventlog.go:190.37,192.24 2 1
rpc_plugin_system/control-plane-ops/event-log-write/eventlog/eventlog.go:192.24,194.12 2 1
rpc_plugin_system/control-plane-ops/event-log-write/eventlog/eventlog.go:196.3,197.46 2 1
rpc_plugin_system/control-plane-ops/event-log-write/eventlog/eventlog.go:197.46,198.55 1 1
rpc_plugin_system/control-plane-ops/event-log-write/eventlog/eventlog.go:198.55,200.5 1 1
rpc_plugin_system/control-plane-ops/event-log-write/eventlog/eventlog.go:203.2,203.44 1 1
rpc_plugin_system/control-plane-ops/event-log-write/eventlog/eventlog.go:203.44,204.67 1 1
rpc_plugin_system/control-plane-ops/event-log-write/eventlog/eventlog.go:204.67,206.4 1 1
rpc_plugin_system/control-plane-ops/event-log-write/eventlog/eventlog.go:208.2,209.16 2 1
rpc_plugin_system/control-plane-ops/event-log-write/eventlog/eventlog.go:209.16,211.3 1 1
rpc_plugin_system/control-plane-ops/event-log-write/eventlog/eventlog.go:212.2,226.16 4 1
rpc_plugin_system/control-plane-ops/event-log-write/eventlog/eventlog.go:226.16,228.3 1 1
rpc_plugin_system/control-plane-ops/event-log-write/eventlog/eventlog.go:229.2,229.68 1 1
rpc_plugin_system/control-plane-ops/event-log-write/eventlog/eventlog.go:229.68,231.3 1 1
rpc_plugin_system/control-plane-ops/event-log-write/eventlog/eventlog.go:232.2,232.41 1 1
rpc_plugin_system/control-plane-ops/event-log-write/eventlog/eventlog.go:232.41,234.3 1 1
rpc_plugin_system/control-plane-ops/event-log-write/eventlog/eventlog.go:235.2,235.12 1 1
rpc_plugin_system/control-plane-ops/event-log-write/eventlog/eventlog.go:238.44,241.15 3 1
rpc_plugin_system/control-plane-ops/event-log-write/eventlog/eventlog.go:241.15,243.3 1 1
rpc_plugin_system/control-plane-ops/event-log-write/eventlog/eventlog.go:244.2,244.45 1 1
rpc_plugin_system/control-plane-ops/event-log-write/eventlog/eventlog.go:247.50,249.16 2 1
rpc_plugin_system/control-plane-ops/event-log-write/eventlog/eventlog.go:249.16,251.3 1 1
rpc_plugin_system/control-plane-ops/event-log-write/eventlog/eventlog.go:252.2,252.14 1 1
rpc_plugin_system/control-plane-ops/event-log-write/eventlog/read.go:35.61,37.16 2 1
rpc_plugin_system/control-plane-ops/event-log-write/eventlog/read.go:37.16,39.3 1 1
rpc_plugin_system/control-plane-ops/event-log-write/eventlog/read.go:40.2,41.26 2 1
rpc_plugin_system/control-plane-ops/event-log-write/eventlog/read.go:41.26,43.17 2 1
rpc_plugin_system/control-plane-ops/event-log-write/eventlog/read.go:43.17,45.4 1 1
rpc_plugin_system/control-plane-ops/event-log-write/eventlog/read.go:46.3,46.36 1 1
rpc_plugin_system/control-plane-ops/event-log-write/eventlog/read.go:48.2,48.21 1 1
rpc_plugin_system/control-plane-ops/event-log-write/eventlog/read.go:48.21,50.3 1 1
rpc_plugin_system/control-plane-ops/event-log-write/eventlog/read.go:51.2,51.54 1 1
rpc_plugin_system/control-plane-ops/event-log-write/eventlog/read.go:51.54,53.3 1 1
rpc_plugin_system/control-plane-ops/event-log-write/eventlog/read.go:54.2,54.20 1 1
rpc_plugin_system/control-plane-ops/event-log-write/eventlog/read.go:58.40,65.31 2 1
rpc_plugin_system/control-plane-ops/event-log-write/eventlog/read.go:65.31,69.3 3 1
rpc_plugin_system/control-plane-ops/event-log-write/eventlog/read.go:70.2,70.16 1 1
rpc_plugin_system/control-plane-ops/event-log-write/eventlog/read.go:74.37,77.27 3 1
rpc_plugin_system/control-plane-ops/event-log-write/eventlog/read.go:77.27,79.3 1 1
rpc_plugin_system/control-plane-ops/event-log-write/eventlog/read.go:80.2,80.23 1 1
rpc_plugin_system/control-plane-ops/event-log-write/eventlog/read.go:80.23,82.3 1 1
rpc_plugin_system/control-plane-ops/event-log-write/eventlog/read.go:83.2,83.26 1 1
rpc_plugin_system/control-plane-ops/event-log-write/eventlog/read.go:83.26,85.3 1 1
rpc_plugin_system/control-plane-ops/event-log-write/eventlog/read.go:86.2,86.29 1 1
rpc_plugin_system/control-plane-ops/event-log-write/eventlog/read.go:86.29,88.3 1 1
rpc_plugin_system/control-plane-ops/event-log-write/eventlog/read.go:89.2,89.20 1 1
rpc_plugin_system/control-plane-ops/event-log-write/eventlog/read.go:89.20,91.3 1 1
rpc_plugin_system/control-plane-ops/event-log-write/eventlog/read.go:92.2,92.24 1 1
rpc_plugin_system/control-plane-ops/event-log-write/eventlog/read.go:92.24,94.3 1 1
rpc_plugin_system/control-plane-ops/event-log-write/eventlog/read.go:95.2,95.25 1 1
rpc_plugin_system/control-plane-ops/event-log-write/eventlog/read.go:95.25,97.3 1 1
rpc_plugin_system/control-plane-ops/event-log-write/eventlog/read.go:98.2,98.24 1 1
rpc_plugin_system/control-plane-ops/event-log-write/eventlog/read.go:98.24,100.3 1 1
rpc_plugin_system/control-plane-ops/event-log-write/eventlog/read.go:101.2,101.23 1 1
rpc_plugin_system/control-plane-ops/event-log-write/eventlog/read.go:101.23,103.3 1 1
rpc_plugin_system/control-plane-ops/event-log-write/eventlog/read.go:104.2,104.35 1 1
rpc_plugin_system/control-plane-ops/event-log-write/eventlog/read.go:107.61,109.16 2 1
rpc_plugin_system/control-plane-ops/event-log-write/eventlog/read.go:109.16,111.3 1 1
rpc_plugin_system/control-plane-ops/event-log-write/eventlog/read.go:112.2,117.6 5 1
rpc_plugin_system/control-plane-ops/event-log-write/eventlog/read.go:117.6,119.38 2 1
rpc_plugin_system/control-plane-ops/event-log-write/eventlog/read.go:119.38,120.9 1 1
rpc_plugin_system/control-plane-ops/event-log-write/eventlog/read.go:122.3,123.34 2 1
rpc_plugin_system/control-plane-ops/event-log-write/eventlog/read.go:123.34,125.4 1 1
rpc_plugin_system/control-plane-ops/event-log-write/eventlog/read.go:126.3,128.54 3 1
rpc_plugin_system/control-plane-ops/event-log-write/eventlog/read.go:128.54,130.4 1 1
rpc_plugin_system/control-plane-ops/event-log-write/eventlog/read.go:131.3,131.29 1 1
rpc_plugin_system/control-plane-ops/event-log-write/eventlog/read.go:131.29,132.12 1 1
rpc_plugin_system/control-plane-ops/event-log-write/eventlog/read.go:134.3,135.20 2 1
rpc_plugin_system/control-plane-ops/event-log-write/eventlog/read.go:135.20,136.9 1 1
rpc_plugin_system/control-plane-ops/event-log-write/eventlog/read.go:139.2,139.20 1 1
rpc_plugin_system/control-plane-ops/event-log-write/eventlog/read.go:142.54,144.42 2 1
rpc_plugin_system/control-plane-ops/event-log-write/eventlog/read.go:144.42,146.39 2 1
rpc_plugin_system/control-plane-ops/event-log-write/eventlog/read.go:146.39,148.4 1 1
rpc_plugin_system/control-plane-ops/event-log-write/eventlog/read.go:150.2,150.41 1 1
rpc_plugin_system/control-plane-ops/event-log-write/eventlog/read.go:150.41,152.3 1 1
rpc_plugin_system/control-plane-ops/event-log-write/eventlog/read.go:153.2,153.21 1 1
rpc_plugin_system/control-plane-ops/event-log-write/eventlog/read.go:153.21,155.3 1 1
rpc_plugin_system/control-plane-ops/event-log-write/eventlog/read.go:156.2,156.19 1 1
rpc_plugin_system/control-plane-ops/event-log-write/eventlog/read.go:159.47,160.57 1 1
rpc_plugin_system/control-plane-ops/event-log-write/eventlog/read.go:160.57,162.3 1 1
rpc_plugin_system/control-plane-ops/event-log-write/eventlog/read.go:163.2,163.69 1 1
rpc_plugin_system/control-plane-ops/event-log-write/eventlog/read.go:163.69,165.3 1 1
rpc_plugin_system/control-plane-ops/event-log-write/eventlog/read.go:166.2,166.57 1 1
rpc_plugin_system/control-plane-ops/event-log-write/eventlog/read.go:166.57,168.3 1 1
rpc_plugin_system/control-plane-ops/event-log-write/eventlog/read.go:169.2,169.66 1 1
rpc_plugin_system/control-plane-ops/event-log-write/eventlog/read.go:169.66,171.3 1 1
rpc_plugin_system/control-plane-ops/event-log-write/eventlog/read.go:172.2,172.60 1 1
rpc_plugin_system/control-plane-ops/event-log-write/eventlog/read.go:172.60,174.3 1 1
rpc_plugin_system/control-plane-ops/event-log-write/eventlog/read.go:175.2,175.65 1 1
rpc_plugin_system/control-plane-ops/event-log-write/eventlog/read.go:175.65,177.3 1 1
rpc_plugin_system/control-plane-ops/event-log-write/eventlog/read.go:178.2,178.13 1 1
rpc_plugin_system/control-plane-ops/event-log-write/eventlog/read.go:181.30,182.55 1 1
rpc_plugin_system/control-plane-ops/event-log-write/eventlog/read.go:182.55,184.3 1 1
rpc_plugin_system/secure-bootstrap-transport/startup-handshake/auth/auth.go:15.33,17.63 2 1
rpc_plugin_system/secure-bootstrap-transport/startup-handshake/auth/auth.go:17.63,19.3 1 1
rpc_plugin_system/secure-bootstrap-transport/startup-handshake/auth/auth.go:20.2,20.17 1 1
rpc_plugin_system/secure-bootstrap-transport/startup-handshake/auth/auth.go:24.35,25.22 1 1
rpc_plugin_system/secure-bootstrap-transport/startup-handshake/auth/auth.go:25.22,27.3 1 1
rpc_plugin_system/secure-bootstrap-transport/startup-handshake/auth/auth.go:28.2,28.46 1 1
rpc_plugin_system/secure-bootstrap-transport/startup-handshake/auth/auth.go:32.33,34.2 1 1
rpc_plugin_system/secure-bootstrap-transport/startup-handshake/auth/auth.go:37.42,39.16 2 1
rpc_plugin_system/secure-bootstrap-transport/startup-handshake/auth/auth.go:39.16,41.3 1 1
rpc_plugin_system/secure-bootstrap-transport/startup-handshake/auth/auth.go:42.2,42.17 1 1
rpc_plugin_system/plugin-authoring-sdk/test-plugin-api/testpluginapi/config.go:31.45,32.29 1 1
rpc_plugin_system/plugin-authoring-sdk/test-plugin-api/testpluginapi/config.go:32.29,34.3 1 1
rpc_plugin_system/plugin-authoring-sdk/test-plugin-api/testpluginapi/config.go:35.2,35.61 1 1
rpc_plugin_system/plugin-authoring-sdk/test-plugin-api/testpluginapi/config.go:38.44,39.28 1 1
rpc_plugin_system/plugin-authoring-sdk/test-plugin-api/testpluginapi/config.go:39.28,41.3 1 1
rpc_plugin_system/plugin-authoring-sdk/test-plugin-api/testpluginapi/config.go:42.2,42.60 1 1
rpc_plugin_system/plugin-authoring-sdk/test-plugin-api/testpluginapi/config.go:45.23,46.54 1 1
rpc_plugin_system/plugin-authoring-sdk/test-plugin-api/testpluginapi/config.go:46.54,48.17 2 1
rpc_plugin_system/plugin-authoring-sdk/test-plugin-api/testpluginapi/config.go:48.17,50.41 2 1
rpc_plugin_system/plugin-authoring-sdk/test-plugin-api/testpluginapi/config.go:50.41,51.26 1 1
rpc_plugin_system/plugin-authoring-sdk/test-plugin-api/testpluginapi/config.go:51.26,53.6 1 1
rpc_plugin_system/plugin-authoring-sdk/test-plugin-api/testpluginapi/config.go:54.5,54.34 1 1
rpc_plugin_system/plugin-authoring-sdk/test-plugin-api/testpluginapi/config.go:54.34,56.6 1 1
rpc_plugin_system/plugin-authoring-sdk/test-plugin-api/testpluginapi/config.go:57.5,57.28 1 1
rpc_plugin_system/plugin-authoring-sdk/test-plugin-api/testpluginapi/config.go:57.28,59.6 1 1
rpc_plugin_system/plugin-authoring-sdk/test-plugin-api/testpluginapi/config.go:60.5,60.15 1 1
rpc_plugin_system/plugin-authoring-sdk/test-plugin-api/testpluginapi/config.go:64.2,64.18 1 1
rpc_plugin_system/plugin-authoring-sdk/test-plugin-api/testpluginapi/config.go:67.46,69.16 2 1
rpc_plugin_system/plugin-authoring-sdk/test-plugin-api/testpluginapi/config.go:69.16,71.3 1 1
rpc_plugin_system/plugin-authoring-sdk/test-plugin-api/testpluginapi/config.go:72.2,72.56 1 1
rpc_plugin_system/plugin-authoring-sdk/test-plugin-api/testpluginapi/config.go:72.56,74.3 1 1
rpc_plugin_system/plugin-authoring-sdk/test-plugin-api/testpluginapi/config.go:75.2,75.12 1 1
rpc_plugin_system/plugin-authoring-sdk/test-plugin-api/testpluginapi/config.go:79.20,95.2 1 1
rpc_plugin_system/plugin-authoring-sdk/test-plugin-api/testpluginapi/config.go:97.49,98.42 1 1
rpc_plugin_system/plugin-authoring-sdk/test-plugin-api/testpluginapi/config.go:98.42,100.3 1 1
rpc_plugin_system/plugin-authoring-sdk/test-plugin-api/testpluginapi/config.go:101.2,101.17 1 1
rpc_plugin_system/plugin-authoring-sdk/test-plugin-api/testpluginapi/config.go:104.52,106.17 2 1
rpc_plugin_system/plugin-authoring-sdk/test-plugin-api/testpluginapi/config.go:106.17,108.3 1 1
rpc_plugin_system/plugin-authoring-sdk/test-plugin-api/testpluginapi/config.go:109.2,110.16 2 1
rpc_plugin_system/plugin-authoring-sdk/test-plugin-api/testpluginapi/config.go:110.16,112.3 1 1
rpc_plugin_system/plugin-authoring-sdk/test-plugin-api/testpluginapi/config.go:113.2,113.15 1 1
rpc_plugin_system/plugin-authoring-sdk/test-plugin-api/testpluginapi/config.go:116.58,118.17 2 1
rpc_plugin_system/plugin-authoring-sdk/test-plugin-api/testpluginapi/config.go:118.17,120.3 1 1
rpc_plugin_system/plugin-authoring-sdk/test-plugin-api/testpluginapi/config.go:121.2,122.16 2 1
rpc_plugin_system/plugin-authoring-sdk/test-plugin-api/testpluginapi/config.go:122.16,124.3 1 1
rpc_plugin_system/plugin-authoring-sdk/test-plugin-api/testpluginapi/config.go:125.2,125.15 1 1
rpc_plugin_system/plugin-authoring-sdk/test-plugin-api/testpluginapi/config.go:128.49,130.17 2 1
rpc_plugin_system/plugin-authoring-sdk/test-plugin-api/testpluginapi/config.go:130.17,132.3 1 1
rpc_plugin_system/plugin-authoring-sdk/test-plugin-api/testpluginapi/config.go:133.2,134.16 2 1
rpc_plugin_system/plugin-authoring-sdk/test-plugin-api/testpluginapi/config.go:134.16,136.3 1 1
rpc_plugin_system/plugin-authoring-sdk/test-plugin-api/testpluginapi/config.go:137.2,137.15 1 1
rpc_plugin_system/kernel-runtime-supervision/peercred-runtime/runtime/peercred_linux.go:25.52,27.9 2 1
rpc_plugin_system/kernel-runtime-supervision/peercred-runtime/runtime/peercred_linux.go:27.9,29.3 1 1
rpc_plugin_system/kernel-runtime-supervision/peercred-runtime/runtime/peercred_linux.go:30.2,31.16 2 1
rpc_plugin_system/kernel-runtime-supervision/peercred-runtime/runtime/peercred_linux.go:31.16,33.3 1 1
rpc_plugin_system/kernel-runtime-supervision/peercred-runtime/runtime/peercred_linux.go:34.2,36.45 3 1
rpc_plugin_system/kernel-runtime-supervision/peercred-runtime/runtime/peercred_linux.go:36.45,38.17 2 1
rpc_plugin_system/kernel-runtime-supervision/peercred-runtime/runtime/peercred_linux.go:38.17,41.4 2 1
rpc_plugin_system/kernel-runtime-supervision/peercred-runtime/runtime/peercred_linux.go:42.3,42.67 1 1
rpc_plugin_system/kernel-runtime-supervision/peercred-runtime/runtime/peercred_linux.go:43.17,45.3 1 1
rpc_plugin_system/kernel-runtime-supervision/peercred-runtime/runtime/peercred_linux.go:46.2,46.20 1 1
rpc_plugin_system/kernel-runtime-supervision/peercred-runtime/runtime/peercred_linux.go:46.20,48.3 1 1
rpc_plugin_system/kernel-runtime-supervision/peercred-runtime/runtime/peercred_linux.go:49.2,49.17 1 1
rpc_plugin_system/kernel-runtime-supervision/peercred-runtime/runtime/runtime.go:22.35,23.16 1 1
rpc_plugin_system/kernel-runtime-supervision/peercred-runtime/runtime/runtime.go:23.16,25.3 1 1
rpc_plugin_system/kernel-runtime-supervision/peercred-runtime/runtime/runtime.go:26.2,27.16 2 1
rpc_plugin_system/kernel-runtime-supervision/peercred-runtime/runtime/runtime.go:27.16,28.38 1 1
rpc_plugin_system/kernel-runtime-supervision/peercred-runtime/runtime/runtime.go:28.38,30.4 1 1
rpc_plugin_system/kernel-runtime-supervision/peercred-runtime/runtime/runtime.go:31.3,31.20 1 1
rpc_plugin_system/kernel-runtime-supervision/peercred-runtime/runtime/runtime.go:31.20,33.4 1 1
rpc_plugin_system/kernel-runtime-supervision/peercred-runtime/runtime/runtime.go:34.8,34.32 1 1
rpc_plugin_system/kernel-runtime-supervision/peercred-runtime/runtime/runtime.go:34.32,36.3 1 1
rpc_plugin_system/kernel-runtime-supervision/peercred-runtime/runtime/runtime.go:37.2,37.48 1 1
rpc_plugin_system/kernel-runtime-supervision/peercred-runtime/runtime/runtime.go:37.48,39.3 1 1
rpc_plugin_system/kernel-runtime-supervision/peercred-runtime/runtime/runtime.go:40.2,40.45 1 1
rpc_plugin_system/kernel-runtime-supervision/peercred-runtime/runtime/runtime.go:40.45,42.3 1 1
rpc_plugin_system/kernel-runtime-supervision/peercred-runtime/runtime/runtime.go:43.2,43.12 1 1
rpc_plugin_system/kernel-runtime-supervision/peercred-runtime/runtime/runtime.go:47.47,49.2 1 1
rpc_plugin_system/kernel-runtime-supervision/peercred-runtime/runtime/runtime.go:52.45,54.2 1 1
rpc_plugin_system/kernel-runtime-supervision/peercred-runtime/runtime/runtime.go:57.58,60.16 3 1
rpc_plugin_system/kernel-runtime-supervision/peercred-runtime/runtime/runtime.go:60.16,62.3 1 1
rpc_plugin_system/kernel-runtime-supervision/peercred-runtime/runtime/runtime.go:63.2,63.54 1 1
rpc_plugin_system/kernel-runtime-supervision/peercred-runtime/runtime/runtime.go:63.54,67.3 3 1
rpc_plugin_system/kernel-runtime-supervision/peercred-runtime/runtime/runtime.go:68.2,68.22 1 1
rpc_plugin_system/kernel-runtime-supervision/peercred-runtime/runtime/runtime.go:72.44,73.16 1 1
rpc_plugin_system/kernel-runtime-supervision/peercred-runtime/runtime/runtime.go:73.16,75.3 1 1
rpc_plugin_system/kernel-runtime-supervision/peercred-runtime/runtime/runtime.go:76.2,76.27 1 1
rpc_plugin_system/kernel-runtime-supervision/peercred-runtime/runtime/runtime.go:76.27,78.3 1 1
rpc_plugin_system/kernel-runtime-supervision/peercred-runtime/runtime/runtime.go:79.2,80.16 2 1
rpc_plugin_system/kernel-runtime-supervision/peercred-runtime/runtime/runtime.go:80.16,82.3 1 1
rpc_plugin_system/kernel-runtime-supervision/peercred-runtime/runtime/runtime.go:83.2,83.37 1 1
rpc_plugin_system/kernel-runtime-supervision/peercred-runtime/runtime/runtime.go:83.37,85.3 1 1
rpc_plugin_system/kernel-runtime-supervision/peercred-runtime/runtime/runtime.go:86.2,86.30 1 1
rpc_plugin_system/kernel-runtime-supervision/peercred-runtime/runtime/runtime.go:86.30,88.3 1 1
rpc_plugin_system/kernel-runtime-supervision/peercred-runtime/runtime/runtime.go:89.2,89.28 1 1
rpc_plugin_system/kernel-runtime-supervision/peercred-runtime/runtime/runtime.go:89.28,91.3 1 1
rpc_plugin_system/kernel-runtime-supervision/peercred-runtime/runtime/runtime.go:92.2,92.35 1 1
rpc_plugin_system/kernel-runtime-supervision/peercred-runtime/runtime/runtime.go:92.35,94.3 1 1
rpc_plugin_system/kernel-runtime-supervision/peercred-runtime/runtime/runtime.go:95.2,95.12 1 1
rpc_plugin_system/plugin-authoring-sdk/go-runtime/plugin/example_minimal.go:8.24,10.16 2 1
rpc_plugin_system/plugin-authoring-sdk/go-runtime/plugin/example_minimal.go:10.16,11.13 1 1
rpc_plugin_system/plugin-authoring-sdk/go-runtime/plugin/example_minimal.go:14.2,16.55 2 1
rpc_plugin_system/plugin-authoring-sdk/go-runtime/plugin/example_minimal.go:16.55,17.13 1 1
rpc_plugin_system/plugin-authoring-sdk/go-runtime/plugin/logging.go:55.45,58.16 3 1
rpc_plugin_system/plugin-authoring-sdk/go-runtime/plugin/logging.go:58.16,60.3 1 1
rpc_plugin_system/plugin-authoring-sdk/go-runtime/plugin/logging.go:61.2,67.8 1 1
rpc_plugin_system/plugin-authoring-sdk/go-runtime/plugin/logging.go:71.32,72.14 1 1
rpc_plugin_system/plugin-authoring-sdk/go-runtime/plugin/logging.go:72.14,74.3 1 1
rpc_plugin_system/plugin-authoring-sdk/go-runtime/plugin/logging.go:75.2,75.15 1 1
rpc_plugin_system/plugin-authoring-sdk/go-runtime/plugin/logging.go:79.32,80.33 1 1
rpc_plugin_system/plugin-authoring-sdk/go-runtime/plugin/logging.go:80.33,82.3 1 1
rpc_plugin_system/plugin-authoring-sdk/go-runtime/plugin/logging.go:83.2,83.25 1 1
rpc_plugin_system/plugin-authoring-sdk/go-runtime/plugin/logging.go:87.46,88.33 1 1
rpc_plugin_system/plugin-authoring-sdk/go-runtime/plugin/logging.go:88.33,90.3 1 1
rpc_plugin_system/plugin-authoring-sdk/go-runtime/plugin/logging.go:91.2,91.27 1 1
rpc_plugin_system/plugin-authoring-sdk/go-runtime/plugin/logging.go:91.27,93.3 1 1
rpc_plugin_system/plugin-authoring-sdk/go-runtime/plugin/logging.go:94.2,94.26 1 1
rpc_plugin_system/plugin-authoring-sdk/go-runtime/plugin/logging.go:94.26,96.3 1 1
rpc_plugin_system/plugin-authoring-sdk/go-runtime/plugin/logging.go:97.2,97.29 1 1
rpc_plugin_system/plugin-authoring-sdk/go-runtime/plugin/logging.go:97.29,99.3 1 1
rpc_plugin_system/plugin-authoring-sdk/go-runtime/plugin/logging.go:100.2,100.20 1 1
rpc_plugin_system/plugin-authoring-sdk/go-runtime/plugin/logging.go:100.20,102.3 1 1
rpc_plugin_system/plugin-authoring-sdk/go-runtime/plugin/logging.go:103.2,103.23 1 1
rpc_plugin_system/plugin-authoring-sdk/go-runtime/plugin/logging.go:103.23,105.3 1 1
rpc_plugin_system/plugin-authoring-sdk/go-runtime/plugin/logging.go:106.2,106.30 1 1
rpc_plugin_system/plugin-authoring-sdk/go-runtime/plugin/plugin.go:85.39,87.2 1 1
rpc_plugin_system/plugin-authoring-sdk/go-runtime/plugin/plugin.go:118.42,120.16 2 1
rpc_plugin_system/plugin-authoring-sdk/go-runtime/plugin/plugin.go:120.16,122.3 1 1
rpc_plugin_system/plugin-authoring-sdk/go-runtime/plugin/plugin.go:123.2,124.20 2 1
rpc_plugin_system/plugin-authoring-sdk/go-runtime/plugin/plugin.go:124.20,126.3 1 1
rpc_plugin_system/plugin-authoring-sdk/go-runtime/plugin/plugin.go:127.2,128.18 2 1
rpc_plugin_system/plugin-authoring-sdk/go-runtime/plugin/plugin.go:128.18,130.3 1 1
rpc_plugin_system/plugin-authoring-sdk/go-runtime/plugin/plugin.go:131.2,132.16 2 1
rpc_plugin_system/plugin-authoring-sdk/go-runtime/plugin/plugin.go:132.16,134.3 1 1
rpc_plugin_system/plugin-authoring-sdk/go-runtime/plugin/plugin.go:135.2,136.20 2 1
rpc_plugin_system/plugin-authoring-sdk/go-runtime/plugin/plugin.go:136.20,138.3 1 1
rpc_plugin_system/plugin-authoring-sdk/go-runtime/plugin/plugin.go:139.2,140.16 2 1
rpc_plugin_system/plugin-authoring-sdk/go-runtime/plugin/plugin.go:140.16,142.3 1 1
rpc_plugin_system/plugin-authoring-sdk/go-runtime/plugin/plugin.go:143.2,143.119 1 1
rpc_plugin_system/plugin-authoring-sdk/go-runtime/plugin/plugin.go:146.29,148.16 2 1
rpc_plugin_system/plugin-authoring-sdk/go-runtime/plugin/plugin.go:148.16,150.3 1 1
rpc_plugin_system/plugin-authoring-sdk/go-runtime/plugin/plugin.go:151.2,151.35 1 1
rpc_plugin_system/plugin-authoring-sdk/go-runtime/plugin/plugin.go:154.75,156.2 1 1
rpc_plugin_system/plugin-authoring-sdk/go-runtime/plugin/plugin.go:158.51,159.17 1 1
rpc_plugin_system/plugin-authoring-sdk/go-runtime/plugin/plugin.go:159.17,161.3 1 1
rpc_plugin_system/plugin-authoring-sdk/go-runtime/plugin/plugin.go:162.2,163.16 2 1
rpc_plugin_system/plugin-authoring-sdk/go-runtime/plugin/plugin.go:163.16,165.3 1 1
rpc_plugin_system/plugin-authoring-sdk/go-runtime/plugin/plugin.go:166.2,171.16 5 1
rpc_plugin_system/plugin-authoring-sdk/go-runtime/plugin/plugin.go:171.16,174.3 2 1
rpc_plugin_system/plugin-authoring-sdk/go-runtime/plugin/plugin.go:175.2,175.39 1 1
rpc_plugin_system/plugin-authoring-sdk/go-runtime/plugin/plugin.go:175.39,177.3 1 1
rpc_plugin_system/plugin-authoring-sdk/go-runtime/plugin/plugin.go:178.2,183.72 5 1
rpc_plugin_system/plugin-authoring-sdk/go-runtime/plugin/plugin.go:183.72,186.3 2 1
rpc_plugin_system/plugin-authoring-sdk/go-runtime/plugin/plugin.go:187.2,187.6 1 1
rpc_plugin_system/plugin-authoring-sdk/go-runtime/plugin/plugin.go:187.6,189.17 2 1
rpc_plugin_system/plugin-authoring-sdk/go-runtime/plugin/plugin.go:189.17,192.4 2 1
rpc_plugin_system/plugin-authoring-sdk/go-runtime/plugin/plugin.go:193.3,193.31 1 1
rpc_plugin_system/plugin-authoring-sdk/go-runtime/plugin/plugin.go:197.45,198.44 1 1
rpc_plugin_system/plugin-authoring-sdk/go-runtime/plugin/plugin.go:198.44,200.3 1 1
rpc_plugin_system/plugin-authoring-sdk/go-runtime/plugin/plugin.go:201.2,202.30 2 1
rpc_plugin_system/plugin-authoring-sdk/go-runtime/plugin/plugin.go:202.30,204.3 1 1
rpc_plugin_system/plugin-authoring-sdk/go-runtime/plugin/plugin.go:205.2,205.31 1 1
rpc_plugin_system/plugin-authoring-sdk/go-runtime/plugin/plugin.go:205.31,207.3 1 1
rpc_plugin_system/plugin-authoring-sdk/go-runtime/plugin/plugin.go:208.2,208.31 1 1
rpc_plugin_system/plugin-authoring-sdk/go-runtime/plugin/plugin.go:208.31,210.3 1 1
rpc_plugin_system/plugin-authoring-sdk/go-runtime/plugin/plugin.go:211.2,211.13 1 1
rpc_plugin_system/plugin-authoring-sdk/go-runtime/plugin/plugin.go:214.64,215.21 1 1
rpc_plugin_system/plugin-authoring-sdk/go-runtime/plugin/plugin.go:215.21,217.3 1 1
rpc_plugin_system/plugin-authoring-sdk/go-runtime/plugin/plugin.go:218.2,218.39 1 1
rpc_plugin_system/plugin-authoring-sdk/go-runtime/plugin/plugin.go:218.39,219.48 1 1
rpc_plugin_system/plugin-authoring-sdk/go-runtime/plugin/plugin.go:219.48,220.23 1 1
rpc_plugin_system/plugin-authoring-sdk/go-runtime/plugin/plugin.go:220.23,222.5 1 1
rpc_plugin_system/plugin-authoring-sdk/go-runtime/plugin/plugin.go:223.4,223.14 1 1
rpc_plugin_system/plugin-authoring-sdk/go-runtime/plugin/plugin.go:226.2,228.79 3 1
rpc_plugin_system/plugin-authoring-sdk/go-runtime/plugin/plugin.go:228.79,229.22 1 1
rpc_plugin_system/plugin-authoring-sdk/go-runtime/plugin/plugin.go:229.22,231.4 1 1
rpc_plugin_system/plugin-authoring-sdk/go-runtime/plugin/plugin.go:232.3,232.26 1 1
rpc_plugin_system/plugin-authoring-sdk/go-runtime/plugin/plugin.go:234.2,237.43 4 1
rpc_plugin_system/plugin-authoring-sdk/go-runtime/plugin/plugin.go:237.43,239.3 1 1
rpc_plugin_system/plugin-authoring-sdk/go-runtime/plugin/plugin.go:240.2,241.21 2 1
rpc_plugin_system/plugin-authoring-sdk/go-runtime/plugin/plugin.go:241.21,243.3 1 1
rpc_plugin_system/plugin-authoring-sdk/go-runtime/plugin/plugin.go:244.2,244.12 1 1
rpc_plugin_system/plugin-authoring-sdk/go-runtime/plugin/plugin.go:247.73,248.58 1 1
rpc_plugin_system/plugin-authoring-sdk/go-runtime/plugin/plugin.go:248.58,250.3 1 1
rpc_plugin_system/plugin-authoring-sdk/go-runtime/plugin/plugin.go:251.2,253.43 3 1
rpc_plugin_system/plugin-authoring-sdk/go-runtime/plugin/plugin.go:253.43,255.3 1 1
rpc_plugin_system/plugin-authoring-sdk/go-runtime/plugin/plugin.go:256.2,257.21 2 1
rpc_plugin_system/plugin-authoring-sdk/go-runtime/plugin/plugin.go:257.21,259.3 1 1
rpc_plugin_system/plugin-authoring-sdk/go-runtime/plugin/plugin.go:260.2,260.12 1 1
rpc_plugin_system/plugin-authoring-sdk/go-runtime/plugin/plugin.go:263.68,264.55 1 1
rpc_plugin_system/plugin-authoring-sdk/go-runtime/plugin/plugin.go:264.55,266.3 1 1
rpc_plugin_system/plugin-authoring-sdk/go-runtime/plugin/plugin.go:267.2,269.12 3 1
rpc_plugin_system/plugin-authoring-sdk/go-runtime/plugin/plugin.go:272.55,273.54 1 1
rpc_plugin_system/plugin-authoring-sdk/go-runtime/plugin/plugin.go:273.54,275.3 1 1
rpc_plugin_system/plugin-authoring-sdk/go-runtime/plugin/plugin.go:276.2,276.21 1 1
rpc_plugin_system/plugin-authoring-sdk/go-runtime/plugin/plugin.go:276.21,278.3 1 1
rpc_plugin_system/plugin-authoring-sdk/go-runtime/plugin/plugin.go:279.2,281.12 3 1
rpc_plugin_system/plugin-authoring-sdk/go-runtime/plugin/plugin.go:284.64,285.50 1 1
rpc_plugin_system/plugin-authoring-sdk/go-runtime/plugin/plugin.go:285.50,287.3 1 1
rpc_plugin_system/plugin-authoring-sdk/go-runtime/plugin/plugin.go:288.2,289.9 2 1
rpc_plugin_system/plugin-authoring-sdk/go-runtime/plugin/plugin.go:289.9,293.3 3 1
rpc_plugin_system/plugin-authoring-sdk/go-runtime/plugin/plugin.go:294.2,296.12 3 1
rpc_plugin_system/plugin-authoring-sdk/go-runtime/plugin/plugin.go:299.59,300.51 1 1
rpc_plugin_system/plugin-authoring-sdk/go-runtime/plugin/plugin.go:300.51,302.3 1 1
rpc_plugin_system/plugin-authoring-sdk/go-runtime/plugin/plugin.go:303.2,304.9 2 1
rpc_plugin_system/plugin-authoring-sdk/go-runtime/plugin/plugin.go:304.9,308.3 3 1
rpc_plugin_system/plugin-authoring-sdk/go-runtime/plugin/plugin.go:309.2,311.12 3 1
rpc_plugin_system/plugin-authoring-sdk/go-runtime/plugin/plugin.go:314.59,315.51 1 1
rpc_plugin_system/plugin-authoring-sdk/go-runtime/plugin/plugin.go:315.51,317.3 1 1
rpc_plugin_system/plugin-authoring-sdk/go-runtime/plugin/plugin.go:318.2,319.9 2 1
rpc_plugin_system/plugin-authoring-sdk/go-runtime/plugin/plugin.go:319.9,323.3 3 1
rpc_plugin_system/plugin-authoring-sdk/go-runtime/plugin/plugin.go:324.2,326.12 3 1
rpc_plugin_system/plugin-authoring-sdk/go-runtime/plugin/plugin.go:329.51,332.16 3 1
rpc_plugin_system/plugin-authoring-sdk/go-runtime/plugin/plugin.go:332.16,334.3 1 1
rpc_plugin_system/plugin-authoring-sdk/go-runtime/plugin/plugin.go:335.2,336.21 2 1
rpc_plugin_system/plugin-authoring-sdk/go-runtime/plugin/plugin.go:336.21,338.3 1 1
rpc_plugin_system/plugin-authoring-sdk/go-runtime/plugin/plugin.go:339.2,340.12 2 1
rpc_plugin_system/plugin-authoring-sdk/go-runtime/plugin/plugin.go:343.51,344.21 1 1
rpc_plugin_system/plugin-authoring-sdk/go-runtime/plugin/plugin.go:344.21,346.3 1 1
rpc_plugin_system/plugin-authoring-sdk/go-runtime/plugin/plugin.go:347.2,347.16 1 1
rpc_plugin_system/plugin-authoring-sdk/go-runtime/plugin/plugin.go:347.16,350.3 2 1
rpc_plugin_system/plugin-authoring-sdk/go-runtime/plugin/plugin.go:351.2,351.121 1 1
rpc_plugin_system/plugin-authoring-sdk/go-runtime/plugin/template.go:16.62,17.19 1 1
rpc_plugin_system/plugin-authoring-sdk/go-runtime/plugin/template.go:17.19,19.3 1 1
rpc_plugin_system/plugin-authoring-sdk/go-runtime/plugin/template.go:20.2,25.3 1 1
rpc_plugin_system/plugin-authoring-sdk/go-runtime/plugin/template.go:29.43,31.2 1 1
rpc_plugin_system/plugin-authoring-sdk/go-runtime/plugin/template.go:34.75,43.2 2 1
rpc_plugin_system/plugin-authoring-sdk/go-runtime/plugin/template.go:46.60,48.2 1 1
rpc_plugin_system/plugin-authoring-sdk/failure-example/rpcplugin-failure/main.go:22.42,22.62 1 1
rpc_plugin_system/plugin-authoring-sdk/failure-example/rpcplugin-failure/main.go:24.53,26.31 2 1
rpc_plugin_system/plugin-authoring-sdk/failure-example/rpcplugin-failure/main.go:26.31,28.3 1 1
rpc_plugin_system/plugin-authoring-sdk/failure-example/rpcplugin-failure/main.go:29.2,29.78 1 1
rpc_plugin_system/plugin-authoring-sdk/failure-example/rpcplugin-failure/main.go:32.67,33.25 1 1
rpc_plugin_system/plugin-authoring-sdk/failure-example/rpcplugin-failure/main.go:33.25,35.3 1 1
rpc_plugin_system/plugin-authoring-sdk/failure-example/rpcplugin-failure/main.go:36.2,36.12 1 1
rpc_plugin_system/plugin-authoring-sdk/failure-example/rpcplugin-failure/main.go:39.64,41.49 2 1
rpc_plugin_system/plugin-authoring-sdk/failure-example/rpcplugin-failure/main.go:41.49,43.3 1 1
rpc_plugin_system/plugin-authoring-sdk/failure-example/rpcplugin-failure/main.go:46.88,47.53 1 1
rpc_plugin_system/plugin-authoring-sdk/failure-example/rpcplugin-failure/main.go:47.53,49.3 1 1
rpc_plugin_system/plugin-authoring-sdk/failure-example/rpcplugin-failure/main.go:50.2,50.36 1 1
rpc_plugin_system/plugin-authoring-sdk/failure-example/rpcplugin-failure/main.go:50.36,53.3 2 1
rpc_plugin_system/plugin-authoring-sdk/failure-example/rpcplugin-failure/main.go:54.2,55.31 2 1
rpc_plugin_system/plugin-authoring-sdk/failure-example/rpcplugin-failure/main.go:55.31,57.3 1 1
rpc_plugin_system/plugin-authoring-sdk/failure-example/rpcplugin-failure/main.go:58.2,65.12 2 1
rpc_plugin_system/plugin-authoring-sdk/failure-example/rpcplugin-failure/main.go:68.85,69.28 1 1
rpc_plugin_system/plugin-authoring-sdk/failure-example/rpcplugin-failure/main.go:69.28,71.3 1 1
rpc_plugin_system/plugin-authoring-sdk/failure-example/rpcplugin-failure/main.go:72.2,72.49 1 1
rpc_plugin_system/plugin-authoring-sdk/failure-example/rpcplugin-failure/main.go:72.49,74.3 1 1
rpc_plugin_system/plugin-authoring-sdk/failure-example/rpcplugin-failure/main.go:75.2,76.12 2 1
rpc_plugin_system/plugin-authoring-sdk/failure-example/rpcplugin-failure/main.go:79.78,81.16 2 1
rpc_plugin_system/plugin-authoring-sdk/failure-example/rpcplugin-failure/main.go:81.16,83.3 1 1
rpc_plugin_system/plugin-authoring-sdk/failure-example/rpcplugin-failure/main.go:84.2,85.12 2 1
rpc_plugin_system/plugin-authoring-sdk/failure-example/rpcplugin-failure/main.go:88.78,91.2 2 1
rpc_plugin_system/plugin-authoring-sdk/failure-example/rpcplugin-failure/main.go:93.73,94.12 1 1
rpc_plugin_system/plugin-authoring-sdk/failure-example/rpcplugin-failure/main.go:94.12,95.73 1 1
rpc_plugin_system/plugin-authoring-sdk/failure-example/rpcplugin-failure/main.go:95.73,97.4 1 1
rpc_plugin_system/plugin-authoring-sdk/failure-example/rpcplugin-failure/main.go:98.3,99.13 2 1
rpc_plugin_system/plugin-authoring-sdk/failure-example/rpcplugin-failure/main.go:101.2,101.12 1 1
rpc_plugin_system/plugin-authoring-sdk/failure-example/rpcplugin-failure/main.go:104.49,105.44 1 1
rpc_plugin_system/plugin-authoring-sdk/failure-example/rpcplugin-failure/main.go:105.44,107.3 1 1
rpc_plugin_system/plugin-authoring-sdk/failure-example/rpcplugin-failure/main.go:108.2,108.44 1 1
rpc_plugin_system/plugin-authoring-sdk/failure-example/rpcplugin-failure/main.go:108.44,110.3 1 1
rpc_plugin_system/plugin-authoring-sdk/failure-example/rpcplugin-failure/main.go:111.2,111.68 1 1
rpc_plugin_system/plugin-authoring-sdk/failure-example/rpcplugin-failure/main.go:114.18,116.16 2 1
rpc_plugin_system/plugin-authoring-sdk/failure-example/rpcplugin-failure/main.go:116.16,118.3 1 1
rpc_plugin_system/plugin-authoring-sdk/failure-example/rpcplugin-failure/main.go:119.2,120.16 2 1
rpc_plugin_system/plugin-authoring-sdk/failure-example/rpcplugin-failure/main.go:120.16,122.3 1 1
rpc_plugin_system/plugin-authoring-sdk/failure-example/rpcplugin-failure/main.go:123.2,127.55 5 1
rpc_plugin_system/plugin-authoring-sdk/failure-example/rpcplugin-failure/main.go:127.55,130.3 2 1
rpc_plugin_system/plugin-authoring-sdk/failure-example/rpcplugin-failure/main.go:131.2,131.12 1 1
rpc_plugin_system/plugin-authoring-sdk/failure-example/rpcplugin-failure/main.go:134.13,135.30 1 1
rpc_plugin_system/plugin-authoring-sdk/failure-example/rpcplugin-failure/main.go:135.30,136.13 1 1
rpc_plugin_system/release-packaging-governance/go-build-deps/testroot/root.go:18.38,22.16 3 1
rpc_plugin_system/release-packaging-governance/go-build-deps/testroot/root.go:22.16,24.3 1 1
rpc_plugin_system/release-packaging-governance/go-build-deps/testroot/root.go:25.2,25.12 1 1
rpc_plugin_system/release-packaging-governance/go-build-deps/testroot/root.go:28.103,30.16 2 1
rpc_plugin_system/release-packaging-governance/go-build-deps/testroot/root.go:30.16,32.3 1 1
rpc_plugin_system/release-packaging-governance/go-build-deps/testroot/root.go:33.2,33.6 1 1
rpc_plugin_system/release-packaging-governance/go-build-deps/testroot/root.go:33.6,34.63 1 1
rpc_plugin_system/release-packaging-governance/go-build-deps/testroot/root.go:34.63,36.4 1 1
rpc_plugin_system/release-packaging-governance/go-build-deps/testroot/root.go:36.9,36.33 1 1
rpc_plugin_system/release-packaging-governance/go-build-deps/testroot/root.go:36.33,38.4 1 1
rpc_plugin_system/release-packaging-governance/go-build-deps/testroot/root.go:39.3,40.18 2 1
rpc_plugin_system/release-packaging-governance/go-build-deps/testroot/root.go:40.18,42.4 1 1
rpc_plugin_system/release-packaging-governance/go-build-deps/testroot/root.go:43.3,43.13 1 1
rpc_plugin_system/plugin-authoring-sdk/echo-example/rpcplugin-echo/main.go:15.82,18.2 2 1
rpc_plugin_system/plugin-authoring-sdk/echo-example/rpcplugin-echo/main.go:20.75,23.2 2 1
rpc_plugin_system/plugin-authoring-sdk/echo-example/rpcplugin-echo/main.go:31.75,34.2 2 1
rpc_plugin_system/plugin-authoring-sdk/echo-example/rpcplugin-echo/main.go:36.70,37.12 1 1
rpc_plugin_system/plugin-authoring-sdk/echo-example/rpcplugin-echo/main.go:37.12,38.73 1 1
rpc_plugin_system/plugin-authoring-sdk/echo-example/rpcplugin-echo/main.go:38.73,40.4 1 1
rpc_plugin_system/plugin-authoring-sdk/echo-example/rpcplugin-echo/main.go:41.3,42.17 2 1
rpc_plugin_system/plugin-authoring-sdk/echo-example/rpcplugin-echo/main.go:44.2,44.12 1 1
rpc_plugin_system/plugin-authoring-sdk/echo-example/rpcplugin-echo/main.go:47.18,49.16 2 1
rpc_plugin_system/plugin-authoring-sdk/echo-example/rpcplugin-echo/main.go:49.16,51.3 1 1
rpc_plugin_system/plugin-authoring-sdk/echo-example/rpcplugin-echo/main.go:52.2,53.16 2 1
rpc_plugin_system/plugin-authoring-sdk/echo-example/rpcplugin-echo/main.go:53.16,55.3 1 1
rpc_plugin_system/plugin-authoring-sdk/echo-example/rpcplugin-echo/main.go:56.2,60.48 4 1
rpc_plugin_system/plugin-authoring-sdk/echo-example/rpcplugin-echo/main.go:60.48,63.3 2 1
rpc_plugin_system/plugin-authoring-sdk/echo-example/rpcplugin-echo/main.go:64.2,64.12 1 1
rpc_plugin_system/plugin-authoring-sdk/echo-example/rpcplugin-echo/main.go:67.13,68.36 1 1
rpc_plugin_system/plugin-authoring-sdk/echo-example/rpcplugin-echo/main.go:68.36,69.13 1 1
rpc_plugin_system/control-plane-ops/admin-rpc/adminrpc/adminrpc.go:64.64,65.19 1 1
rpc_plugin_system/control-plane-ops/admin-rpc/adminrpc/adminrpc.go:65.19,67.3 1 1
rpc_plugin_system/control-plane-ops/admin-rpc/adminrpc/adminrpc.go:68.2,69.12 2 1
rpc_plugin_system/control-plane-ops/admin-rpc/adminrpc/adminrpc.go:73.65,74.19 1 1
rpc_plugin_system/control-plane-ops/admin-rpc/adminrpc/adminrpc.go:74.19,76.3 1 1
rpc_plugin_system/control-plane-ops/admin-rpc/adminrpc/adminrpc.go:77.2,78.12 2 1
rpc_plugin_system/control-plane-ops/admin-rpc/adminrpc/adminrpc.go:82.69,83.19 1 1
rpc_plugin_system/control-plane-ops/admin-rpc/adminrpc/adminrpc.go:83.19,85.3 1 1
rpc_plugin_system/control-plane-ops/admin-rpc/adminrpc/adminrpc.go:86.2,86.61 1 1
rpc_plugin_system/control-plane-ops/admin-rpc/adminrpc/adminrpc.go:86.61,88.3 1 1
rpc_plugin_system/control-plane-ops/admin-rpc/adminrpc/adminrpc.go:89.2,90.16 2 1
rpc_plugin_system/control-plane-ops/admin-rpc/adminrpc/adminrpc.go:90.16,92.3 1 1
rpc_plugin_system/control-plane-ops/admin-rpc/adminrpc/adminrpc.go:93.2,94.12 2 1
rpc_plugin_system/control-plane-ops/admin-rpc/adminrpc/adminrpc.go:98.73,99.19 1 1
rpc_plugin_system/control-plane-ops/admin-rpc/adminrpc/adminrpc.go:99.19,101.3 1 1
rpc_plugin_system/control-plane-ops/admin-rpc/adminrpc/adminrpc.go:102.2,104.12 3 1
rpc_plugin_system/control-plane-ops/admin-rpc/adminrpc/adminrpc.go:108.62,109.19 1 1
rpc_plugin_system/control-plane-ops/admin-rpc/adminrpc/adminrpc.go:109.19,111.3 1 1
rpc_plugin_system/control-plane-ops/admin-rpc/adminrpc/adminrpc.go:112.2,114.12 3 1
rpc_plugin_system/control-plane-ops/admin-rpc/adminrpc/adminrpc.go:118.79,119.19 1 1
rpc_plugin_system/control-plane-ops/admin-rpc/adminrpc/adminrpc.go:119.19,121.3 1 1
rpc_plugin_system/control-plane-ops/admin-rpc/adminrpc/adminrpc.go:122.2,122.61 1 1
rpc_plugin_system/control-plane-ops/admin-rpc/adminrpc/adminrpc.go:122.61,124.3 1 1
rpc_plugin_system/control-plane-ops/admin-rpc/adminrpc/adminrpc.go:125.2,126.16 2 1
rpc_plugin_system/control-plane-ops/admin-rpc/adminrpc/adminrpc.go:126.16,128.3 1 1
rpc_plugin_system/control-plane-ops/admin-rpc/adminrpc/adminrpc.go:129.2,130.12 2 1
rpc_plugin_system/control-plane-ops/admin-rpc/adminrpc/adminrpc.go:134.94,135.19 1 1
rpc_plugin_system/control-plane-ops/admin-rpc/adminrpc/adminrpc.go:135.19,137.3 1 1
rpc_plugin_system/control-plane-ops/admin-rpc/adminrpc/adminrpc.go:138.2,138.61 1 1
rpc_plugin_system/control-plane-ops/admin-rpc/adminrpc/adminrpc.go:138.61,140.3 1 1
rpc_plugin_system/control-plane-ops/admin-rpc/adminrpc/adminrpc.go:141.2,142.16 2 1
rpc_plugin_system/control-plane-ops/admin-rpc/adminrpc/adminrpc.go:142.16,144.3 1 1
rpc_plugin_system/control-plane-ops/admin-rpc/adminrpc/adminrpc.go:145.2,146.12 2 1
rpc_plugin_system/control-plane-ops/admin-rpc/adminrpc/adminrpc.go:150.71,151.19 1 1
rpc_plugin_system/control-plane-ops/admin-rpc/adminrpc/adminrpc.go:151.19,153.3 1 1
rpc_plugin_system/control-plane-ops/admin-rpc/adminrpc/adminrpc.go:154.2,154.61 1 1
rpc_plugin_system/control-plane-ops/admin-rpc/adminrpc/adminrpc.go:154.61,156.3 1 1
rpc_plugin_system/control-plane-ops/admin-rpc/adminrpc/adminrpc.go:157.2,158.16 2 1
rpc_plugin_system/control-plane-ops/admin-rpc/adminrpc/adminrpc.go:158.16,160.3 1 1
rpc_plugin_system/control-plane-ops/admin-rpc/adminrpc/adminrpc.go:161.2,162.12 2 1
rpc_plugin_system/control-plane-ops/admin-rpc/adminrpc/adminrpc.go:169.77,171.2 1 1
rpc_plugin_system/control-plane-ops/admin-rpc/adminrpc/adminrpc.go:173.146,175.16 2 1
rpc_plugin_system/control-plane-ops/admin-rpc/adminrpc/adminrpc.go:175.16,177.3 1 1
rpc_plugin_system/control-plane-ops/admin-rpc/adminrpc/adminrpc.go:178.2,178.15 1 1
rpc_plugin_system/control-plane-ops/admin-rpc/adminrpc/adminrpc.go:178.15,181.3 2 1
rpc_plugin_system/control-plane-ops/admin-rpc/adminrpc/adminrpc.go:183.2,184.54 2 1
rpc_plugin_system/control-plane-ops/admin-rpc/adminrpc/adminrpc.go:184.54,186.3 1 1
rpc_plugin_system/control-plane-ops/admin-rpc/adminrpc/adminrpc.go:188.2,188.12 1 1
rpc_plugin_system/control-plane-ops/admin-rpc/adminrpc/adminrpc.go:188.12,191.3 2 1
rpc_plugin_system/control-plane-ops/admin-rpc/adminrpc/adminrpc.go:193.2,193.6 1 1
rpc_plugin_system/control-plane-ops/admin-rpc/adminrpc/adminrpc.go:193.6,195.17 2 1
rpc_plugin_system/control-plane-ops/admin-rpc/adminrpc/adminrpc.go:195.17,196.11 1 1
rpc_plugin_system/control-plane-ops/admin-rpc/adminrpc/adminrpc.go:197.22,198.15 1 1
rpc_plugin_system/control-plane-ops/admin-rpc/adminrpc/adminrpc.go:199.12,200.54 1 1
rpc_plugin_system/control-plane-ops/admin-rpc/adminrpc/adminrpc.go:203.3,203.28 1 1
rpc_plugin_system/control-plane-ops/admin-rpc/adminrpc/adminrpc.go:207.72,208.79 1 1
rpc_plugin_system/control-plane-ops/admin-rpc/adminrpc/adminrpc.go:208.79,210.3 1 1
rpc_plugin_system/control-plane-ops/admin-rpc/adminrpc/adminrpc.go:211.2,211.12 1 1
rpc_plugin_system/control-plane-ops/admin-rpc/adminrpc/adminrpc.go:215.74,217.16 2 1
rpc_plugin_system/control-plane-ops/admin-rpc/adminrpc/adminrpc.go:217.16,219.3 1 1
rpc_plugin_system/control-plane-ops/admin-rpc/adminrpc/adminrpc.go:220.2,220.33 1 1
rpc_plugin_system/control-plane-ops/cli-status-control/rpcpluginctl/args.go:23.57,24.33 1 1
rpc_plugin_system/control-plane-ops/cli-status-control/rpcpluginctl/args.go:24.33,26.18 2 1
rpc_plugin_system/control-plane-ops/cli-status-control/rpcpluginctl/args.go:26.18,27.24 1 1
rpc_plugin_system/control-plane-ops/cli-status-control/rpcpluginctl/args.go:27.24,29.5 1 1
rpc_plugin_system/control-plane-ops/cli-status-control/rpcpluginctl/args.go:30.4,30.53 1 1
rpc_plugin_system/control-plane-ops/cli-status-control/rpcpluginctl/args.go:32.3,32.22 1 1
rpc_plugin_system/control-plane-ops/cli-status-control/rpcpluginctl/args.go:32.22,34.12 2 1
rpc_plugin_system/control-plane-ops/cli-status-control/rpcpluginctl/args.go:36.3,36.22 1 1
rpc_plugin_system/control-plane-ops/cli-status-control/rpcpluginctl/args.go:36.22,37.12 1 1
rpc_plugin_system/control-plane-ops/cli-status-control/rpcpluginctl/args.go:39.3,39.34 1 1
rpc_plugin_system/control-plane-ops/cli-status-control/rpcpluginctl/args.go:39.34,40.12 1 1
rpc_plugin_system/control-plane-ops/cli-status-control/rpcpluginctl/args.go:42.3,42.46 1 1
rpc_plugin_system/control-plane-ops/cli-status-control/rpcpluginctl/args.go:44.2,44.17 1 1
rpc_plugin_system/control-plane-ops/cli-status-control/rpcpluginctl/args.go:47.34,48.39 1 1
rpc_plugin_system/control-plane-ops/cli-status-control/rpcpluginctl/args.go:48.39,50.3 1 1
rpc_plugin_system/control-plane-ops/cli-status-control/rpcpluginctl/args.go:51.2,51.40 1 1
rpc_plugin_system/control-plane-ops/cli-status-control/rpcpluginctl/args.go:51.40,52.43 1 1
rpc_plugin_system/control-plane-ops/cli-status-control/rpcpluginctl/args.go:52.43,54.4 1 1
rpc_plugin_system/control-plane-ops/cli-status-control/rpcpluginctl/args.go:56.2,56.14 1 1
rpc_plugin_system/control-plane-ops/cli-status-control/rpcpluginctl/args.go:59.34,60.33 1 1
rpc_plugin_system/control-plane-ops/cli-status-control/rpcpluginctl/args.go:60.33,62.3 1 1
rpc_plugin_system/control-plane-ops/cli-status-control/rpcpluginctl/args.go:63.2,63.34 1 1
rpc_plugin_system/control-plane-ops/cli-status-control/rpcpluginctl/args.go:63.34,64.58 1 1
rpc_plugin_system/control-plane-ops/cli-status-control/rpcpluginctl/args.go:64.58,66.4 1 1
rpc_plugin_system/control-plane-ops/cli-status-control/rpcpluginctl/args.go:68.2,68.14 1 1
rpc_plugin_system/control-plane-ops/cli-status-control/rpcpluginctl/main.go:21.13,23.2 1 1
rpc_plugin_system/control-plane-ops/cli-status-control/rpcpluginctl/main.go:31.36,32.18 1 1
rpc_plugin_system/control-plane-ops/cli-status-control/rpcpluginctl/main.go:32.18,34.3 1 1
rpc_plugin_system/control-plane-ops/cli-status-control/rpcpluginctl/main.go:35.2,35.22 1 1
rpc_plugin_system/control-plane-ops/cli-status-control/rpcpluginctl/main.go:35.22,37.3 1 1
rpc_plugin_system/control-plane-ops/cli-status-control/rpcpluginctl/main.go:38.2,38.18 1 1
rpc_plugin_system/control-plane-ops/cli-status-control/rpcpluginctl/main.go:38.18,40.3 1 1
rpc_plugin_system/control-plane-ops/cli-status-control/rpcpluginctl/main.go:41.2,41.10 1 1
rpc_plugin_system/control-plane-ops/cli-status-control/rpcpluginctl/main.go:44.67,47.25 3 1
rpc_plugin_system/control-plane-ops/cli-status-control/rpcpluginctl/main.go:47.25,49.3 1 1
rpc_plugin_system/control-plane-ops/cli-status-control/rpcpluginctl/main.go:50.2,50.30 1 1
rpc_plugin_system/control-plane-ops/cli-status-control/rpcpluginctl/main.go:50.30,53.3 2 1
rpc_plugin_system/control-plane-ops/cli-status-control/rpcpluginctl/main.go:54.2,54.46 1 1
rpc_plugin_system/control-plane-ops/cli-status-control/rpcpluginctl/main.go:54.46,57.3 2 1
rpc_plugin_system/control-plane-ops/cli-status-control/rpcpluginctl/main.go:58.2,58.20 1 1
rpc_plugin_system/control-plane-ops/cli-status-control/rpcpluginctl/main.go:58.20,60.3 1 1
rpc_plugin_system/control-plane-ops/cli-status-control/rpcpluginctl/main.go:61.2,62.19 2 1
rpc_plugin_system/control-plane-ops/cli-status-control/rpcpluginctl/main.go:62.19,64.3 1 1
rpc_plugin_system/control-plane-ops/cli-status-control/rpcpluginctl/main.go:66.2,82.43 4 1
rpc_plugin_system/control-plane-ops/cli-status-control/rpcpluginctl/main.go:82.43,84.3 1 1
rpc_plugin_system/control-plane-ops/cli-status-control/rpcpluginctl/main.go:85.2,85.20 1 1
rpc_plugin_system/control-plane-ops/cli-status-control/rpcpluginctl/main.go:85.20,87.3 1 1
rpc_plugin_system/control-plane-ops/cli-status-control/rpcpluginctl/main.go:88.2,88.77 1 1
rpc_plugin_system/control-plane-ops/cli-status-control/rpcpluginctl/main.go:88.77,90.3 1 1
rpc_plugin_system/control-plane-ops/cli-status-control/rpcpluginctl/main.go:92.2,92.17 1 1
rpc_plugin_system/control-plane-ops/cli-status-control/rpcpluginctl/main.go:93.95,95.17 2 1
rpc_plugin_system/control-plane-ops/cli-status-control/rpcpluginctl/main.go:95.17,97.4 1 1
rpc_plugin_system/control-plane-ops/cli-status-control/rpcpluginctl/main.go:98.3,100.18 2 1
rpc_plugin_system/control-plane-ops/cli-status-control/rpcpluginctl/main.go:101.28,104.18 3 1
rpc_plugin_system/control-plane-ops/cli-status-control/rpcpluginctl/main.go:104.18,106.5 1 1
rpc_plugin_system/control-plane-ops/cli-status-control/rpcpluginctl/main.go:107.4,107.60 1 1
rpc_plugin_system/control-plane-ops/cli-status-control/rpcpluginctl/main.go:107.60,109.5 1 1
rpc_plugin_system/control-plane-ops/cli-status-control/rpcpluginctl/main.go:110.17,113.18 3 1
rpc_plugin_system/control-plane-ops/cli-status-control/rpcpluginctl/main.go:113.18,115.5 1 1
rpc_plugin_system/control-plane-ops/cli-status-control/rpcpluginctl/main.go:116.4,116.56 1 1
rpc_plugin_system/control-plane-ops/cli-status-control/rpcpluginctl/main.go:116.56,118.5 1 1
rpc_plugin_system/control-plane-ops/cli-status-control/rpcpluginctl/main.go:119.23,122.18 3 1
rpc_plugin_system/control-plane-ops/cli-status-control/rpcpluginctl/main.go:122.18,124.5 1 1
rpc_plugin_system/control-plane-ops/cli-status-control/rpcpluginctl/main.go:125.4,125.62 1 1
rpc_plugin_system/control-plane-ops/cli-status-control/rpcpluginctl/main.go:125.62,127.5 1 1
rpc_plugin_system/control-plane-ops/cli-status-control/rpcpluginctl/main.go:128.17,131.18 3 1
rpc_plugin_system/control-plane-ops/cli-status-control/rpcpluginctl/main.go:131.18,133.5 1 1
rpc_plugin_system/control-plane-ops/cli-status-control/rpcpluginctl/main.go:134.4,134.55 1 1
rpc_plugin_system/control-plane-ops/cli-status-control/rpcpluginctl/main.go:134.55,136.5 1 1
rpc_plugin_system/control-plane-ops/cli-status-control/rpcpluginctl/main.go:137.20,140.18 3 1
rpc_plugin_system/control-plane-ops/cli-status-control/rpcpluginctl/main.go:140.18,142.5 1 1
rpc_plugin_system/control-plane-ops/cli-status-control/rpcpluginctl/main.go:143.4,143.51 1 1
rpc_plugin_system/control-plane-ops/cli-status-control/rpcpluginctl/main.go:143.51,145.5 1 1
rpc_plugin_system/control-plane-ops/cli-status-control/rpcpluginctl/main.go:146.15,149.18 3 1
rpc_plugin_system/control-plane-ops/cli-status-control/rpcpluginctl/main.go:149.18,151.5 1 1
rpc_plugin_system/control-plane-ops/cli-status-control/rpcpluginctl/main.go:152.4,152.52 1 1
rpc_plugin_system/control-plane-ops/cli-status-control/rpcpluginctl/main.go:152.52,154.5 1 1
rpc_plugin_system/control-plane-ops/cli-status-control/rpcpluginctl/main.go:155.18,158.18 3 1
rpc_plugin_system/control-plane-ops/cli-status-control/rpcpluginctl/main.go:158.18,160.5 1 1
rpc_plugin_system/control-plane-ops/cli-status-control/rpcpluginctl/main.go:161.4,161.56 1 1
rpc_plugin_system/control-plane-ops/cli-status-control/rpcpluginctl/main.go:161.56,163.5 1 1
rpc_plugin_system/control-plane-ops/cli-status-control/rpcpluginctl/main.go:165.14,167.17 2 1
rpc_plugin_system/control-plane-ops/cli-status-control/rpcpluginctl/main.go:167.17,169.4 1 1
rpc_plugin_system/control-plane-ops/cli-status-control/rpcpluginctl/main.go:170.3,179.17 2 1
rpc_plugin_system/control-plane-ops/cli-status-control/rpcpluginctl/main.go:179.17,181.4 1 1
rpc_plugin_system/control-plane-ops/cli-status-control/rpcpluginctl/main.go:182.3,183.17 2 1
rpc_plugin_system/control-plane-ops/cli-status-control/rpcpluginctl/main.go:183.17,185.4 1 1
rpc_plugin_system/control-plane-ops/cli-status-control/rpcpluginctl/main.go:186.3,186.15 1 1
rpc_plugin_system/control-plane-ops/cli-status-control/rpcpluginctl/main.go:186.15,188.25 2 1
rpc_plugin_system/control-plane-ops/cli-status-control/rpcpluginctl/main.go:188.25,189.59 1 1
rpc_plugin_system/control-plane-ops/cli-status-control/rpcpluginctl/main.go:189.59,191.6 1 1
rpc_plugin_system/control-plane-ops/cli-status-control/rpcpluginctl/main.go:192.5,192.13 1 1
rpc_plugin_system/control-plane-ops/cli-status-control/rpcpluginctl/main.go:194.4,194.58 1 1
rpc_plugin_system/control-plane-ops/cli-status-control/rpcpluginctl/main.go:194.58,196.5 1 1
rpc_plugin_system/control-plane-ops/cli-status-control/rpcpluginctl/main.go:197.4,197.12 1 1
rpc_plugin_system/control-plane-ops/cli-status-control/rpcpluginctl/main.go:199.3,199.24 1 1
rpc_plugin_system/control-plane-ops/cli-status-control/rpcpluginctl/main.go:199.24,200.62 1 1
rpc_plugin_system/control-plane-ops/cli-status-control/rpcpluginctl/main.go:200.62,202.5 1 1
rpc_plugin_system/control-plane-ops/cli-status-control/rpcpluginctl/main.go:203.4,203.12 1 1
rpc_plugin_system/control-plane-ops/cli-status-control/rpcpluginctl/main.go:205.3,205.61 1 1
rpc_plugin_system/control-plane-ops/cli-status-control/rpcpluginctl/main.go:205.61,207.4 1 1
rpc_plugin_system/control-plane-ops/cli-status-control/rpcpluginctl/main.go:208.30,210.11 2 1
rpc_plugin_system/control-plane-ops/cli-status-control/rpcpluginctl/main.go:211.10,212.134 1 1
rpc_plugin_system/control-plane-ops/cli-status-control/rpcpluginctl/main.go:214.2,214.10 1 1
rpc_plugin_system/control-plane-ops/cli-status-control/rpcpluginctl/main.go:217.80,218.17 1 1
rpc_plugin_system/control-plane-ops/cli-status-control/rpcpluginctl/main.go:219.48,220.21 1 1
rpc_plugin_system/control-plane-ops/cli-status-control/rpcpluginctl/main.go:220.21,222.4 1 1
rpc_plugin_system/control-plane-ops/cli-status-control/rpcpluginctl/main.go:224.2,224.20 1 1
rpc_plugin_system/control-plane-ops/cli-status-control/rpcpluginctl/main.go:224.20,225.59 1 1
rpc_plugin_system/control-plane-ops/cli-status-control/rpcpluginctl/main.go:225.59,227.4 1 1
rpc_plugin_system/control-plane-ops/cli-status-control/rpcpluginctl/main.go:229.2,229.23 1 1
rpc_plugin_system/control-plane-ops/cli-status-control/rpcpluginctl/main.go:229.23,230.16 1 1
rpc_plugin_system/control-plane-ops/cli-status-control/rpcpluginctl/main.go:230.16,232.4 1 1
rpc_plugin_system/control-plane-ops/cli-status-control/rpcpluginctl/main.go:233.3,233.17 1 1
rpc_plugin_system/control-plane-ops/cli-status-control/rpcpluginctl/main.go:234.23,234.23 0 1
rpc_plugin_system/control-plane-ops/cli-status-control/rpcpluginctl/main.go:235.11,236.73 1 1
rpc_plugin_system/control-plane-ops/cli-status-control/rpcpluginctl/main.go:239.2,239.12 1 1
rpc_plugin_system/control-plane-ops/cli-status-control/rpcpluginctl/main.go:242.66,243.20 1 1
rpc_plugin_system/control-plane-ops/cli-status-control/rpcpluginctl/main.go:243.20,245.3 1 1
rpc_plugin_system/control-plane-ops/cli-status-control/rpcpluginctl/main.go:246.2,247.44 2 1
rpc_plugin_system/control-plane-ops/cli-status-control/rpcpluginctl/main.go:247.44,249.3 1 1
rpc_plugin_system/control-plane-ops/cli-status-control/rpcpluginctl/main.go:250.2,251.16 2 1
rpc_plugin_system/control-plane-ops/cli-status-control/rpcpluginctl/main.go:251.16,253.3 1 1
rpc_plugin_system/control-plane-ops/cli-status-control/rpcpluginctl/main.go:254.2,255.32 2 1
rpc_plugin_system/control-plane-ops/cli-status-control/rpcpluginctl/main.go:255.32,256.21 1 1
rpc_plugin_system/control-plane-ops/cli-status-control/rpcpluginctl/main.go:256.21,257.12 1 1
rpc_plugin_system/control-plane-ops/cli-status-control/rpcpluginctl/main.go:259.3,260.47 2 1
rpc_plugin_system/control-plane-ops/cli-status-control/rpcpluginctl/main.go:260.47,262.4 1 1
rpc_plugin_system/control-plane-ops/cli-status-control/rpcpluginctl/main.go:264.2,264.26 1 1
rpc_plugin_system/control-plane-ops/cli-status-control/rpcpluginctl/main.go:264.26,266.3 1 1
rpc_plugin_system/control-plane-ops/cli-status-control/rpcpluginctl/main.go:267.2,267.25 1 1
rpc_plugin_system/control-plane-ops/cli-status-control/rpcpluginctl/main.go:267.25,269.3 1 1
rpc_plugin_system/control-plane-ops/cli-status-control/rpcpluginctl/main.go:270.2,270.21 1 1
rpc_plugin_system/kernel-runtime-supervision/daemon-entrypoint/rpcplugind/main.go:20.13,22.2 1 1
rpc_plugin_system/kernel-runtime-supervision/daemon-entrypoint/rpcplugind/main.go:42.40,44.60 1 1
rpc_plugin_system/kernel-runtime-supervision/daemon-entrypoint/rpcplugind/main.go:44.60,46.4 1 1
rpc_plugin_system/kernel-runtime-supervision/daemon-entrypoint/rpcplugind/main.go:47.78,49.11 2 1
rpc_plugin_system/kernel-runtime-supervision/daemon-entrypoint/rpcplugind/main.go:49.11,51.5 1 1
rpc_plugin_system/kernel-runtime-supervision/daemon-entrypoint/rpcplugind/main.go:52.4,52.54 1 1
rpc_plugin_system/kernel-runtime-supervision/daemon-entrypoint/rpcplugind/main.go:59.59,69.42 4 1
rpc_plugin_system/kernel-runtime-supervision/daemon-entrypoint/rpcplugind/main.go:69.42,70.26 1 1
rpc_plugin_system/kernel-runtime-supervision/daemon-entrypoint/rpcplugind/main.go:70.26,72.4 1 1
rpc_plugin_system/kernel-runtime-supervision/daemon-entrypoint/rpcplugind/main.go:73.3,73.11 1 1
rpc_plugin_system/kernel-runtime-supervision/daemon-entrypoint/rpcplugind/main.go:76.2,82.16 2 1
rpc_plugin_system/kernel-runtime-supervision/daemon-entrypoint/rpcplugind/main.go:82.16,85.3 2 1
rpc_plugin_system/kernel-runtime-supervision/daemon-entrypoint/rpcplugind/main.go:87.2,88.16 2 1
rpc_plugin_system/kernel-runtime-supervision/daemon-entrypoint/rpcplugind/main.go:88.16,91.3 2 1
rpc_plugin_system/kernel-runtime-supervision/daemon-entrypoint/rpcplugind/main.go:92.2,94.40 2 1
rpc_plugin_system/kernel-runtime-supervision/daemon-entrypoint/rpcplugind/main.go:94.40,97.3 2 1
rpc_plugin_system/kernel-runtime-supervision/daemon-entrypoint/rpcplugind/main.go:99.2,103.88 4 1
rpc_plugin_system/kernel-runtime-supervision/daemon-entrypoint/rpcplugind/main.go:103.88,106.3 2 1
rpc_plugin_system/kernel-runtime-supervision/daemon-entrypoint/rpcplugind/main.go:107.2,107.10 1 1
rpc_plugin_system/kernel-runtime-supervision/daemon-entrypoint/rpcplugind/main.go:117.71,119.16 2 1
rpc_plugin_system/kernel-runtime-supervision/daemon-entrypoint/rpcplugind/main.go:119.16,121.3 1 1
rpc_plugin_system/kernel-runtime-supervision/daemon-entrypoint/rpcplugind/main.go:122.2,128.8 1 1
rpc_plugin_system/kernel-runtime-supervision/daemon-entrypoint/rpcplugind/main.go:131.91,132.22 1 1
rpc_plugin_system/kernel-runtime-supervision/daemon-entrypoint/rpcplugind/main.go:132.22,135.30 3 1
rpc_plugin_system/kernel-runtime-supervision/daemon-entrypoint/rpcplugind/main.go:135.30,138.62 3 1
rpc_plugin_system/kernel-runtime-supervision/daemon-entrypoint/rpcplugind/main.go:138.62,140.5 1 1
rpc_plugin_system/kernel-runtime-supervision/daemon-entrypoint/rpcplugind/main.go:141.4,141.61 1 1
rpc_plugin_system/kernel-runtime-supervision/daemon-entrypoint/rpcplugind/main.go:141.61,143.5 1 1
rpc_plugin_system/kernel-runtime-supervision/daemon-entrypoint/rpcplugind/main.go:144.4,144.94 1 1
rpc_plugin_system/kernel-runtime-supervision/daemon-entrypoint/rpcplugind/main.go:146.3,146.22 1 1
rpc_plugin_system/kernel-runtime-supervision/daemon-entrypoint/rpcplugind/main.go:148.2,148.22 1 1
rpc_plugin_system/kernel-runtime-supervision/daemon-entrypoint/rpcplugind/main.go:148.22,150.3 1 1
rpc_plugin_system/kernel-runtime-supervision/daemon-entrypoint/rpcplugind/main.go:151.2,151.58 1 1
rpc_plugin_system/kernel-runtime-supervision/daemon-entrypoint/rpcplugind/main.go:151.58,153.3 1 1
rpc_plugin_system/kernel-runtime-supervision/daemon-entrypoint/rpcplugind/main.go:154.2,154.81 1 1
rpc_plugin_system/kernel-runtime-supervision/manager-lifecycle/kernel/host.go:53.102,55.2 1 1
rpc_plugin_system/kernel-runtime-supervision/manager-lifecycle/kernel/host.go:58.52,60.2 1 1
rpc_plugin_system/kernel-runtime-supervision/manager-lifecycle/kernel/host.go:63.33,65.2 1 1
rpc_plugin_system/kernel-runtime-supervision/manager-lifecycle/kernel/host.go:68.55,70.16 2 1
rpc_plugin_system/kernel-runtime-supervision/manager-lifecycle/kernel/host.go:70.16,72.3 1 1
rpc_plugin_system/kernel-runtime-supervision/manager-lifecycle/kernel/host.go:73.2,73.29 1 1
rpc_plugin_system/kernel-runtime-supervision/manager-lifecycle/kernel/host.go:77.45,78.26 1 1
rpc_plugin_system/kernel-runtime-supervision/manager-lifecycle/kernel/host.go:78.26,80.3 1 1
rpc_plugin_system/kernel-runtime-supervision/manager-lifecycle/kernel/host.go:81.2,81.27 1 1
rpc_plugin_system/kernel-runtime-supervision/manager-lifecycle/kernel/host.go:81.27,83.3 1 1
rpc_plugin_system/kernel-runtime-supervision/manager-lifecycle/kernel/host.go:84.2,86.37 3 1
rpc_plugin_system/kernel-runtime-supervision/manager-lifecycle/kernel/host.go:86.37,87.59 1 1
rpc_plugin_system/kernel-runtime-supervision/manager-lifecycle/kernel/host.go:87.59,89.4 1 1
rpc_plugin_system/kernel-runtime-supervision/manager-lifecycle/kernel/host.go:90.3,90.30 1 1
rpc_plugin_system/kernel-runtime-supervision/manager-lifecycle/kernel/host.go:90.30,92.4 1 1
rpc_plugin_system/kernel-runtime-supervision/manager-lifecycle/kernel/host.go:93.3,93.41 1 1
rpc_plugin_system/kernel-runtime-supervision/manager-lifecycle/kernel/host.go:93.41,95.4 1 1
rpc_plugin_system/kernel-runtime-supervision/manager-lifecycle/kernel/host.go:96.3,106.17 3 1
rpc_plugin_system/kernel-runtime-supervision/manager-lifecycle/kernel/host.go:106.17,107.43 1 1
rpc_plugin_system/kernel-runtime-supervision/manager-lifecycle/kernel/host.go:107.43,109.5 1 1
rpc_plugin_system/kernel-runtime-supervision/manager-lifecycle/kernel/host.go:110.4,110.74 1 1
rpc_plugin_system/kernel-runtime-supervision/manager-lifecycle/kernel/host.go:112.3,113.55 2 1
rpc_plugin_system/kernel-runtime-supervision/manager-lifecycle/kernel/host.go:115.2,116.18 2 1
rpc_plugin_system/kernel-runtime-supervision/manager-lifecycle/kernel/host.go:120.30,124.37 4 1
rpc_plugin_system/kernel-runtime-supervision/manager-lifecycle/kernel/host.go:124.37,125.73 1 1
rpc_plugin_system/kernel-runtime-supervision/manager-lifecycle/kernel/host.go:125.73,127.4 1 1
rpc_plugin_system/kernel-runtime-supervision/manager-lifecycle/kernel/host.go:129.2,129.17 1 1
rpc_plugin_system/kernel-runtime-supervision/manager-lifecycle/kernel/host.go:133.33,137.37 4 1
rpc_plugin_system/kernel-runtime-supervision/manager-lifecycle/kernel/host.go:137.37,138.54 1 1
rpc_plugin_system/kernel-runtime-supervision/manager-lifecycle/kernel/host.go:138.54,139.38 1 1
rpc_plugin_system/kernel-runtime-supervision/manager-lifecycle/kernel/host.go:139.38,141.5 1 1
rpc_plugin_system/kernel-runtime-supervision/manager-lifecycle/kernel/host.go:142.4,142.59 1 1
rpc_plugin_system/kernel-runtime-supervision/manager-lifecycle/kernel/host.go:144.3,144.38 1 1
rpc_plugin_system/kernel-runtime-supervision/manager-lifecycle/kernel/host.go:146.2,146.12 1 1
rpc_plugin_system/kernel-runtime-supervision/manager-lifecycle/kernel/host.go:150.59,154.9 4 1
rpc_plugin_system/kernel-runtime-supervision/manager-lifecycle/kernel/host.go:154.9,156.3 1 1
rpc_plugin_system/kernel-runtime-supervision/manager-lifecycle/kernel/host.go:157.2,157.21 1 1
rpc_plugin_system/kernel-runtime-supervision/manager-lifecycle/kernel/host.go:161.34,169.37 4 1
rpc_plugin_system/kernel-runtime-supervision/manager-lifecycle/kernel/host.go:169.37,179.42 4 1
rpc_plugin_system/kernel-runtime-supervision/manager-lifecycle/kernel/host.go:179.42,181.4 1 1
rpc_plugin_system/kernel-runtime-supervision/manager-lifecycle/kernel/host.go:183.2,183.37 1 1
rpc_plugin_system/kernel-runtime-supervision/manager-lifecycle/kernel/host.go:183.37,185.3 1 1
rpc_plugin_system/kernel-runtime-supervision/manager-lifecycle/kernel/host.go:186.2,186.12 1 1
rpc_plugin_system/kernel-runtime-supervision/manager-lifecycle/kernel/host.go:190.33,192.2 1 1
rpc_plugin_system/kernel-runtime-supervision/manager-lifecycle/kernel/host.go:195.62,197.16 2 1
rpc_plugin_system/kernel-runtime-supervision/manager-lifecycle/kernel/host.go:197.16,199.3 1 1
rpc_plugin_system/kernel-runtime-supervision/manager-lifecycle/kernel/host.go:200.2,201.9 2 1
rpc_plugin_system/kernel-runtime-supervision/manager-lifecycle/kernel/host.go:201.9,203.3 1 1
rpc_plugin_system/kernel-runtime-supervision/manager-lifecycle/kernel/host.go:204.2,204.19 1 1
rpc_plugin_system/kernel-runtime-supervision/manager-lifecycle/kernel/host.go:217.70,219.16 2 1
rpc_plugin_system/kernel-runtime-supervision/manager-lifecycle/kernel/host.go:219.16,221.3 1 1
rpc_plugin_system/kernel-runtime-supervision/manager-lifecycle/kernel/host.go:222.2,229.17 2 1
rpc_plugin_system/kernel-runtime-supervision/manager-lifecycle/kernel/host.go:233.63,235.16 2 1
rpc_plugin_system/kernel-runtime-supervision/manager-lifecycle/kernel/host.go:235.16,237.3 1 1
rpc_plugin_system/kernel-runtime-supervision/manager-lifecycle/kernel/host.go:238.2,238.30 1 1
rpc_plugin_system/kernel-runtime-supervision/manager-lifecycle/kernel/host.go:242.84,244.16 2 1
rpc_plugin_system/kernel-runtime-supervision/manager-lifecycle/kernel/host.go:244.16,246.3 1 1
rpc_plugin_system/kernel-runtime-supervision/manager-lifecycle/kernel/host.go:247.2,247.28 1 1
rpc_plugin_system/kernel-runtime-supervision/manager-lifecycle/kernel/host.go:265.88,267.2 1 1
rpc_plugin_system/kernel-runtime-supervision/manager-lifecycle/kernel/host.go:270.71,272.16 2 1
rpc_plugin_system/kernel-runtime-supervision/manager-lifecycle/kernel/host.go:272.16,274.3 1 1
rpc_plugin_system/kernel-runtime-supervision/manager-lifecycle/kernel/host.go:275.2,275.18 1 1
rpc_plugin_system/kernel-runtime-supervision/manager-lifecycle/kernel/host.go:276.27,278.17 2 1
rpc_plugin_system/kernel-runtime-supervision/manager-lifecycle/kernel/host.go:278.17,280.4 1 1
rpc_plugin_system/kernel-runtime-supervision/manager-lifecycle/kernel/host.go:281.3,281.70 1 1
rpc_plugin_system/kernel-runtime-supervision/manager-lifecycle/kernel/host.go:282.22,285.17 3 1
rpc_plugin_system/kernel-runtime-supervision/manager-lifecycle/kernel/host.go:285.17,287.4 1 1
rpc_plugin_system/kernel-runtime-supervision/manager-lifecycle/kernel/host.go:288.3,288.107 1 1
rpc_plugin_system/kernel-runtime-supervision/manager-lifecycle/kernel/host.go:289.25,290.43 1 1
rpc_plugin_system/kernel-runtime-supervision/manager-lifecycle/kernel/host.go:290.43,292.4 1 1
rpc_plugin_system/kernel-runtime-supervision/manager-lifecycle/kernel/host.go:293.3,293.82 1 1
rpc_plugin_system/kernel-runtime-supervision/manager-lifecycle/kernel/host.go:294.10,295.79 1 1
rpc_plugin_system/kernel-runtime-supervision/manager-lifecycle/kernel/host.go:300.49,303.37 3 1
rpc_plugin_system/kernel-runtime-supervision/manager-lifecycle/kernel/host.go:303.37,305.3 1 1
rpc_plugin_system/kernel-runtime-supervision/manager-lifecycle/kernel/host.go:308.53,310.2 1 1
rpc_plugin_system/kernel-runtime-supervision/manager-lifecycle/kernel/host.go:312.55,314.2 1 1
rpc_plugin_system/kernel-runtime-supervision/manager-lifecycle/kernel/manager.go:59.126,61.3 1 1
rpc_plugin_system/kernel-runtime-supervision/manager-lifecycle/kernel/manager.go:62.100,64.3 1 1
rpc_plugin_system/kernel-runtime-supervision/manager-lifecycle/kernel/manager.go:65.68,67.3 1 1
rpc_plugin_system/kernel-runtime-supervision/manager-lifecycle/kernel/manager.go:68.68,70.3 1 1
rpc_plugin_system/kernel-runtime-supervision/manager-lifecycle/kernel/manager.go:71.78,73.3 1 1
rpc_plugin_system/kernel-runtime-supervision/manager-lifecycle/kernel/manager.go:93.40,94.98 1 1
rpc_plugin_system/kernel-runtime-supervision/manager-lifecycle/kernel/manager.go:94.98,96.3 1 1
rpc_plugin_system/kernel-runtime-supervision/manager-lifecycle/kernel/manager.go:97.2,97.69 1 1
rpc_plugin_system/kernel-runtime-supervision/manager-lifecycle/kernel/manager.go:97.69,99.3 1 1
rpc_plugin_system/kernel-runtime-supervision/manager-lifecycle/kernel/manager.go:100.2,100.60 1 1
rpc_plugin_system/kernel-runtime-supervision/manager-lifecycle/kernel/manager.go:100.60,102.3 1 1
rpc_plugin_system/kernel-runtime-supervision/manager-lifecycle/kernel/manager.go:103.2,104.16 2 1
rpc_plugin_system/kernel-runtime-supervision/manager-lifecycle/kernel/manager.go:104.16,106.3 1 1
rpc_plugin_system/kernel-runtime-supervision/manager-lifecycle/kernel/manager.go:107.2,107.26 1 1
rpc_plugin_system/kernel-runtime-supervision/manager-lifecycle/kernel/manager.go:107.26,109.3 1 1
rpc_plugin_system/kernel-runtime-supervision/manager-lifecycle/kernel/manager.go:110.2,110.26 1 1
rpc_plugin_system/kernel-runtime-supervision/manager-lifecycle/kernel/manager.go:110.26,112.3 1 1
rpc_plugin_system/kernel-runtime-supervision/manager-lifecycle/kernel/manager.go:113.2,113.29 1 1
rpc_plugin_system/kernel-runtime-supervision/manager-lifecycle/kernel/manager.go:113.29,115.3 1 1
rpc_plugin_system/kernel-runtime-supervision/manager-lifecycle/kernel/manager.go:116.2,129.21 3 1
rpc_plugin_system/kernel-runtime-supervision/manager-lifecycle/kernel/manager.go:133.33,136.24 3 1
rpc_plugin_system/kernel-runtime-supervision/manager-lifecycle/kernel/manager.go:136.24,139.16 3 1
rpc_plugin_system/kernel-runtime-supervision/manager-lifecycle/kernel/manager.go:139.16,142.4 2 1
rpc_plugin_system/kernel-runtime-supervision/manager-lifecycle/kernel/manager.go:143.3,146.46 4 1
rpc_plugin_system/kernel-runtime-supervision/manager-lifecycle/kernel/manager.go:146.46,148.4 1 1
rpc_plugin_system/kernel-runtime-supervision/manager-lifecycle/kernel/manager.go:150.2,150.19 1 1
rpc_plugin_system/kernel-runtime-supervision/manager-lifecycle/kernel/manager.go:154.33,158.2 3 1
rpc_plugin_system/kernel-runtime-supervision/manager-lifecycle/kernel/manager.go:160.39,162.14 2 1
rpc_plugin_system/kernel-runtime-supervision/manager-lifecycle/kernel/manager.go:162.14,165.3 2 1
rpc_plugin_system/kernel-runtime-supervision/manager-lifecycle/kernel/manager.go:166.2,166.37 1 1
rpc_plugin_system/kernel-runtime-supervision/manager-lifecycle/kernel/manager.go:166.37,169.3 2 1
rpc_plugin_system/kernel-runtime-supervision/manager-lifecycle/kernel/manager.go:170.2,197.16 10 1
rpc_plugin_system/kernel-runtime-supervision/manager-lifecycle/kernel/manager.go:197.16,210.3 3 1
rpc_plugin_system/kernel-runtime-supervision/manager-lifecycle/kernel/manager.go:211.2,211.61 1 1
rpc_plugin_system/kernel-runtime-supervision/manager-lifecycle/kernel/manager.go:211.61,225.3 4 1
rpc_plugin_system/kernel-runtime-supervision/manager-lifecycle/kernel/manager.go:227.2,234.84 3 1
rpc_plugin_system/kernel-runtime-supervision/manager-lifecycle/kernel/manager.go:234.84,236.3 1 1
rpc_plugin_system/kernel-runtime-supervision/manager-lifecycle/kernel/manager.go:237.2,237.88 1 1
rpc_plugin_system/kernel-runtime-supervision/manager-lifecycle/kernel/manager.go:237.88,239.3 1 1
rpc_plugin_system/kernel-runtime-supervision/manager-lifecycle/kernel/manager.go:240.2,240.36 1 1
rpc_plugin_system/kernel-runtime-supervision/manager-lifecycle/kernel/manager.go:240.36,254.3 4 1
rpc_plugin_system/kernel-runtime-supervision/manager-lifecycle/kernel/manager.go:256.2,257.16 2 1
rpc_plugin_system/kernel-runtime-supervision/manager-lifecycle/kernel/manager.go:257.16,260.3 2 1
rpc_plugin_system/kernel-runtime-supervision/manager-lifecycle/kernel/manager.go:261.2,261.86 1 1
rpc_plugin_system/kernel-runtime-supervision/manager-lifecycle/kernel/manager.go:261.86,275.3 3 1
rpc_plugin_system/kernel-runtime-supervision/manager-lifecycle/kernel/manager.go:277.2,288.151 3 1
rpc_plugin_system/kernel-runtime-supervision/manager-lifecycle/kernel/manager.go:288.151,303.3 4 1
rpc_plugin_system/kernel-runtime-supervision/manager-lifecycle/kernel/manager.go:304.2,304.41 1 1
rpc_plugin_system/kernel-runtime-supervision/manager-lifecycle/kernel/manager.go:304.41,319.3 4 1
rpc_plugin_system/kernel-runtime-supervision/manager-lifecycle/kernel/manager.go:320.2,320.41 1 1
rpc_plugin_system/kernel-runtime-supervision/manager-lifecycle/kernel/manager.go:320.41,335.3 4 1
rpc_plugin_system/kernel-runtime-supervision/manager-lifecycle/kernel/manager.go:336.2,359.129 5 1
rpc_plugin_system/kernel-runtime-supervision/manager-lifecycle/kernel/manager.go:359.129,374.3 4 1
rpc_plugin_system/kernel-runtime-supervision/manager-lifecycle/kernel/manager.go:375.2,375.37 1 1
rpc_plugin_system/kernel-runtime-supervision/manager-lifecycle/kernel/manager.go:375.37,390.3 4 1
rpc_plugin_system/kernel-runtime-supervision/manager-lifecycle/kernel/manager.go:391.2,391.37 1 1
rpc_plugin_system/kernel-runtime-supervision/manager-lifecycle/kernel/manager.go:391.37,406.3 4 1
rpc_plugin_system/kernel-runtime-supervision/manager-lifecycle/kernel/manager.go:407.2,407.40 1 1
rpc_plugin_system/kernel-runtime-supervision/manager-lifecycle/kernel/manager.go:407.40,408.38 1 1
rpc_plugin_system/kernel-runtime-supervision/manager-lifecycle/kernel/manager.go:408.38,423.4 4 1
rpc_plugin_system/kernel-runtime-supervision/manager-lifecycle/kernel/manager.go:426.2,461.12 8 1
rpc_plugin_system/kernel-runtime-supervision/manager-lifecycle/kernel/manager.go:465.72,474.12 9 1
rpc_plugin_system/kernel-runtime-supervision/manager-lifecycle/kernel/manager.go:474.12,476.3 1 1
rpc_plugin_system/kernel-runtime-supervision/manager-lifecycle/kernel/manager.go:477.2,478.19 2 1
rpc_plugin_system/kernel-runtime-supervision/manager-lifecycle/kernel/manager.go:478.19,480.3 1 1
rpc_plugin_system/kernel-runtime-supervision/manager-lifecycle/kernel/manager.go:481.2,481.129 1 1
rpc_plugin_system/kernel-runtime-supervision/manager-lifecycle/kernel/manager.go:481.129,495.3 2 1
rpc_plugin_system/kernel-runtime-supervision/manager-lifecycle/kernel/manager.go:496.2,498.97 3 1
rpc_plugin_system/kernel-runtime-supervision/manager-lifecycle/kernel/manager.go:498.97,501.3 2 1
rpc_plugin_system/kernel-runtime-supervision/manager-lifecycle/kernel/manager.go:502.2,505.13 4 1
rpc_plugin_system/kernel-runtime-supervision/manager-lifecycle/kernel/manager.go:505.13,506.18 1 1
rpc_plugin_system/kernel-runtime-supervision/manager-lifecycle/kernel/manager.go:506.18,518.4 1 1
rpc_plugin_system/kernel-runtime-supervision/manager-lifecycle/kernel/manager.go:519.8,532.3 1 1
rpc_plugin_system/kernel-runtime-supervision/manager-lifecycle/kernel/manager.go:533.2,533.17 1 1
rpc_plugin_system/kernel-runtime-supervision/manager-lifecycle/kernel/manager.go:537.56,544.12 7 1
rpc_plugin_system/kernel-runtime-supervision/manager-lifecycle/kernel/manager.go:544.12,546.3 1 1
rpc_plugin_system/kernel-runtime-supervision/manager-lifecycle/kernel/manager.go:547.2,547.19 1 1
rpc_plugin_system/kernel-runtime-supervision/manager-lifecycle/kernel/manager.go:547.19,549.3 1 1
rpc_plugin_system/kernel-runtime-supervision/manager-lifecycle/kernel/manager.go:550.2,551.146 2 1
rpc_plugin_system/kernel-runtime-supervision/manager-lifecycle/kernel/manager.go:551.146,553.3 1 1
rpc_plugin_system/kernel-runtime-supervision/manager-lifecycle/kernel/manager.go:554.2,554.25 1 1
rpc_plugin_system/kernel-runtime-supervision/manager-lifecycle/kernel/manager.go:558.55,565.12 7 1
rpc_plugin_system/kernel-runtime-supervision/manager-lifecycle/kernel/manager.go:565.12,567.3 1 1
rpc_plugin_system/kernel-runtime-supervision/manager-lifecycle/kernel/manager.go:568.2,568.19 1 1
rpc_plugin_system/kernel-runtime-supervision/manager-lifecycle/kernel/manager.go:568.19,570.3 1 1
rpc_plugin_system/kernel-runtime-supervision/manager-lifecycle/kernel/manager.go:571.2,571.152 1 1
rpc_plugin_system/kernel-runtime-supervision/manager-lifecycle/kernel/manager.go:575.41,582.12 7 1
rpc_plugin_system/kernel-runtime-supervision/manager-lifecycle/kernel/manager.go:582.12,584.3 1 1
rpc_plugin_system/kernel-runtime-supervision/manager-lifecycle/kernel/manager.go:585.2,585.19 1 1
rpc_plugin_system/kernel-runtime-supervision/manager-lifecycle/kernel/manager.go:585.19,587.3 1 1
rpc_plugin_system/kernel-runtime-supervision/manager-lifecycle/kernel/manager.go:588.2,588.144 1 1
rpc_plugin_system/kernel-runtime-supervision/manager-lifecycle/kernel/manager.go:592.35,602.12 9 1
rpc_plugin_system/kernel-runtime-supervision/manager-lifecycle/kernel/manager.go:602.12,604.3 1 1
rpc_plugin_system/kernel-runtime-supervision/manager-lifecycle/kernel/manager.go:605.2,615.66 2 1
rpc_plugin_system/kernel-runtime-supervision/manager-lifecycle/kernel/manager.go:615.66,628.3 2 1
rpc_plugin_system/kernel-runtime-supervision/manager-lifecycle/kernel/manager.go:629.2,629.40 1 1
rpc_plugin_system/kernel-runtime-supervision/manager-lifecycle/kernel/manager.go:629.40,642.3 2 1
rpc_plugin_system/kernel-runtime-supervision/manager-lifecycle/kernel/manager.go:643.2,654.12 3 1
rpc_plugin_system/kernel-runtime-supervision/manager-lifecycle/kernel/manager.go:658.32,662.2 3 1
rpc_plugin_system/kernel-runtime-supervision/manager-lifecycle/kernel/manager.go:665.33,671.2 5 1
rpc_plugin_system/kernel-runtime-supervision/manager-lifecycle/kernel/manager.go:673.82,684.34 3 1
rpc_plugin_system/kernel-runtime-supervision/manager-lifecycle/kernel/manager.go:684.34,686.17 2 1
rpc_plugin_system/kernel-runtime-supervision/manager-lifecycle/kernel/manager.go:686.17,697.4 2 1
rpc_plugin_system/kernel-runtime-supervision/manager-lifecycle/kernel/manager.go:698.3,698.36 1 1
rpc_plugin_system/kernel-runtime-supervision/manager-lifecycle/kernel/manager.go:700.2,711.17 3 1
rpc_plugin_system/kernel-runtime-supervision/manager-lifecycle/kernel/manager.go:714.111,715.19 1 1
rpc_plugin_system/kernel-runtime-supervision/manager-lifecycle/kernel/manager.go:715.19,717.3 1 1
rpc_plugin_system/kernel-runtime-supervision/manager-lifecycle/kernel/manager.go:718.2,731.12 4 1
rpc_plugin_system/kernel-runtime-supervision/manager-lifecycle/kernel/manager.go:731.12,733.3 1 1
rpc_plugin_system/kernel-runtime-supervision/manager-lifecycle/kernel/manager.go:735.2,735.9 1 1
rpc_plugin_system/kernel-runtime-supervision/manager-lifecycle/kernel/manager.go:736.25,737.17 1 1
rpc_plugin_system/kernel-runtime-supervision/manager-lifecycle/kernel/manager.go:737.17,738.29 1 1
rpc_plugin_system/kernel-runtime-supervision/manager-lifecycle/kernel/manager.go:738.29,740.5 1 1
rpc_plugin_system/kernel-runtime-supervision/manager-lifecycle/kernel/manager.go:741.4,753.14 2 1
rpc_plugin_system/kernel-runtime-supervision/manager-lifecycle/kernel/manager.go:755.3,761.118 7 1
rpc_plugin_system/kernel-runtime-supervision/manager-lifecycle/kernel/manager.go:761.118,776.4 3 1
rpc_plugin_system/kernel-runtime-supervision/manager-lifecycle/kernel/manager.go:777.3,788.13 2 1
rpc_plugin_system/kernel-runtime-supervision/manager-lifecycle/kernel/manager.go:789.39,804.13 4 1
rpc_plugin_system/kernel-runtime-supervision/manager-lifecycle/kernel/manager.go:808.69,810.14 2 1
rpc_plugin_system/kernel-runtime-supervision/manager-lifecycle/kernel/manager.go:810.14,813.3 2 1
rpc_plugin_system/kernel-runtime-supervision/manager-lifecycle/kernel/manager.go:814.2,824.16 11 1
rpc_plugin_system/kernel-runtime-supervision/manager-lifecycle/kernel/manager.go:824.16,826.3 1 1
rpc_plugin_system/kernel-runtime-supervision/manager-lifecycle/kernel/manager.go:827.2,841.19 3 1
rpc_plugin_system/kernel-runtime-supervision/manager-lifecycle/kernel/manager.go:841.19,853.143 2 1
rpc_plugin_system/kernel-runtime-supervision/manager-lifecycle/kernel/manager.go:853.143,866.4 1 1
rpc_plugin_system/kernel-runtime-supervision/manager-lifecycle/kernel/manager.go:866.9,878.4 1 1
rpc_plugin_system/kernel-runtime-supervision/manager-lifecycle/kernel/manager.go:879.3,879.21 1 1
rpc_plugin_system/kernel-runtime-supervision/manager-lifecycle/kernel/manager.go:881.2,881.38 1 1
rpc_plugin_system/kernel-runtime-supervision/manager-lifecycle/kernel/manager.go:881.38,883.13 2 1
rpc_plugin_system/kernel-runtime-supervision/manager-lifecycle/kernel/manager.go:883.13,886.4 2 1
rpc_plugin_system/kernel-runtime-supervision/manager-lifecycle/kernel/manager.go:887.3,887.10 1 1
rpc_plugin_system/kernel-runtime-supervision/manager-lifecycle/kernel/manager.go:888.24,889.56 1 1
rpc_plugin_system/kernel-runtime-supervision/manager-lifecycle/kernel/manager.go:889.56,891.5 1 1
rpc_plugin_system/kernel-runtime-supervision/manager-lifecycle/kernel/manager.go:892.45,893.108 1 1
rpc_plugin_system/kernel-runtime-supervision/manager-lifecycle/kernel/manager.go:893.108,895.5 1 1
rpc_plugin_system/kernel-runtime-supervision/manager-lifecycle/kernel/manager.go:896.4,896.73 1 1
rpc_plugin_system/kernel-runtime-supervision/manager-lifecycle/kernel/manager.go:896.73,898.5 1 1
rpc_plugin_system/kernel-runtime-supervision/manager-lifecycle/kernel/manager.go:899.4,911.14 3 1
rpc_plugin_system/kernel-runtime-supervision/manager-lifecycle/kernel/manager.go:914.2,926.12 3 1
rpc_plugin_system/kernel-runtime-supervision/manager-lifecycle/kernel/manager.go:929.119,930.19 1 1
rpc_plugin_system/kernel-runtime-supervision/manager-lifecycle/kernel/manager.go:930.19,932.3 1 1
rpc_plugin_system/kernel-runtime-supervision/manager-lifecycle/kernel/manager.go:933.2,934.38 2 1
rpc_plugin_system/kernel-runtime-supervision/manager-lifecycle/kernel/manager.go:934.38,938.3 3 1
rpc_plugin_system/kernel-runtime-supervision/manager-lifecycle/kernel/manager.go:939.2,952.39 3 1
rpc_plugin_system/kernel-runtime-supervision/manager-lifecycle/kernel/manager.go:955.35,956.14 1 1
rpc_plugin_system/kernel-runtime-supervision/manager-lifecycle/kernel/manager.go:956.14,958.3 1 1
rpc_plugin_system/kernel-runtime-supervision/manager-lifecycle/kernel/manager.go:959.2,959.19 1 1
rpc_plugin_system/kernel-runtime-supervision/manager-lifecycle/kernel/manager.go:959.19,961.3 1 1
rpc_plugin_system/kernel-runtime-supervision/manager-lifecycle/kernel/manager.go:962.2,962.21 1 1
rpc_plugin_system/kernel-runtime-supervision/manager-lifecycle/kernel/manager.go:962.21,964.3 1 1
rpc_plugin_system/kernel-runtime-supervision/manager-lifecycle/kernel/manager.go:965.2,965.12 1 1
rpc_plugin_system/kernel-runtime-supervision/manager-lifecycle/kernel/manager.go:968.106,969.19 1 1
rpc_plugin_system/kernel-runtime-supervision/manager-lifecycle/kernel/manager.go:969.19,971.3 1 1
rpc_plugin_system/kernel-runtime-supervision/manager-lifecycle/kernel/manager.go:972.2,974.24 3 1
rpc_plugin_system/kernel-runtime-supervision/manager-lifecycle/kernel/manager.go:974.24,977.3 2 1
rpc_plugin_system/kernel-runtime-supervision/manager-lifecycle/kernel/manager.go:978.2,992.20 3 1
rpc_plugin_system/kernel-runtime-supervision/manager-lifecycle/kernel/manager.go:995.91,996.41 1 1
rpc_plugin_system/kernel-runtime-supervision/manager-lifecycle/kernel/manager.go:996.41,998.3 1 1
rpc_plugin_system/kernel-runtime-supervision/manager-lifecycle/kernel/manager.go:999.2,1000.16 2 1
rpc_plugin_system/kernel-runtime-supervision/manager-lifecycle/kernel/manager.go:1000.16,1002.3 1 1
rpc_plugin_system/kernel-runtime-supervision/manager-lifecycle/kernel/manager.go:1003.2,1003.25 1 1
rpc_plugin_system/kernel-runtime-supervision/manager-lifecycle/kernel/manager.go:1003.25,1005.3 1 1
rpc_plugin_system/kernel-runtime-supervision/manager-lifecycle/kernel/manager.go:1006.2,1020.12 2 1
rpc_plugin_system/kernel-runtime-supervision/manager-lifecycle/kernel/manager.go:1023.39,1024.16 1 1
rpc_plugin_system/kernel-runtime-supervision/manager-lifecycle/kernel/manager.go:1024.16,1026.3 1 1
rpc_plugin_system/kernel-runtime-supervision/manager-lifecycle/kernel/manager.go:1027.2,1027.135 1 1
rpc_plugin_system/kernel-runtime-supervision/manager-lifecycle/kernel/manager.go:1027.135,1029.3 1 1
rpc_plugin_system/kernel-runtime-supervision/manager-lifecycle/kernel/manager.go:1030.2,1031.29 2 1
rpc_plugin_system/kernel-runtime-supervision/manager-lifecycle/kernel/manager.go:1031.29,1033.3 1 1
rpc_plugin_system/kernel-runtime-supervision/manager-lifecycle/kernel/manager.go:1034.2,1035.31 2 1
rpc_plugin_system/kernel-runtime-supervision/manager-lifecycle/kernel/manager.go:1038.62,1041.67 3 1
rpc_plugin_system/kernel-runtime-supervision/manager-lifecycle/kernel/manager.go:1041.67,1055.3 2 1
rpc_plugin_system/kernel-runtime-supervision/manager-lifecycle/kernel/manager.go:1056.2,1058.54 3 1
rpc_plugin_system/kernel-runtime-supervision/manager-lifecycle/kernel/manager.go:1058.54,1059.41 1 1
rpc_plugin_system/kernel-runtime-supervision/manager-lifecycle/kernel/manager.go:1059.41,1060.27 1 1
rpc_plugin_system/kernel-runtime-supervision/manager-lifecycle/kernel/manager.go:1060.27,1062.5 1 1
rpc_plugin_system/kernel-runtime-supervision/manager-lifecycle/kernel/manager.go:1063.4,1063.12 1 1
rpc_plugin_system/kernel-runtime-supervision/manager-lifecycle/kernel/manager.go:1065.3,1065.34 1 1
rpc_plugin_system/kernel-runtime-supervision/manager-lifecycle/kernel/manager.go:1067.2,1067.21 1 1
rpc_plugin_system/kernel-runtime-supervision/manager-lifecycle/kernel/manager.go:1067.21,1082.3 2 1
rpc_plugin_system/kernel-runtime-supervision/manager-lifecycle/kernel/manager.go:1083.2,1094.4 1 1
rpc_plugin_system/kernel-runtime-supervision/manager-lifecycle/kernel/manager.go:1097.71,1100.40 3 1
rpc_plugin_system/kernel-runtime-supervision/manager-lifecycle/kernel/manager.go:1100.40,1102.3 1 1
rpc_plugin_system/kernel-runtime-supervision/manager-lifecycle/kernel/manager.go:1103.2,1103.53 1 1
rpc_plugin_system/kernel-runtime-supervision/manager-lifecycle/kernel/manager.go:1106.57,1108.40 2 1
rpc_plugin_system/kernel-runtime-supervision/manager-lifecycle/kernel/manager.go:1108.40,1113.3 1 1
rpc_plugin_system/kernel-runtime-supervision/manager-lifecycle/kernel/manager.go:1114.2,1114.15 1 1
rpc_plugin_system/kernel-runtime-supervision/manager-lifecycle/kernel/manager.go:1117.50,1118.30 1 1
rpc_plugin_system/kernel-runtime-supervision/manager-lifecycle/kernel/manager.go:1118.30,1120.3 1 1
rpc_plugin_system/kernel-runtime-supervision/manager-lifecycle/kernel/manager.go:1121.2,1121.24 1 1
rpc_plugin_system/kernel-runtime-supervision/manager-lifecycle/kernel/manager.go:1124.36,1125.16 1 1
rpc_plugin_system/kernel-runtime-supervision/manager-lifecycle/kernel/manager.go:1125.16,1127.3 1 1
rpc_plugin_system/kernel-runtime-supervision/manager-lifecycle/kernel/manager.go:1128.2,1128.20 1 1
rpc_plugin_system/kernel-runtime-supervision/manager-lifecycle/kernel/monitor.go:12.52,16.6 3 1
rpc_plugin_system/kernel-runtime-supervision/manager-lifecycle/kernel/monitor.go:16.6,17.10 1 1
rpc_plugin_system/kernel-runtime-supervision/manager-lifecycle/kernel/monitor.go:18.21,19.10 1 1
rpc_plugin_system/kernel-runtime-supervision/manager-lifecycle/kernel/monitor.go:20.19,21.43 1 1
rpc_plugin_system/kernel-runtime-supervision/manager-lifecycle/kernel/monitor.go:21.43,22.12 1 1
rpc_plugin_system/kernel-runtime-supervision/manager-lifecycle/kernel/monitor.go:23.23,24.12 1 1
rpc_plugin_system/kernel-runtime-supervision/manager-lifecycle/kernel/monitor.go:25.13,25.13 0 1
rpc_plugin_system/kernel-runtime-supervision/manager-lifecycle/kernel/monitor.go:27.5,36.53 2 1
rpc_plugin_system/kernel-runtime-supervision/manager-lifecycle/kernel/monitor.go:36.53,46.6 1 1
rpc_plugin_system/kernel-runtime-supervision/manager-lifecycle/kernel/plugin_id.go:12.46,13.20 1 1
rpc_plugin_system/kernel-runtime-supervision/manager-lifecycle/kernel/plugin_id.go:13.20,15.3 1 1
rpc_plugin_system/kernel-runtime-supervision/manager-lifecycle/kernel/plugin_id.go:16.2,16.44 1 1
rpc_plugin_system/kernel-runtime-supervision/manager-lifecycle/kernel/plugin_id.go:16.44,18.3 1 1
rpc_plugin_system/kernel-runtime-supervision/manager-lifecycle/kernel/plugin_id.go:19.2,19.12 1 1
