mode: set
rpc_plugin_system/kernel-runtime-supervision/peercred-runtime/runtime/peercred_linux.go:20.52,22.9 2 0
rpc_plugin_system/kernel-runtime-supervision/peercred-runtime/runtime/peercred_linux.go:22.9,24.3 1 0
rpc_plugin_system/kernel-runtime-supervision/peercred-runtime/runtime/peercred_linux.go:25.2,26.16 2 0
rpc_plugin_system/kernel-runtime-supervision/peercred-runtime/runtime/peercred_linux.go:26.16,28.3 1 0
rpc_plugin_system/kernel-runtime-supervision/peercred-runtime/runtime/peercred_linux.go:29.2,31.45 3 0
rpc_plugin_system/kernel-runtime-supervision/peercred-runtime/runtime/peercred_linux.go:31.45,33.17 2 0
rpc_plugin_system/kernel-runtime-supervision/peercred-runtime/runtime/peercred_linux.go:33.17,36.4 2 0
rpc_plugin_system/kernel-runtime-supervision/peercred-runtime/runtime/peercred_linux.go:37.3,37.67 1 0
rpc_plugin_system/kernel-runtime-supervision/peercred-runtime/runtime/peercred_linux.go:38.17,40.3 1 0
rpc_plugin_system/kernel-runtime-supervision/peercred-runtime/runtime/peercred_linux.go:41.2,41.20 1 0
rpc_plugin_system/kernel-runtime-supervision/peercred-runtime/runtime/peercred_linux.go:41.20,43.3 1 0
rpc_plugin_system/kernel-runtime-supervision/peercred-runtime/runtime/peercred_linux.go:44.2,44.17 1 0
rpc_plugin_system/kernel-runtime-supervision/peercred-runtime/runtime/runtime.go:17.35,18.16 1 1
rpc_plugin_system/kernel-runtime-supervision/peercred-runtime/runtime/runtime.go:18.16,20.3 1 0
rpc_plugin_system/kernel-runtime-supervision/peercred-runtime/runtime/runtime.go:21.2,22.16 2 1
rpc_plugin_system/kernel-runtime-supervision/peercred-runtime/runtime/runtime.go:22.16,23.38 1 1
rpc_plugin_system/kernel-runtime-supervision/peercred-runtime/runtime/runtime.go:23.38,25.4 1 1
rpc_plugin_system/kernel-runtime-supervision/peercred-runtime/runtime/runtime.go:26.3,26.20 1 0
rpc_plugin_system/kernel-runtime-supervision/peercred-runtime/runtime/runtime.go:26.20,28.4 1 0
rpc_plugin_system/kernel-runtime-supervision/peercred-runtime/runtime/runtime.go:29.8,29.32 1 0
rpc_plugin_system/kernel-runtime-supervision/peercred-runtime/runtime/runtime.go:29.32,31.3 1 0
rpc_plugin_system/kernel-runtime-supervision/peercred-runtime/runtime/runtime.go:32.2,32.51 1 0
rpc_plugin_system/kernel-runtime-supervision/peercred-runtime/runtime/runtime.go:32.51,34.3 1 0
rpc_plugin_system/kernel-runtime-supervision/peercred-runtime/runtime/runtime.go:35.2,35.48 1 0
rpc_plugin_system/kernel-runtime-supervision/peercred-runtime/runtime/runtime.go:35.48,37.3 1 0
rpc_plugin_system/kernel-runtime-supervision/peercred-runtime/runtime/runtime.go:38.2,38.12 1 0
rpc_plugin_system/kernel-runtime-supervision/peercred-runtime/runtime/runtime.go:42.47,44.2 1 0
rpc_plugin_system/kernel-runtime-supervision/peercred-runtime/runtime/runtime.go:47.45,49.2 1 0
rpc_plugin_system/kernel-runtime-supervision/peercred-runtime/runtime/runtime.go:52.58,55.16 3 0
rpc_plugin_system/kernel-runtime-supervision/peercred-runtime/runtime/runtime.go:55.16,57.3 1 0
rpc_plugin_system/kernel-runtime-supervision/peercred-runtime/runtime/runtime.go:58.2,58.57 1 0
rpc_plugin_system/kernel-runtime-supervision/peercred-runtime/runtime/runtime.go:58.57,62.3 3 0
rpc_plugin_system/kernel-runtime-supervision/peercred-runtime/runtime/runtime.go:63.2,63.22 1 0
rpc_plugin_system/kernel-runtime-supervision/peercred-runtime/runtime/runtime.go:67.44,68.16 1 1
rpc_plugin_system/kernel-runtime-supervision/peercred-runtime/runtime/runtime.go:68.16,70.3 1 0
rpc_plugin_system/kernel-runtime-supervision/peercred-runtime/runtime/runtime.go:71.2,71.27 1 1
rpc_plugin_system/kernel-runtime-supervision/peercred-runtime/runtime/runtime.go:71.27,73.3 1 1
rpc_plugin_system/kernel-runtime-supervision/peercred-runtime/runtime/runtime.go:74.2,75.16 2 1
rpc_plugin_system/kernel-runtime-supervision/peercred-runtime/runtime/runtime.go:75.16,77.3 1 0
rpc_plugin_system/kernel-runtime-supervision/peercred-runtime/runtime/runtime.go:78.2,78.37 1 1
rpc_plugin_system/kernel-runtime-supervision/peercred-runtime/runtime/runtime.go:78.37,80.3 1 1
rpc_plugin_system/kernel-runtime-supervision/peercred-runtime/runtime/runtime.go:81.2,81.30 1 1
rpc_plugin_system/kernel-runtime-supervision/peercred-runtime/runtime/runtime.go:81.30,83.3 1 1
rpc_plugin_system/kernel-runtime-supervision/peercred-runtime/runtime/runtime.go:84.2,84.28 1 1
rpc_plugin_system/kernel-runtime-supervision/peercred-runtime/runtime/runtime.go:84.28,86.3 1 1
rpc_plugin_system/kernel-runtime-supervision/peercred-runtime/runtime/runtime.go:87.2,87.35 1 1
rpc_plugin_system/kernel-runtime-supervision/peercred-runtime/runtime/runtime.go:87.35,89.3 1 1
rpc_plugin_system/kernel-runtime-supervision/peercred-runtime/runtime/runtime.go:90.2,90.12 1 1
rpc_plugin_system/control-plane-ops/event-log-write/eventlog/eventlog.go:103.40,105.2 1 1
rpc_plugin_system/control-plane-ops/event-log-write/eventlog/eventlog.go:108.65,109.24 1 1
rpc_plugin_system/control-plane-ops/event-log-write/eventlog/eventlog.go:109.24,111.3 1 1
rpc_plugin_system/control-plane-ops/event-log-write/eventlog/eventlog.go:112.2,112.26 1 1
rpc_plugin_system/control-plane-ops/event-log-write/eventlog/eventlog.go:112.26,114.3 1 1
rpc_plugin_system/control-plane-ops/event-log-write/eventlog/eventlog.go:115.2,116.16 2 1
rpc_plugin_system/control-plane-ops/event-log-write/eventlog/eventlog.go:116.16,118.3 1 0
rpc_plugin_system/control-plane-ops/event-log-write/eventlog/eventlog.go:119.2,119.96 1 1
rpc_plugin_system/control-plane-ops/event-log-write/eventlog/eventlog.go:123.32,125.2 1 1
rpc_plugin_system/control-plane-ops/event-log-write/eventlog/eventlog.go:128.32,129.14 1 0
rpc_plugin_system/control-plane-ops/event-log-write/eventlog/eventlog.go:129.14,131.3 1 0
rpc_plugin_system/control-plane-ops/event-log-write/eventlog/eventlog.go:132.2,132.15 1 0
rpc_plugin_system/control-plane-ops/event-log-write/eventlog/eventlog.go:136.43,139.25 3 1
rpc_plugin_system/control-plane-ops/event-log-write/eventlog/eventlog.go:139.25,141.3 1 0
rpc_plugin_system/control-plane-ops/event-log-write/eventlog/eventlog.go:142.2,142.23 1 1
rpc_plugin_system/control-plane-ops/event-log-write/eventlog/eventlog.go:142.23,144.3 1 0
rpc_plugin_system/control-plane-ops/event-log-write/eventlog/eventlog.go:145.2,145.27 1 1
rpc_plugin_system/control-plane-ops/event-log-write/eventlog/eventlog.go:145.27,147.3 1 1
rpc_plugin_system/control-plane-ops/event-log-write/eventlog/eventlog.go:148.2,149.16 2 1
rpc_plugin_system/control-plane-ops/event-log-write/eventlog/eventlog.go:149.16,151.3 1 0
rpc_plugin_system/control-plane-ops/event-log-write/eventlog/eventlog.go:152.2,153.59 2 1
rpc_plugin_system/control-plane-ops/event-log-write/eventlog/eventlog.go:153.59,155.3 1 0
rpc_plugin_system/control-plane-ops/event-log-write/eventlog/eventlog.go:156.2,156.46 1 1
rpc_plugin_system/control-plane-ops/event-log-write/eventlog/eventlog.go:156.46,158.3 1 0
rpc_plugin_system/control-plane-ops/event-log-write/eventlog/eventlog.go:159.2,159.38 1 1
rpc_plugin_system/control-plane-ops/event-log-write/eventlog/eventlog.go:159.38,161.3 1 0
rpc_plugin_system/control-plane-ops/event-log-write/eventlog/eventlog.go:162.2,162.12 1 1
rpc_plugin_system/control-plane-ops/event-log-write/eventlog/eventlog.go:165.61,166.37 1 1
rpc_plugin_system/control-plane-ops/event-log-write/eventlog/eventlog.go:166.37,168.3 1 0
rpc_plugin_system/control-plane-ops/event-log-write/eventlog/eventlog.go:169.2,170.16 2 1
rpc_plugin_system/control-plane-ops/event-log-write/eventlog/eventlog.go:170.16,172.3 1 0
rpc_plugin_system/control-plane-ops/event-log-write/eventlog/eventlog.go:173.2,173.46 1 1
rpc_plugin_system/control-plane-ops/event-log-write/eventlog/eventlog.go:173.46,175.3 1 1
rpc_plugin_system/control-plane-ops/event-log-write/eventlog/eventlog.go:176.2,176.39 1 1
rpc_plugin_system/control-plane-ops/event-log-write/eventlog/eventlog.go:176.39,178.3 1 0
rpc_plugin_system/control-plane-ops/event-log-write/eventlog/eventlog.go:179.2,179.37 1 1
rpc_plugin_system/control-plane-ops/event-log-write/eventlog/eventlog.go:179.37,181.24 2 1
rpc_plugin_system/control-plane-ops/event-log-write/eventlog/eventlog.go:181.24,183.12 2 1
rpc_plugin_system/control-plane-ops/event-log-write/eventlog/eventlog.go:185.3,186.45 2 1
rpc_plugin_system/control-plane-ops/event-log-write/eventlog/eventlog.go:186.45,187.54 1 1
rpc_plugin_system/control-plane-ops/event-log-write/eventlog/eventlog.go:187.54,189.5 1 0
rpc_plugin_system/control-plane-ops/event-log-write/eventlog/eventlog.go:192.2,192.43 1 1
rpc_plugin_system/control-plane-ops/event-log-write/eventlog/eventlog.go:192.43,193.66 1 1
rpc_plugin_system/control-plane-ops/event-log-write/eventlog/eventlog.go:193.66,195.4 1 0
rpc_plugin_system/control-plane-ops/event-log-write/eventlog/eventlog.go:197.2,198.16 2 1
rpc_plugin_system/control-plane-ops/event-log-write/eventlog/eventlog.go:198.16,200.3 1 0
rpc_plugin_system/control-plane-ops/event-log-write/eventlog/eventlog.go:201.2,215.16 4 1
rpc_plugin_system/control-plane-ops/event-log-write/eventlog/eventlog.go:215.16,217.3 1 0
rpc_plugin_system/control-plane-ops/event-log-write/eventlog/eventlog.go:218.2,218.63 1 1
rpc_plugin_system/control-plane-ops/event-log-write/eventlog/eventlog.go:218.63,220.3 1 0
rpc_plugin_system/control-plane-ops/event-log-write/eventlog/eventlog.go:221.2,221.38 1 1
rpc_plugin_system/control-plane-ops/event-log-write/eventlog/eventlog.go:221.38,223.3 1 0
rpc_plugin_system/control-plane-ops/event-log-write/eventlog/eventlog.go:224.2,224.12 1 1
rpc_plugin_system/control-plane-ops/event-log-write/eventlog/eventlog.go:227.44,230.15 3 1
rpc_plugin_system/control-plane-ops/event-log-write/eventlog/eventlog.go:230.15,232.3 1 0
rpc_plugin_system/control-plane-ops/event-log-write/eventlog/eventlog.go:233.2,233.45 1 1
rpc_plugin_system/control-plane-ops/event-log-write/eventlog/eventlog.go:236.50,238.16 2 0
rpc_plugin_system/control-plane-ops/event-log-write/eventlog/eventlog.go:238.16,240.3 1 0
rpc_plugin_system/control-plane-ops/event-log-write/eventlog/eventlog.go:241.2,241.14 1 0
rpc_plugin_system/control-plane-ops/event-log-write/eventlog/read.go:34.61,36.16 2 1
rpc_plugin_system/control-plane-ops/event-log-write/eventlog/read.go:36.16,38.3 1 0
rpc_plugin_system/control-plane-ops/event-log-write/eventlog/read.go:39.2,40.26 2 1
rpc_plugin_system/control-plane-ops/event-log-write/eventlog/read.go:40.26,42.17 2 1
rpc_plugin_system/control-plane-ops/event-log-write/eventlog/read.go:42.17,44.4 1 0
rpc_plugin_system/control-plane-ops/event-log-write/eventlog/read.go:45.3,45.36 1 1
rpc_plugin_system/control-plane-ops/event-log-write/eventlog/read.go:47.2,47.21 1 1
rpc_plugin_system/control-plane-ops/event-log-write/eventlog/read.go:47.21,49.3 1 0
rpc_plugin_system/control-plane-ops/event-log-write/eventlog/read.go:50.2,50.54 1 1
rpc_plugin_system/control-plane-ops/event-log-write/eventlog/read.go:50.54,52.3 1 0
rpc_plugin_system/control-plane-ops/event-log-write/eventlog/read.go:53.2,53.20 1 1
rpc_plugin_system/control-plane-ops/event-log-write/eventlog/read.go:57.40,64.31 2 1
rpc_plugin_system/control-plane-ops/event-log-write/eventlog/read.go:64.31,68.3 3 1
rpc_plugin_system/control-plane-ops/event-log-write/eventlog/read.go:69.2,69.16 1 1
rpc_plugin_system/control-plane-ops/event-log-write/eventlog/read.go:73.37,76.27 3 1
rpc_plugin_system/control-plane-ops/event-log-write/eventlog/read.go:76.27,78.3 1 1
rpc_plugin_system/control-plane-ops/event-log-write/eventlog/read.go:79.2,79.23 1 1
rpc_plugin_system/control-plane-ops/event-log-write/eventlog/read.go:79.23,81.3 1 1
rpc_plugin_system/control-plane-ops/event-log-write/eventlog/read.go:82.2,82.26 1 1
rpc_plugin_system/control-plane-ops/event-log-write/eventlog/read.go:82.26,84.3 1 1
rpc_plugin_system/control-plane-ops/event-log-write/eventlog/read.go:85.2,85.29 1 1
rpc_plugin_system/control-plane-ops/event-log-write/eventlog/read.go:85.29,87.3 1 1
rpc_plugin_system/control-plane-ops/event-log-write/eventlog/read.go:88.2,88.20 1 1
rpc_plugin_system/control-plane-ops/event-log-write/eventlog/read.go:88.20,90.3 1 1
rpc_plugin_system/control-plane-ops/event-log-write/eventlog/read.go:91.2,91.24 1 1
rpc_plugin_system/control-plane-ops/event-log-write/eventlog/read.go:91.24,93.3 1 1
rpc_plugin_system/control-plane-ops/event-log-write/eventlog/read.go:94.2,94.25 1 1
rpc_plugin_system/control-plane-ops/event-log-write/eventlog/read.go:94.25,96.3 1 1
rpc_plugin_system/control-plane-ops/event-log-write/eventlog/read.go:97.2,97.24 1 1
rpc_plugin_system/control-plane-ops/event-log-write/eventlog/read.go:97.24,99.3 1 1
rpc_plugin_system/control-plane-ops/event-log-write/eventlog/read.go:100.2,100.23 1 1
rpc_plugin_system/control-plane-ops/event-log-write/eventlog/read.go:100.23,102.3 1 1
rpc_plugin_system/control-plane-ops/event-log-write/eventlog/read.go:103.2,103.35 1 1
rpc_plugin_system/control-plane-ops/event-log-write/eventlog/read.go:106.61,108.16 2 1
rpc_plugin_system/control-plane-ops/event-log-write/eventlog/read.go:108.16,110.3 1 0
rpc_plugin_system/control-plane-ops/event-log-write/eventlog/read.go:111.2,115.21 4 1
rpc_plugin_system/control-plane-ops/event-log-write/eventlog/read.go:115.21,117.65 2 1
rpc_plugin_system/control-plane-ops/event-log-write/eventlog/read.go:117.65,119.4 1 0
rpc_plugin_system/control-plane-ops/event-log-write/eventlog/read.go:120.3,120.29 1 1
rpc_plugin_system/control-plane-ops/event-log-write/eventlog/read.go:120.29,121.12 1 1
rpc_plugin_system/control-plane-ops/event-log-write/eventlog/read.go:123.3,123.33 1 1
rpc_plugin_system/control-plane-ops/event-log-write/eventlog/read.go:125.2,125.55 1 1
rpc_plugin_system/control-plane-ops/event-log-write/eventlog/read.go:125.55,127.3 1 0
rpc_plugin_system/control-plane-ops/event-log-write/eventlog/read.go:128.2,128.20 1 1
rpc_plugin_system/control-plane-ops/event-log-write/eventlog/read.go:131.54,133.42 2 1
rpc_plugin_system/control-plane-ops/event-log-write/eventlog/read.go:133.42,135.39 2 1
rpc_plugin_system/control-plane-ops/event-log-write/eventlog/read.go:135.39,137.4 1 1
rpc_plugin_system/control-plane-ops/event-log-write/eventlog/read.go:139.2,139.41 1 1
rpc_plugin_system/control-plane-ops/event-log-write/eventlog/read.go:139.41,141.3 1 1
rpc_plugin_system/control-plane-ops/event-log-write/eventlog/read.go:142.2,142.21 1 1
rpc_plugin_system/control-plane-ops/event-log-write/eventlog/read.go:142.21,144.3 1 0
rpc_plugin_system/control-plane-ops/event-log-write/eventlog/read.go:145.2,145.19 1 1
rpc_plugin_system/control-plane-ops/event-log-write/eventlog/read.go:148.47,149.57 1 1
rpc_plugin_system/control-plane-ops/event-log-write/eventlog/read.go:149.57,151.3 1 1
rpc_plugin_system/control-plane-ops/event-log-write/eventlog/read.go:152.2,152.69 1 1
rpc_plugin_system/control-plane-ops/event-log-write/eventlog/read.go:152.69,154.3 1 0
rpc_plugin_system/control-plane-ops/event-log-write/eventlog/read.go:155.2,155.57 1 1
rpc_plugin_system/control-plane-ops/event-log-write/eventlog/read.go:155.57,157.3 1 0
rpc_plugin_system/control-plane-ops/event-log-write/eventlog/read.go:158.2,158.66 1 1
rpc_plugin_system/control-plane-ops/event-log-write/eventlog/read.go:158.66,160.3 1 0
rpc_plugin_system/control-plane-ops/event-log-write/eventlog/read.go:161.2,161.60 1 1
rpc_plugin_system/control-plane-ops/event-log-write/eventlog/read.go:161.60,163.3 1 0
rpc_plugin_system/control-plane-ops/event-log-write/eventlog/read.go:164.2,164.65 1 1
rpc_plugin_system/control-plane-ops/event-log-write/eventlog/read.go:164.65,166.3 1 0
rpc_plugin_system/control-plane-ops/event-log-write/eventlog/read.go:167.2,167.13 1 1
rpc_plugin_system/control-plane-ops/event-log-write/eventlog/read.go:170.30,171.55 1 0
rpc_plugin_system/control-plane-ops/event-log-write/eventlog/read.go:171.55,173.3 1 0
rpc_plugin_system/plugin-authoring-sdk/go-runtime/plugin/example_minimal.go:6.24,8.16 2 0
rpc_plugin_system/plugin-authoring-sdk/go-runtime/plugin/example_minimal.go:8.16,9.13 1 0
rpc_plugin_system/plugin-authoring-sdk/go-runtime/plugin/example_minimal.go:12.2,14.48 2 0
rpc_plugin_system/plugin-authoring-sdk/go-runtime/plugin/example_minimal.go:14.48,15.13 1 0
rpc_plugin_system/plugin-authoring-sdk/go-runtime/plugin/logging.go:55.45,58.16 3 0
rpc_plugin_system/plugin-authoring-sdk/go-runtime/plugin/logging.go:58.16,60.3 1 0
rpc_plugin_system/plugin-authoring-sdk/go-runtime/plugin/logging.go:61.2,67.8 1 0
rpc_plugin_system/plugin-authoring-sdk/go-runtime/plugin/logging.go:71.32,72.14 1 0
rpc_plugin_system/plugin-authoring-sdk/go-runtime/plugin/logging.go:72.14,74.3 1 0
rpc_plugin_system/plugin-authoring-sdk/go-runtime/plugin/logging.go:75.2,75.15 1 0
rpc_plugin_system/plugin-authoring-sdk/go-runtime/plugin/logging.go:79.32,80.33 1 0
rpc_plugin_system/plugin-authoring-sdk/go-runtime/plugin/logging.go:80.33,82.3 1 0
rpc_plugin_system/plugin-authoring-sdk/go-runtime/plugin/logging.go:83.2,83.25 1 0
rpc_plugin_system/plugin-authoring-sdk/go-runtime/plugin/logging.go:87.46,88.33 1 0
rpc_plugin_system/plugin-authoring-sdk/go-runtime/plugin/logging.go:88.33,90.3 1 0
rpc_plugin_system/plugin-authoring-sdk/go-runtime/plugin/logging.go:91.2,91.27 1 0
rpc_plugin_system/plugin-authoring-sdk/go-runtime/plugin/logging.go:91.27,93.3 1 0
rpc_plugin_system/plugin-authoring-sdk/go-runtime/plugin/logging.go:94.2,94.26 1 0
rpc_plugin_system/plugin-authoring-sdk/go-runtime/plugin/logging.go:94.26,96.3 1 0
rpc_plugin_system/plugin-authoring-sdk/go-runtime/plugin/logging.go:97.2,97.29 1 0
rpc_plugin_system/plugin-authoring-sdk/go-runtime/plugin/logging.go:97.29,99.3 1 0
rpc_plugin_system/plugin-authoring-sdk/go-runtime/plugin/logging.go:100.2,100.20 1 0
rpc_plugin_system/plugin-authoring-sdk/go-runtime/plugin/logging.go:100.20,102.3 1 0
rpc_plugin_system/plugin-authoring-sdk/go-runtime/plugin/logging.go:103.2,103.23 1 0
rpc_plugin_system/plugin-authoring-sdk/go-runtime/plugin/logging.go:103.23,105.3 1 0
rpc_plugin_system/plugin-authoring-sdk/go-runtime/plugin/logging.go:106.2,106.30 1 0
rpc_plugin_system/plugin-authoring-sdk/go-runtime/plugin/plugin.go:85.39,87.2 1 0
rpc_plugin_system/plugin-authoring-sdk/go-runtime/plugin/plugin.go:118.42,120.16 2 1
rpc_plugin_system/plugin-authoring-sdk/go-runtime/plugin/plugin.go:120.16,122.3 1 1
rpc_plugin_system/plugin-authoring-sdk/go-runtime/plugin/plugin.go:123.2,124.20 2 1
rpc_plugin_system/plugin-authoring-sdk/go-runtime/plugin/plugin.go:124.20,126.3 1 1
rpc_plugin_system/plugin-authoring-sdk/go-runtime/plugin/plugin.go:127.2,128.18 2 1
rpc_plugin_system/plugin-authoring-sdk/go-runtime/plugin/plugin.go:128.18,130.3 1 1
rpc_plugin_system/plugin-authoring-sdk/go-runtime/plugin/plugin.go:131.2,132.16 2 1
rpc_plugin_system/plugin-authoring-sdk/go-runtime/plugin/plugin.go:132.16,134.3 1 1
rpc_plugin_system/plugin-authoring-sdk/go-runtime/plugin/plugin.go:135.2,136.20 2 1
rpc_plugin_system/plugin-authoring-sdk/go-runtime/plugin/plugin.go:136.20,138.3 1 1
rpc_plugin_system/plugin-authoring-sdk/go-runtime/plugin/plugin.go:139.2,140.16 2 0
rpc_plugin_system/plugin-authoring-sdk/go-runtime/plugin/plugin.go:140.16,142.3 1 0
rpc_plugin_system/plugin-authoring-sdk/go-runtime/plugin/plugin.go:143.2,143.119 1 0
rpc_plugin_system/plugin-authoring-sdk/go-runtime/plugin/plugin.go:146.29,148.16 2 0
rpc_plugin_system/plugin-authoring-sdk/go-runtime/plugin/plugin.go:148.16,150.3 1 0
rpc_plugin_system/plugin-authoring-sdk/go-runtime/plugin/plugin.go:151.2,151.35 1 0
rpc_plugin_system/plugin-authoring-sdk/go-runtime/plugin/plugin.go:154.51,155.17 1 0
rpc_plugin_system/plugin-authoring-sdk/go-runtime/plugin/plugin.go:155.17,157.3 1 0
rpc_plugin_system/plugin-authoring-sdk/go-runtime/plugin/plugin.go:158.2,159.16 2 0
rpc_plugin_system/plugin-authoring-sdk/go-runtime/plugin/plugin.go:159.16,161.3 1 0
rpc_plugin_system/plugin-authoring-sdk/go-runtime/plugin/plugin.go:162.2,167.16 5 0
rpc_plugin_system/plugin-authoring-sdk/go-runtime/plugin/plugin.go:167.16,170.3 2 0
rpc_plugin_system/plugin-authoring-sdk/go-runtime/plugin/plugin.go:171.2,171.39 1 0
rpc_plugin_system/plugin-authoring-sdk/go-runtime/plugin/plugin.go:171.39,173.3 1 0
rpc_plugin_system/plugin-authoring-sdk/go-runtime/plugin/plugin.go:174.2,179.65 5 0
rpc_plugin_system/plugin-authoring-sdk/go-runtime/plugin/plugin.go:179.65,182.3 2 0
rpc_plugin_system/plugin-authoring-sdk/go-runtime/plugin/plugin.go:183.2,183.6 1 0
rpc_plugin_system/plugin-authoring-sdk/go-runtime/plugin/plugin.go:183.6,185.17 2 0
rpc_plugin_system/plugin-authoring-sdk/go-runtime/plugin/plugin.go:185.17,188.4 2 0
rpc_plugin_system/plugin-authoring-sdk/go-runtime/plugin/plugin.go:189.3,189.31 1 0
rpc_plugin_system/plugin-authoring-sdk/go-runtime/plugin/plugin.go:193.45,194.44 1 0
rpc_plugin_system/plugin-authoring-sdk/go-runtime/plugin/plugin.go:194.44,196.3 1 0
rpc_plugin_system/plugin-authoring-sdk/go-runtime/plugin/plugin.go:197.2,198.30 2 0
rpc_plugin_system/plugin-authoring-sdk/go-runtime/plugin/plugin.go:198.30,200.3 1 0
rpc_plugin_system/plugin-authoring-sdk/go-runtime/plugin/plugin.go:201.2,201.31 1 0
rpc_plugin_system/plugin-authoring-sdk/go-runtime/plugin/plugin.go:201.31,203.3 1 0
rpc_plugin_system/plugin-authoring-sdk/go-runtime/plugin/plugin.go:204.2,204.31 1 0
rpc_plugin_system/plugin-authoring-sdk/go-runtime/plugin/plugin.go:204.31,206.3 1 0
rpc_plugin_system/plugin-authoring-sdk/go-runtime/plugin/plugin.go:207.2,207.13 1 0
rpc_plugin_system/plugin-authoring-sdk/go-runtime/plugin/plugin.go:210.64,211.21 1 1
rpc_plugin_system/plugin-authoring-sdk/go-runtime/plugin/plugin.go:211.21,213.3 1 0
rpc_plugin_system/plugin-authoring-sdk/go-runtime/plugin/plugin.go:214.2,214.39 1 1
rpc_plugin_system/plugin-authoring-sdk/go-runtime/plugin/plugin.go:214.39,215.48 1 0
rpc_plugin_system/plugin-authoring-sdk/go-runtime/plugin/plugin.go:215.48,216.23 1 0
rpc_plugin_system/plugin-authoring-sdk/go-runtime/plugin/plugin.go:216.23,218.5 1 0
rpc_plugin_system/plugin-authoring-sdk/go-runtime/plugin/plugin.go:219.4,219.14 1 0
rpc_plugin_system/plugin-authoring-sdk/go-runtime/plugin/plugin.go:222.2,224.79 3 1
rpc_plugin_system/plugin-authoring-sdk/go-runtime/plugin/plugin.go:224.79,225.22 1 0
rpc_plugin_system/plugin-authoring-sdk/go-runtime/plugin/plugin.go:225.22,227.4 1 0
rpc_plugin_system/plugin-authoring-sdk/go-runtime/plugin/plugin.go:228.3,228.26 1 0
rpc_plugin_system/plugin-authoring-sdk/go-runtime/plugin/plugin.go:230.2,233.43 4 1
rpc_plugin_system/plugin-authoring-sdk/go-runtime/plugin/plugin.go:233.43,235.3 1 0
rpc_plugin_system/plugin-authoring-sdk/go-runtime/plugin/plugin.go:236.2,237.21 2 1
rpc_plugin_system/plugin-authoring-sdk/go-runtime/plugin/plugin.go:237.21,239.3 1 0
rpc_plugin_system/plugin-authoring-sdk/go-runtime/plugin/plugin.go:240.2,240.12 1 1
rpc_plugin_system/plugin-authoring-sdk/go-runtime/plugin/plugin.go:243.73,246.43 3 0
rpc_plugin_system/plugin-authoring-sdk/go-runtime/plugin/plugin.go:246.43,248.3 1 0
rpc_plugin_system/plugin-authoring-sdk/go-runtime/plugin/plugin.go:249.2,250.21 2 0
rpc_plugin_system/plugin-authoring-sdk/go-runtime/plugin/plugin.go:250.21,252.3 1 0
rpc_plugin_system/plugin-authoring-sdk/go-runtime/plugin/plugin.go:253.2,253.12 1 0
rpc_plugin_system/plugin-authoring-sdk/go-runtime/plugin/plugin.go:256.68,257.55 1 1
rpc_plugin_system/plugin-authoring-sdk/go-runtime/plugin/plugin.go:257.55,259.3 1 1
rpc_plugin_system/plugin-authoring-sdk/go-runtime/plugin/plugin.go:260.2,262.12 3 1
rpc_plugin_system/plugin-authoring-sdk/go-runtime/plugin/plugin.go:265.55,266.54 1 0
rpc_plugin_system/plugin-authoring-sdk/go-runtime/plugin/plugin.go:266.54,268.3 1 0
rpc_plugin_system/plugin-authoring-sdk/go-runtime/plugin/plugin.go:269.2,269.21 1 0
rpc_plugin_system/plugin-authoring-sdk/go-runtime/plugin/plugin.go:269.21,271.3 1 0
rpc_plugin_system/plugin-authoring-sdk/go-runtime/plugin/plugin.go:272.2,274.12 3 0
rpc_plugin_system/plugin-authoring-sdk/go-runtime/plugin/plugin.go:277.64,278.50 1 0
rpc_plugin_system/plugin-authoring-sdk/go-runtime/plugin/plugin.go:278.50,280.3 1 0
rpc_plugin_system/plugin-authoring-sdk/go-runtime/plugin/plugin.go:281.2,282.9 2 0
rpc_plugin_system/plugin-authoring-sdk/go-runtime/plugin/plugin.go:282.9,286.3 3 0
rpc_plugin_system/plugin-authoring-sdk/go-runtime/plugin/plugin.go:287.2,289.12 3 0
rpc_plugin_system/plugin-authoring-sdk/go-runtime/plugin/plugin.go:292.59,293.51 1 0
rpc_plugin_system/plugin-authoring-sdk/go-runtime/plugin/plugin.go:293.51,295.3 1 0
rpc_plugin_system/plugin-authoring-sdk/go-runtime/plugin/plugin.go:296.2,297.9 2 0
rpc_plugin_system/plugin-authoring-sdk/go-runtime/plugin/plugin.go:297.9,301.3 3 0
rpc_plugin_system/plugin-authoring-sdk/go-runtime/plugin/plugin.go:302.2,304.12 3 0
rpc_plugin_system/plugin-authoring-sdk/go-runtime/plugin/plugin.go:307.59,308.51 1 0
rpc_plugin_system/plugin-authoring-sdk/go-runtime/plugin/plugin.go:308.51,310.3 1 0
rpc_plugin_system/plugin-authoring-sdk/go-runtime/plugin/plugin.go:311.2,312.9 2 0
rpc_plugin_system/plugin-authoring-sdk/go-runtime/plugin/plugin.go:312.9,316.3 3 0
rpc_plugin_system/plugin-authoring-sdk/go-runtime/plugin/plugin.go:317.2,319.12 3 0
rpc_plugin_system/plugin-authoring-sdk/go-runtime/plugin/plugin.go:322.51,325.16 3 1
rpc_plugin_system/plugin-authoring-sdk/go-runtime/plugin/plugin.go:325.16,327.3 1 1
rpc_plugin_system/plugin-authoring-sdk/go-runtime/plugin/plugin.go:328.2,329.21 2 1
rpc_plugin_system/plugin-authoring-sdk/go-runtime/plugin/plugin.go:329.21,331.3 1 0
rpc_plugin_system/plugin-authoring-sdk/go-runtime/plugin/plugin.go:332.2,333.12 2 1
rpc_plugin_system/plugin-authoring-sdk/go-runtime/plugin/plugin.go:336.51,337.21 1 1
rpc_plugin_system/plugin-authoring-sdk/go-runtime/plugin/plugin.go:337.21,339.3 1 1
rpc_plugin_system/plugin-authoring-sdk/go-runtime/plugin/plugin.go:340.2,340.16 1 0
rpc_plugin_system/plugin-authoring-sdk/go-runtime/plugin/plugin.go:340.16,343.3 2 0
rpc_plugin_system/plugin-authoring-sdk/go-runtime/plugin/plugin.go:344.2,344.121 1 0
rpc_plugin_system/plugin-authoring-sdk/go-runtime/plugin/template.go:16.62,17.19 1 1
rpc_plugin_system/plugin-authoring-sdk/go-runtime/plugin/template.go:17.19,19.3 1 0
rpc_plugin_system/plugin-authoring-sdk/go-runtime/plugin/template.go:20.2,25.3 1 1
rpc_plugin_system/plugin-authoring-sdk/go-runtime/plugin/template.go:29.43,31.2 1 1
rpc_plugin_system/plugin-authoring-sdk/go-runtime/plugin/template.go:34.75,43.2 2 1
rpc_plugin_system/plugin-authoring-sdk/go-runtime/plugin/template.go:46.60,48.2 1 0
rpc_plugin_system/plugin-authoring-sdk/test-plugin-api/testpluginapi/config.go:30.44,31.28 1 0
rpc_plugin_system/plugin-authoring-sdk/test-plugin-api/testpluginapi/config.go:31.28,33.3 1 0
rpc_plugin_system/plugin-authoring-sdk/test-plugin-api/testpluginapi/config.go:34.2,34.60 1 0
rpc_plugin_system/plugin-authoring-sdk/test-plugin-api/testpluginapi/config.go:37.23,38.54 1 0
rpc_plugin_system/plugin-authoring-sdk/test-plugin-api/testpluginapi/config.go:38.54,40.17 2 0
rpc_plugin_system/plugin-authoring-sdk/test-plugin-api/testpluginapi/config.go:40.17,42.41 2 0
rpc_plugin_system/plugin-authoring-sdk/test-plugin-api/testpluginapi/config.go:42.41,43.26 1 0
rpc_plugin_system/plugin-authoring-sdk/test-plugin-api/testpluginapi/config.go:43.26,45.6 1 0
rpc_plugin_system/plugin-authoring-sdk/test-plugin-api/testpluginapi/config.go:46.5,46.34 1 0
rpc_plugin_system/plugin-authoring-sdk/test-plugin-api/testpluginapi/config.go:46.34,48.6 1 0
rpc_plugin_system/plugin-authoring-sdk/test-plugin-api/testpluginapi/config.go:49.5,49.28 1 0
rpc_plugin_system/plugin-authoring-sdk/test-plugin-api/testpluginapi/config.go:49.28,51.6 1 0
rpc_plugin_system/plugin-authoring-sdk/test-plugin-api/testpluginapi/config.go:52.5,52.15 1 0
rpc_plugin_system/plugin-authoring-sdk/test-plugin-api/testpluginapi/config.go:56.2,56.18 1 0
rpc_plugin_system/plugin-authoring-sdk/test-plugin-api/testpluginapi/config.go:59.46,61.16 2 0
rpc_plugin_system/plugin-authoring-sdk/test-plugin-api/testpluginapi/config.go:61.16,63.3 1 0
rpc_plugin_system/plugin-authoring-sdk/test-plugin-api/testpluginapi/config.go:64.2,64.56 1 0
rpc_plugin_system/plugin-authoring-sdk/test-plugin-api/testpluginapi/config.go:64.56,66.3 1 0
rpc_plugin_system/plugin-authoring-sdk/test-plugin-api/testpluginapi/config.go:67.2,67.12 1 0
rpc_plugin_system/plugin-authoring-sdk/test-plugin-api/testpluginapi/config.go:71.20,86.2 1 0
rpc_plugin_system/plugin-authoring-sdk/test-plugin-api/testpluginapi/config.go:88.49,89.42 1 0
rpc_plugin_system/plugin-authoring-sdk/test-plugin-api/testpluginapi/config.go:89.42,91.3 1 0
rpc_plugin_system/plugin-authoring-sdk/test-plugin-api/testpluginapi/config.go:92.2,92.17 1 0
rpc_plugin_system/plugin-authoring-sdk/test-plugin-api/testpluginapi/config.go:95.52,97.17 2 0
rpc_plugin_system/plugin-authoring-sdk/test-plugin-api/testpluginapi/config.go:97.17,99.3 1 0
rpc_plugin_system/plugin-authoring-sdk/test-plugin-api/testpluginapi/config.go:100.2,101.16 2 0
rpc_plugin_system/plugin-authoring-sdk/test-plugin-api/testpluginapi/config.go:101.16,103.3 1 0
rpc_plugin_system/plugin-authoring-sdk/test-plugin-api/testpluginapi/config.go:104.2,104.15 1 0
rpc_plugin_system/plugin-authoring-sdk/test-plugin-api/testpluginapi/config.go:107.58,109.17 2 0
rpc_plugin_system/plugin-authoring-sdk/test-plugin-api/testpluginapi/config.go:109.17,111.3 1 0
rpc_plugin_system/plugin-authoring-sdk/test-plugin-api/testpluginapi/config.go:112.2,113.16 2 0
rpc_plugin_system/plugin-authoring-sdk/test-plugin-api/testpluginapi/config.go:113.16,115.3 1 0
rpc_plugin_system/plugin-authoring-sdk/test-plugin-api/testpluginapi/config.go:116.2,116.15 1 0
rpc_plugin_system/plugin-authoring-sdk/test-plugin-api/testpluginapi/config.go:119.49,121.17 2 0
rpc_plugin_system/plugin-authoring-sdk/test-plugin-api/testpluginapi/config.go:121.17,123.3 1 0
rpc_plugin_system/plugin-authoring-sdk/test-plugin-api/testpluginapi/config.go:124.2,125.16 2 0
rpc_plugin_system/plugin-authoring-sdk/test-plugin-api/testpluginapi/config.go:125.16,127.3 1 0
rpc_plugin_system/plugin-authoring-sdk/test-plugin-api/testpluginapi/config.go:128.2,128.15 1 0
rpc_plugin_system/control-plane-ops/cli-status-control/cli/any.go:10.41,13.38 3 0
rpc_plugin_system/control-plane-ops/cli-status-control/cli/any.go:13.38,15.3 1 0
rpc_plugin_system/control-plane-ops/cli-status-control/cli/any.go:16.2,16.12 1 0
rpc_plugin_system/control-plane-ops/cli-status-control/cli/cli.go:12.56,15.42 3 1
rpc_plugin_system/control-plane-ops/cli-status-control/cli/cli.go:15.42,17.3 1 0
rpc_plugin_system/control-plane-ops/cli-status-control/cli/cli.go:18.2,18.12 1 1
rpc_plugin_system/control-plane-ops/cli-status-control/cli/cli.go:22.64,25.42 3 1
rpc_plugin_system/control-plane-ops/cli-status-control/cli/cli.go:25.42,27.3 1 0
rpc_plugin_system/control-plane-ops/cli-status-control/cli/cli.go:28.2,28.12 1 1
rpc_plugin_system/control-plane-ops/cli-status-control/cli/cli.go:32.69,35.41 3 1
rpc_plugin_system/control-plane-ops/cli-status-control/cli/cli.go:35.41,37.3 1 0
rpc_plugin_system/control-plane-ops/cli-status-control/cli/cli.go:38.2,38.12 1 1
rpc_plugin_system/control-plane-ops/cli-status-control/cli/logs.go:13.66,14.31 1 1
rpc_plugin_system/control-plane-ops/cli-status-control/cli/logs.go:14.31,15.72 1 1
rpc_plugin_system/control-plane-ops/cli-status-control/cli/logs.go:15.72,17.4 1 0
rpc_plugin_system/control-plane-ops/cli-status-control/cli/logs.go:19.2,19.12 1 1
rpc_plugin_system/control-plane-ops/cli-status-control/cli/logs.go:23.66,26.43 3 1
rpc_plugin_system/control-plane-ops/cli-status-control/cli/logs.go:26.43,28.3 1 0
rpc_plugin_system/control-plane-ops/cli-status-control/cli/logs.go:29.2,29.12 1 1
rpc_plugin_system/control-plane-ops/cli-status-control/cli/logs.go:33.68,34.72 1 1
rpc_plugin_system/control-plane-ops/cli-status-control/cli/logs.go:34.72,36.3 1 0
rpc_plugin_system/control-plane-ops/cli-status-control/cli/logs.go:37.2,44.4 1 1
rpc_plugin_system/control-plane-ops/cli-status-control/cli/logs.go:44.4,45.66 1 1
rpc_plugin_system/control-plane-ops/cli-status-control/cli/logs.go:45.66,47.4 1 0
rpc_plugin_system/control-plane-ops/cli-status-control/cli/logs.go:48.3,49.35 2 1
rpc_plugin_system/control-plane-ops/cli-status-control/cli/logs.go:49.35,51.4 1 1
rpc_plugin_system/control-plane-ops/cli-status-control/cli/logs.go:52.3,53.28 2 1
rpc_plugin_system/control-plane-ops/cli-status-control/cli/logs.go:53.28,54.84 1 1
rpc_plugin_system/control-plane-ops/cli-status-control/cli/logs.go:54.84,56.5 1 0
rpc_plugin_system/control-plane-ops/cli-status-control/cli/logs.go:59.2,59.12 1 1
rpc_plugin_system/control-plane-ops/cli-status-control/cli/logs.go:63.68,66.44 3 1
rpc_plugin_system/control-plane-ops/cli-status-control/cli/logs.go:66.44,68.3 1 0
rpc_plugin_system/control-plane-ops/cli-status-control/cli/logs.go:69.2,69.12 1 1
rpc_plugin_system/control-plane-ops/cli-status-control/rpcpluginctl/args.go:23.57,24.33 1 1
rpc_plugin_system/control-plane-ops/cli-status-control/rpcpluginctl/args.go:24.33,26.18 2 1
rpc_plugin_system/control-plane-ops/cli-status-control/rpcpluginctl/args.go:26.18,27.24 1 1
rpc_plugin_system/control-plane-ops/cli-status-control/rpcpluginctl/args.go:27.24,29.5 1 0
rpc_plugin_system/control-plane-ops/cli-status-control/rpcpluginctl/args.go:30.4,30.53 1 1
rpc_plugin_system/control-plane-ops/cli-status-control/rpcpluginctl/args.go:32.3,32.22 1 1
rpc_plugin_system/control-plane-ops/cli-status-control/rpcpluginctl/args.go:32.22,34.12 2 1
rpc_plugin_system/control-plane-ops/cli-status-control/rpcpluginctl/args.go:36.3,36.22 1 1
rpc_plugin_system/control-plane-ops/cli-status-control/rpcpluginctl/args.go:36.22,37.12 1 0
rpc_plugin_system/control-plane-ops/cli-status-control/rpcpluginctl/args.go:39.3,39.34 1 1
rpc_plugin_system/control-plane-ops/cli-status-control/rpcpluginctl/args.go:39.34,40.12 1 1
rpc_plugin_system/control-plane-ops/cli-status-control/rpcpluginctl/args.go:42.3,42.46 1 1
rpc_plugin_system/control-plane-ops/cli-status-control/rpcpluginctl/args.go:44.2,44.17 1 0
rpc_plugin_system/control-plane-ops/cli-status-control/rpcpluginctl/args.go:47.34,48.39 1 1
rpc_plugin_system/control-plane-ops/cli-status-control/rpcpluginctl/args.go:48.39,50.3 1 1
rpc_plugin_system/control-plane-ops/cli-status-control/rpcpluginctl/args.go:51.2,51.40 1 1
rpc_plugin_system/control-plane-ops/cli-status-control/rpcpluginctl/args.go:51.40,52.43 1 1
rpc_plugin_system/control-plane-ops/cli-status-control/rpcpluginctl/args.go:52.43,54.4 1 1
rpc_plugin_system/control-plane-ops/cli-status-control/rpcpluginctl/args.go:56.2,56.14 1 1
rpc_plugin_system/control-plane-ops/cli-status-control/rpcpluginctl/args.go:59.34,60.33 1 1
rpc_plugin_system/control-plane-ops/cli-status-control/rpcpluginctl/args.go:60.33,62.3 1 0
rpc_plugin_system/control-plane-ops/cli-status-control/rpcpluginctl/args.go:63.2,63.34 1 1
rpc_plugin_system/control-plane-ops/cli-status-control/rpcpluginctl/args.go:63.34,64.58 1 1
rpc_plugin_system/control-plane-ops/cli-status-control/rpcpluginctl/args.go:64.58,66.4 1 0
rpc_plugin_system/control-plane-ops/cli-status-control/rpcpluginctl/args.go:68.2,68.14 1 1
rpc_plugin_system/control-plane-ops/cli-status-control/rpcpluginctl/main.go:18.13,20.20 2 0
rpc_plugin_system/control-plane-ops/cli-status-control/rpcpluginctl/main.go:20.20,22.3 1 0
rpc_plugin_system/control-plane-ops/cli-status-control/rpcpluginctl/main.go:23.2,24.19 2 0
rpc_plugin_system/control-plane-ops/cli-status-control/rpcpluginctl/main.go:24.19,26.3 1 0
rpc_plugin_system/control-plane-ops/cli-status-control/rpcpluginctl/main.go:28.2,43.43 3 0
rpc_plugin_system/control-plane-ops/cli-status-control/rpcpluginctl/main.go:43.43,45.3 1 0
rpc_plugin_system/control-plane-ops/cli-status-control/rpcpluginctl/main.go:46.2,46.20 1 0
rpc_plugin_system/control-plane-ops/cli-status-control/rpcpluginctl/main.go:46.20,48.3 1 0
rpc_plugin_system/control-plane-ops/cli-status-control/rpcpluginctl/main.go:50.2,50.17 1 0
rpc_plugin_system/control-plane-ops/cli-status-control/rpcpluginctl/main.go:51.95,53.17 2 0
rpc_plugin_system/control-plane-ops/cli-status-control/rpcpluginctl/main.go:53.17,55.4 1 0
rpc_plugin_system/control-plane-ops/cli-status-control/rpcpluginctl/main.go:56.3,58.18 2 0
rpc_plugin_system/control-plane-ops/cli-status-control/rpcpluginctl/main.go:59.28,62.18 3 0
rpc_plugin_system/control-plane-ops/cli-status-control/rpcpluginctl/main.go:62.18,64.5 1 0
rpc_plugin_system/control-plane-ops/cli-status-control/rpcpluginctl/main.go:65.4,65.63 1 0
rpc_plugin_system/control-plane-ops/cli-status-control/rpcpluginctl/main.go:65.63,67.5 1 0
rpc_plugin_system/control-plane-ops/cli-status-control/rpcpluginctl/main.go:68.17,69.23 1 0
rpc_plugin_system/control-plane-ops/cli-status-control/rpcpluginctl/main.go:69.23,71.5 1 0
rpc_plugin_system/control-plane-ops/cli-status-control/rpcpluginctl/main.go:72.4,74.18 3 0
rpc_plugin_system/control-plane-ops/cli-status-control/rpcpluginctl/main.go:74.18,76.5 1 0
rpc_plugin_system/control-plane-ops/cli-status-control/rpcpluginctl/main.go:77.4,77.59 1 0
rpc_plugin_system/control-plane-ops/cli-status-control/rpcpluginctl/main.go:77.59,79.5 1 0
rpc_plugin_system/control-plane-ops/cli-status-control/rpcpluginctl/main.go:80.23,83.18 3 0
rpc_plugin_system/control-plane-ops/cli-status-control/rpcpluginctl/main.go:83.18,85.5 1 0
rpc_plugin_system/control-plane-ops/cli-status-control/rpcpluginctl/main.go:86.4,86.65 1 0
rpc_plugin_system/control-plane-ops/cli-status-control/rpcpluginctl/main.go:86.65,88.5 1 0
rpc_plugin_system/control-plane-ops/cli-status-control/rpcpluginctl/main.go:89.17,92.18 3 0
rpc_plugin_system/control-plane-ops/cli-status-control/rpcpluginctl/main.go:92.18,94.5 1 0
rpc_plugin_system/control-plane-ops/cli-status-control/rpcpluginctl/main.go:95.4,95.58 1 0
rpc_plugin_system/control-plane-ops/cli-status-control/rpcpluginctl/main.go:95.58,97.5 1 0
rpc_plugin_system/control-plane-ops/cli-status-control/rpcpluginctl/main.go:98.20,99.23 1 0
rpc_plugin_system/control-plane-ops/cli-status-control/rpcpluginctl/main.go:99.23,101.5 1 0
rpc_plugin_system/control-plane-ops/cli-status-control/rpcpluginctl/main.go:102.4,104.18 3 0
rpc_plugin_system/control-plane-ops/cli-status-control/rpcpluginctl/main.go:104.18,106.5 1 0
rpc_plugin_system/control-plane-ops/cli-status-control/rpcpluginctl/main.go:107.4,107.54 1 0
rpc_plugin_system/control-plane-ops/cli-status-control/rpcpluginctl/main.go:107.54,109.5 1 0
rpc_plugin_system/control-plane-ops/cli-status-control/rpcpluginctl/main.go:110.15,111.23 1 0
rpc_plugin_system/control-plane-ops/cli-status-control/rpcpluginctl/main.go:111.23,113.5 1 0
rpc_plugin_system/control-plane-ops/cli-status-control/rpcpluginctl/main.go:114.4,116.18 3 0
rpc_plugin_system/control-plane-ops/cli-status-control/rpcpluginctl/main.go:116.18,118.5 1 0
rpc_plugin_system/control-plane-ops/cli-status-control/rpcpluginctl/main.go:119.4,119.55 1 0
rpc_plugin_system/control-plane-ops/cli-status-control/rpcpluginctl/main.go:119.55,121.5 1 0
rpc_plugin_system/control-plane-ops/cli-status-control/rpcpluginctl/main.go:122.18,123.23 1 0
rpc_plugin_system/control-plane-ops/cli-status-control/rpcpluginctl/main.go:123.23,125.5 1 0
rpc_plugin_system/control-plane-ops/cli-status-control/rpcpluginctl/main.go:126.4,128.18 3 0
rpc_plugin_system/control-plane-ops/cli-status-control/rpcpluginctl/main.go:128.18,130.5 1 0
rpc_plugin_system/control-plane-ops/cli-status-control/rpcpluginctl/main.go:131.4,131.59 1 0
rpc_plugin_system/control-plane-ops/cli-status-control/rpcpluginctl/main.go:131.59,133.5 1 0
rpc_plugin_system/control-plane-ops/cli-status-control/rpcpluginctl/main.go:135.14,137.17 2 0
rpc_plugin_system/control-plane-ops/cli-status-control/rpcpluginctl/main.go:137.17,139.4 1 0
rpc_plugin_system/control-plane-ops/cli-status-control/rpcpluginctl/main.go:140.3,149.17 2 0
rpc_plugin_system/control-plane-ops/cli-status-control/rpcpluginctl/main.go:149.17,151.4 1 0
rpc_plugin_system/control-plane-ops/cli-status-control/rpcpluginctl/main.go:152.3,153.17 2 0
rpc_plugin_system/control-plane-ops/cli-status-control/rpcpluginctl/main.go:153.17,155.4 1 0
rpc_plugin_system/control-plane-ops/cli-status-control/rpcpluginctl/main.go:156.3,156.15 1 0
rpc_plugin_system/control-plane-ops/cli-status-control/rpcpluginctl/main.go:156.15,158.19 2 0
rpc_plugin_system/control-plane-ops/cli-status-control/rpcpluginctl/main.go:159.16,160.62 1 0
rpc_plugin_system/control-plane-ops/cli-status-control/rpcpluginctl/main.go:160.62,162.6 1 0
rpc_plugin_system/control-plane-ops/cli-status-control/rpcpluginctl/main.go:163.16,164.62 1 0
rpc_plugin_system/control-plane-ops/cli-status-control/rpcpluginctl/main.go:164.62,166.6 1 0
rpc_plugin_system/control-plane-ops/cli-status-control/rpcpluginctl/main.go:167.12,168.68 1 0
rpc_plugin_system/control-plane-ops/cli-status-control/rpcpluginctl/main.go:170.4,170.10 1 0
rpc_plugin_system/control-plane-ops/cli-status-control/rpcpluginctl/main.go:172.3,172.18 1 0
rpc_plugin_system/control-plane-ops/cli-status-control/rpcpluginctl/main.go:173.15,174.65 1 0
rpc_plugin_system/control-plane-ops/cli-status-control/rpcpluginctl/main.go:174.65,176.5 1 0
rpc_plugin_system/control-plane-ops/cli-status-control/rpcpluginctl/main.go:177.15,178.65 1 0
rpc_plugin_system/control-plane-ops/cli-status-control/rpcpluginctl/main.go:178.65,180.5 1 0
rpc_plugin_system/control-plane-ops/cli-status-control/rpcpluginctl/main.go:181.11,182.67 1 0
rpc_plugin_system/control-plane-ops/cli-status-control/rpcpluginctl/main.go:184.30,186.9 2 0
rpc_plugin_system/control-plane-ops/cli-status-control/rpcpluginctl/main.go:187.10,188.131 1 0
rpc_plugin_system/control-plane-ops/cli-status-control/rpcpluginctl/main.go:192.66,193.20 1 0
rpc_plugin_system/control-plane-ops/cli-status-control/rpcpluginctl/main.go:193.20,195.3 1 0
rpc_plugin_system/control-plane-ops/cli-status-control/rpcpluginctl/main.go:196.2,197.44 2 0
rpc_plugin_system/control-plane-ops/cli-status-control/rpcpluginctl/main.go:197.44,199.3 1 0
rpc_plugin_system/control-plane-ops/cli-status-control/rpcpluginctl/main.go:200.2,201.16 2 0
rpc_plugin_system/control-plane-ops/cli-status-control/rpcpluginctl/main.go:201.16,203.3 1 0
rpc_plugin_system/control-plane-ops/cli-status-control/rpcpluginctl/main.go:204.2,205.32 2 0
rpc_plugin_system/control-plane-ops/cli-status-control/rpcpluginctl/main.go:205.32,206.21 1 0
rpc_plugin_system/control-plane-ops/cli-status-control/rpcpluginctl/main.go:206.21,207.12 1 0
rpc_plugin_system/control-plane-ops/cli-status-control/rpcpluginctl/main.go:209.3,210.47 2 0
rpc_plugin_system/control-plane-ops/cli-status-control/rpcpluginctl/main.go:210.47,212.4 1 0
rpc_plugin_system/control-plane-ops/cli-status-control/rpcpluginctl/main.go:214.2,214.26 1 0
rpc_plugin_system/control-plane-ops/cli-status-control/rpcpluginctl/main.go:214.26,216.3 1 0
rpc_plugin_system/control-plane-ops/cli-status-control/rpcpluginctl/main.go:217.2,217.25 1 0
rpc_plugin_system/control-plane-ops/cli-status-control/rpcpluginctl/main.go:217.25,219.3 1 0
rpc_plugin_system/control-plane-ops/cli-status-control/rpcpluginctl/main.go:220.2,220.21 1 0
rpc_plugin_system/control-plane-ops/admin-rpc/adminrpc/adminrpc.go:64.64,65.19 1 1
rpc_plugin_system/control-plane-ops/admin-rpc/adminrpc/adminrpc.go:65.19,67.3 1 0
rpc_plugin_system/control-plane-ops/admin-rpc/adminrpc/adminrpc.go:68.2,69.12 2 1
rpc_plugin_system/control-plane-ops/admin-rpc/adminrpc/adminrpc.go:73.65,74.19 1 0
rpc_plugin_system/control-plane-ops/admin-rpc/adminrpc/adminrpc.go:74.19,76.3 1 0
rpc_plugin_system/control-plane-ops/admin-rpc/adminrpc/adminrpc.go:77.2,78.12 2 0
rpc_plugin_system/control-plane-ops/admin-rpc/adminrpc/adminrpc.go:82.69,83.19 1 1
rpc_plugin_system/control-plane-ops/admin-rpc/adminrpc/adminrpc.go:83.19,85.3 1 0
rpc_plugin_system/control-plane-ops/admin-rpc/adminrpc/adminrpc.go:86.2,86.23 1 1
rpc_plugin_system/control-plane-ops/admin-rpc/adminrpc/adminrpc.go:86.23,88.3 1 0
rpc_plugin_system/control-plane-ops/admin-rpc/adminrpc/adminrpc.go:89.2,90.16 2 1
rpc_plugin_system/control-plane-ops/admin-rpc/adminrpc/adminrpc.go:90.16,92.3 1 0
rpc_plugin_system/control-plane-ops/admin-rpc/adminrpc/adminrpc.go:93.2,94.12 2 1
rpc_plugin_system/control-plane-ops/admin-rpc/adminrpc/adminrpc.go:98.73,99.19 1 1
rpc_plugin_system/control-plane-ops/admin-rpc/adminrpc/adminrpc.go:99.19,101.3 1 0
rpc_plugin_system/control-plane-ops/admin-rpc/adminrpc/adminrpc.go:102.2,104.12 3 1
rpc_plugin_system/control-plane-ops/admin-rpc/adminrpc/adminrpc.go:108.62,109.19 1 1
rpc_plugin_system/control-plane-ops/admin-rpc/adminrpc/adminrpc.go:109.19,111.3 1 0
rpc_plugin_system/control-plane-ops/admin-rpc/adminrpc/adminrpc.go:112.2,114.12 3 1
rpc_plugin_system/control-plane-ops/admin-rpc/adminrpc/adminrpc.go:118.79,119.19 1 1
rpc_plugin_system/control-plane-ops/admin-rpc/adminrpc/adminrpc.go:119.19,121.3 1 0
rpc_plugin_system/control-plane-ops/admin-rpc/adminrpc/adminrpc.go:122.2,122.23 1 1
rpc_plugin_system/control-plane-ops/admin-rpc/adminrpc/adminrpc.go:122.23,124.3 1 0
rpc_plugin_system/control-plane-ops/admin-rpc/adminrpc/adminrpc.go:125.2,126.16 2 1
rpc_plugin_system/control-plane-ops/admin-rpc/adminrpc/adminrpc.go:126.16,128.3 1 0
rpc_plugin_system/control-plane-ops/admin-rpc/adminrpc/adminrpc.go:129.2,130.12 2 1
rpc_plugin_system/control-plane-ops/admin-rpc/adminrpc/adminrpc.go:134.94,135.19 1 1
rpc_plugin_system/control-plane-ops/admin-rpc/adminrpc/adminrpc.go:135.19,137.3 1 0
rpc_plugin_system/control-plane-ops/admin-rpc/adminrpc/adminrpc.go:138.2,138.23 1 1
rpc_plugin_system/control-plane-ops/admin-rpc/adminrpc/adminrpc.go:138.23,140.3 1 0
rpc_plugin_system/control-plane-ops/admin-rpc/adminrpc/adminrpc.go:141.2,142.16 2 1
rpc_plugin_system/control-plane-ops/admin-rpc/adminrpc/adminrpc.go:142.16,144.3 1 0
rpc_plugin_system/control-plane-ops/admin-rpc/adminrpc/adminrpc.go:145.2,146.12 2 1
rpc_plugin_system/control-plane-ops/admin-rpc/adminrpc/adminrpc.go:150.71,151.19 1 1
rpc_plugin_system/control-plane-ops/admin-rpc/adminrpc/adminrpc.go:151.19,153.3 1 0
rpc_plugin_system/control-plane-ops/admin-rpc/adminrpc/adminrpc.go:154.2,154.23 1 1
rpc_plugin_system/control-plane-ops/admin-rpc/adminrpc/adminrpc.go:154.23,156.3 1 0
rpc_plugin_system/control-plane-ops/admin-rpc/adminrpc/adminrpc.go:157.2,158.16 2 1
rpc_plugin_system/control-plane-ops/admin-rpc/adminrpc/adminrpc.go:158.16,160.3 1 0
rpc_plugin_system/control-plane-ops/admin-rpc/adminrpc/adminrpc.go:161.2,162.12 2 1
rpc_plugin_system/control-plane-ops/admin-rpc/adminrpc/adminrpc.go:166.77,168.16 2 1
rpc_plugin_system/control-plane-ops/admin-rpc/adminrpc/adminrpc.go:168.16,170.3 1 0
rpc_plugin_system/control-plane-ops/admin-rpc/adminrpc/adminrpc.go:171.2,171.15 1 1
rpc_plugin_system/control-plane-ops/admin-rpc/adminrpc/adminrpc.go:171.15,174.3 2 1
rpc_plugin_system/control-plane-ops/admin-rpc/adminrpc/adminrpc.go:176.2,177.79 2 1
rpc_plugin_system/control-plane-ops/admin-rpc/adminrpc/adminrpc.go:177.79,179.3 1 0
rpc_plugin_system/control-plane-ops/admin-rpc/adminrpc/adminrpc.go:181.2,181.12 1 1
rpc_plugin_system/control-plane-ops/admin-rpc/adminrpc/adminrpc.go:181.12,184.3 2 1
rpc_plugin_system/control-plane-ops/admin-rpc/adminrpc/adminrpc.go:186.2,186.6 1 1
rpc_plugin_system/control-plane-ops/admin-rpc/adminrpc/adminrpc.go:186.6,188.17 2 1
rpc_plugin_system/control-plane-ops/admin-rpc/adminrpc/adminrpc.go:188.17,189.11 1 1
rpc_plugin_system/control-plane-ops/admin-rpc/adminrpc/adminrpc.go:190.22,191.15 1 1
rpc_plugin_system/control-plane-ops/admin-rpc/adminrpc/adminrpc.go:192.12,193.54 1 0
rpc_plugin_system/control-plane-ops/admin-rpc/adminrpc/adminrpc.go:196.3,196.28 1 1
rpc_plugin_system/control-plane-ops/admin-rpc/adminrpc/adminrpc.go:201.74,203.16 2 1
rpc_plugin_system/control-plane-ops/admin-rpc/adminrpc/adminrpc.go:203.16,205.3 1 1
rpc_plugin_system/control-plane-ops/admin-rpc/adminrpc/adminrpc.go:206.2,206.33 1 1
rpc_plugin_system/kernel-runtime-supervision/daemon-entrypoint/rpcplugind/main.go:20.13,30.16 4 0
rpc_plugin_system/kernel-runtime-supervision/daemon-entrypoint/rpcplugind/main.go:30.16,32.3 1 0
rpc_plugin_system/kernel-runtime-supervision/daemon-entrypoint/rpcplugind/main.go:34.2,41.16 2 0
rpc_plugin_system/kernel-runtime-supervision/daemon-entrypoint/rpcplugind/main.go:41.16,43.3 1 0
rpc_plugin_system/kernel-runtime-supervision/daemon-entrypoint/rpcplugind/main.go:44.2,46.40 2 0
rpc_plugin_system/kernel-runtime-supervision/daemon-entrypoint/rpcplugind/main.go:46.40,48.3 1 0
rpc_plugin_system/kernel-runtime-supervision/daemon-entrypoint/rpcplugind/main.go:50.2,54.92 4 0
rpc_plugin_system/kernel-runtime-supervision/daemon-entrypoint/rpcplugind/main.go:54.92,56.3 1 0
rpc_plugin_system/kernel-runtime-supervision/daemon-entrypoint/rpcplugind/main.go:61.91,62.22 1 1
rpc_plugin_system/kernel-runtime-supervision/daemon-entrypoint/rpcplugind/main.go:62.22,65.30 3 1
rpc_plugin_system/kernel-runtime-supervision/daemon-entrypoint/rpcplugind/main.go:65.30,68.62 3 1
rpc_plugin_system/kernel-runtime-supervision/daemon-entrypoint/rpcplugind/main.go:68.62,70.5 1 0
rpc_plugin_system/kernel-runtime-supervision/daemon-entrypoint/rpcplugind/main.go:71.4,71.54 1 1
rpc_plugin_system/kernel-runtime-supervision/daemon-entrypoint/rpcplugind/main.go:71.54,73.5 1 1
rpc_plugin_system/kernel-runtime-supervision/daemon-entrypoint/rpcplugind/main.go:74.4,74.94 1 0
rpc_plugin_system/kernel-runtime-supervision/daemon-entrypoint/rpcplugind/main.go:76.3,76.22 1 0
rpc_plugin_system/kernel-runtime-supervision/daemon-entrypoint/rpcplugind/main.go:78.2,78.22 1 1
rpc_plugin_system/kernel-runtime-supervision/daemon-entrypoint/rpcplugind/main.go:78.22,80.3 1 0
rpc_plugin_system/kernel-runtime-supervision/daemon-entrypoint/rpcplugind/main.go:81.2,81.51 1 1
rpc_plugin_system/kernel-runtime-supervision/daemon-entrypoint/rpcplugind/main.go:81.51,83.3 1 1
rpc_plugin_system/kernel-runtime-supervision/daemon-entrypoint/rpcplugind/main.go:84.2,84.81 1 0
rpc_plugin_system/kernel-runtime-supervision/daemon-entrypoint/rpcplugind/main.go:87.46,88.20 1 1
rpc_plugin_system/kernel-runtime-supervision/daemon-entrypoint/rpcplugind/main.go:88.20,90.3 1 1
rpc_plugin_system/kernel-runtime-supervision/daemon-entrypoint/rpcplugind/main.go:91.2,91.44 1 1
rpc_plugin_system/kernel-runtime-supervision/daemon-entrypoint/rpcplugind/main.go:91.44,93.3 1 1
rpc_plugin_system/kernel-runtime-supervision/daemon-entrypoint/rpcplugind/main.go:94.2,94.12 1 0
rpc_plugin_system/kernel-runtime-supervision/manager-lifecycle/kernel/host.go:54.52,56.2 1 0
rpc_plugin_system/kernel-runtime-supervision/manager-lifecycle/kernel/host.go:59.33,61.2 1 1
rpc_plugin_system/kernel-runtime-supervision/manager-lifecycle/kernel/host.go:64.55,66.16 2 1
rpc_plugin_system/kernel-runtime-supervision/manager-lifecycle/kernel/host.go:66.16,68.3 1 0
rpc_plugin_system/kernel-runtime-supervision/manager-lifecycle/kernel/host.go:69.2,69.29 1 1
rpc_plugin_system/kernel-runtime-supervision/manager-lifecycle/kernel/host.go:73.45,74.26 1 1
rpc_plugin_system/kernel-runtime-supervision/manager-lifecycle/kernel/host.go:74.26,76.3 1 0
rpc_plugin_system/kernel-runtime-supervision/manager-lifecycle/kernel/host.go:77.2,77.27 1 1
rpc_plugin_system/kernel-runtime-supervision/manager-lifecycle/kernel/host.go:77.27,79.3 1 0
rpc_plugin_system/kernel-runtime-supervision/manager-lifecycle/kernel/host.go:80.2,82.37 3 1
rpc_plugin_system/kernel-runtime-supervision/manager-lifecycle/kernel/host.go:82.37,83.55 1 1
rpc_plugin_system/kernel-runtime-supervision/manager-lifecycle/kernel/host.go:83.55,85.4 1 0
rpc_plugin_system/kernel-runtime-supervision/manager-lifecycle/kernel/host.go:86.3,86.41 1 1
rpc_plugin_system/kernel-runtime-supervision/manager-lifecycle/kernel/host.go:86.41,88.4 1 0
rpc_plugin_system/kernel-runtime-supervision/manager-lifecycle/kernel/host.go:89.3,99.17 3 1
rpc_plugin_system/kernel-runtime-supervision/manager-lifecycle/kernel/host.go:99.17,100.43 1 0
rpc_plugin_system/kernel-runtime-supervision/manager-lifecycle/kernel/host.go:100.43,102.5 1 0
rpc_plugin_system/kernel-runtime-supervision/manager-lifecycle/kernel/host.go:103.4,103.74 1 0
rpc_plugin_system/kernel-runtime-supervision/manager-lifecycle/kernel/host.go:105.3,106.55 2 1
rpc_plugin_system/kernel-runtime-supervision/manager-lifecycle/kernel/host.go:108.2,109.18 2 1
rpc_plugin_system/kernel-runtime-supervision/manager-lifecycle/kernel/host.go:113.30,117.37 4 1
rpc_plugin_system/kernel-runtime-supervision/manager-lifecycle/kernel/host.go:117.37,118.73 1 1
rpc_plugin_system/kernel-runtime-supervision/manager-lifecycle/kernel/host.go:118.73,120.4 1 1
rpc_plugin_system/kernel-runtime-supervision/manager-lifecycle/kernel/host.go:122.2,122.17 1 1
rpc_plugin_system/kernel-runtime-supervision/manager-lifecycle/kernel/host.go:126.33,130.37 4 1
rpc_plugin_system/kernel-runtime-supervision/manager-lifecycle/kernel/host.go:130.37,131.54 1 1
rpc_plugin_system/kernel-runtime-supervision/manager-lifecycle/kernel/host.go:131.54,132.38 1 0
rpc_plugin_system/kernel-runtime-supervision/manager-lifecycle/kernel/host.go:132.38,134.5 1 0
rpc_plugin_system/kernel-runtime-supervision/manager-lifecycle/kernel/host.go:135.4,135.59 1 0
rpc_plugin_system/kernel-runtime-supervision/manager-lifecycle/kernel/host.go:137.3,137.38 1 1
rpc_plugin_system/kernel-runtime-supervision/manager-lifecycle/kernel/host.go:139.2,139.12 1 1
rpc_plugin_system/kernel-runtime-supervision/manager-lifecycle/kernel/host.go:143.59,147.9 4 1
rpc_plugin_system/kernel-runtime-supervision/manager-lifecycle/kernel/host.go:147.9,149.3 1 0
rpc_plugin_system/kernel-runtime-supervision/manager-lifecycle/kernel/host.go:150.2,150.21 1 1
rpc_plugin_system/kernel-runtime-supervision/manager-lifecycle/kernel/host.go:154.34,162.37 4 1
rpc_plugin_system/kernel-runtime-supervision/manager-lifecycle/kernel/host.go:162.37,172.42 4 1
rpc_plugin_system/kernel-runtime-supervision/manager-lifecycle/kernel/host.go:172.42,174.4 1 1
rpc_plugin_system/kernel-runtime-supervision/manager-lifecycle/kernel/host.go:176.2,176.37 1 1
rpc_plugin_system/kernel-runtime-supervision/manager-lifecycle/kernel/host.go:176.37,178.3 1 1
rpc_plugin_system/kernel-runtime-supervision/manager-lifecycle/kernel/host.go:179.2,179.12 1 1
rpc_plugin_system/kernel-runtime-supervision/manager-lifecycle/kernel/host.go:183.33,185.2 1 0
rpc_plugin_system/kernel-runtime-supervision/manager-lifecycle/kernel/host.go:188.62,190.16 2 1
rpc_plugin_system/kernel-runtime-supervision/manager-lifecycle/kernel/host.go:190.16,192.3 1 0
rpc_plugin_system/kernel-runtime-supervision/manager-lifecycle/kernel/host.go:193.2,194.9 2 1
rpc_plugin_system/kernel-runtime-supervision/manager-lifecycle/kernel/host.go:194.9,196.3 1 0
rpc_plugin_system/kernel-runtime-supervision/manager-lifecycle/kernel/host.go:197.2,197.19 1 1
rpc_plugin_system/kernel-runtime-supervision/manager-lifecycle/kernel/host.go:210.70,212.16 2 1
rpc_plugin_system/kernel-runtime-supervision/manager-lifecycle/kernel/host.go:212.16,214.3 1 0
rpc_plugin_system/kernel-runtime-supervision/manager-lifecycle/kernel/host.go:215.2,222.17 2 1
rpc_plugin_system/kernel-runtime-supervision/manager-lifecycle/kernel/host.go:226.63,228.16 2 1
rpc_plugin_system/kernel-runtime-supervision/manager-lifecycle/kernel/host.go:228.16,230.3 1 0
rpc_plugin_system/kernel-runtime-supervision/manager-lifecycle/kernel/host.go:231.2,231.30 1 1
rpc_plugin_system/kernel-runtime-supervision/manager-lifecycle/kernel/host.go:235.84,237.16 2 1
rpc_plugin_system/kernel-runtime-supervision/manager-lifecycle/kernel/host.go:237.16,239.3 1 0
rpc_plugin_system/kernel-runtime-supervision/manager-lifecycle/kernel/host.go:240.2,240.28 1 1
rpc_plugin_system/kernel-runtime-supervision/manager-lifecycle/kernel/host.go:258.88,260.2 1 1
rpc_plugin_system/kernel-runtime-supervision/manager-lifecycle/kernel/host.go:263.71,265.16 2 1
rpc_plugin_system/kernel-runtime-supervision/manager-lifecycle/kernel/host.go:265.16,267.3 1 0
rpc_plugin_system/kernel-runtime-supervision/manager-lifecycle/kernel/host.go:268.2,268.18 1 1
rpc_plugin_system/kernel-runtime-supervision/manager-lifecycle/kernel/host.go:269.27,271.17 2 1
rpc_plugin_system/kernel-runtime-supervision/manager-lifecycle/kernel/host.go:271.17,273.4 1 0
rpc_plugin_system/kernel-runtime-supervision/manager-lifecycle/kernel/host.go:274.3,274.70 1 1
rpc_plugin_system/kernel-runtime-supervision/manager-lifecycle/kernel/host.go:275.22,278.17 3 1
rpc_plugin_system/kernel-runtime-supervision/manager-lifecycle/kernel/host.go:278.17,280.4 1 0
rpc_plugin_system/kernel-runtime-supervision/manager-lifecycle/kernel/host.go:281.3,281.107 1 1
rpc_plugin_system/kernel-runtime-supervision/manager-lifecycle/kernel/host.go:282.25,283.43 1 1
rpc_plugin_system/kernel-runtime-supervision/manager-lifecycle/kernel/host.go:283.43,285.4 1 0
rpc_plugin_system/kernel-runtime-supervision/manager-lifecycle/kernel/host.go:286.3,286.82 1 1
rpc_plugin_system/kernel-runtime-supervision/manager-lifecycle/kernel/host.go:287.10,288.79 1 0
rpc_plugin_system/kernel-runtime-supervision/manager-lifecycle/kernel/host.go:293.49,296.37 3 0
rpc_plugin_system/kernel-runtime-supervision/manager-lifecycle/kernel/host.go:296.37,298.3 1 0
rpc_plugin_system/kernel-runtime-supervision/manager-lifecycle/kernel/host.go:301.53,303.2 1 1
rpc_plugin_system/kernel-runtime-supervision/manager-lifecycle/kernel/host.go:305.55,307.2 1 1
rpc_plugin_system/kernel-runtime-supervision/manager-lifecycle/kernel/manager.go:71.40,72.98 1 1
rpc_plugin_system/kernel-runtime-supervision/manager-lifecycle/kernel/manager.go:72.98,74.3 1 0
rpc_plugin_system/kernel-runtime-supervision/manager-lifecycle/kernel/manager.go:75.2,75.69 1 1
rpc_plugin_system/kernel-runtime-supervision/manager-lifecycle/kernel/manager.go:75.69,77.3 1 1
rpc_plugin_system/kernel-runtime-supervision/manager-lifecycle/kernel/manager.go:78.2,78.60 1 1
rpc_plugin_system/kernel-runtime-supervision/manager-lifecycle/kernel/manager.go:78.60,80.3 1 0
rpc_plugin_system/kernel-runtime-supervision/manager-lifecycle/kernel/manager.go:81.2,82.16 2 1
rpc_plugin_system/kernel-runtime-supervision/manager-lifecycle/kernel/manager.go:82.16,84.3 1 0
rpc_plugin_system/kernel-runtime-supervision/manager-lifecycle/kernel/manager.go:85.2,85.26 1 1
rpc_plugin_system/kernel-runtime-supervision/manager-lifecycle/kernel/manager.go:85.26,87.3 1 0
rpc_plugin_system/kernel-runtime-supervision/manager-lifecycle/kernel/manager.go:88.2,88.26 1 1
rpc_plugin_system/kernel-runtime-supervision/manager-lifecycle/kernel/manager.go:88.26,90.3 1 0
rpc_plugin_system/kernel-runtime-supervision/manager-lifecycle/kernel/manager.go:91.2,91.29 1 1
rpc_plugin_system/kernel-runtime-supervision/manager-lifecycle/kernel/manager.go:91.29,93.3 1 1
rpc_plugin_system/kernel-runtime-supervision/manager-lifecycle/kernel/manager.go:94.2,107.21 3 1
rpc_plugin_system/kernel-runtime-supervision/manager-lifecycle/kernel/manager.go:111.33,112.24 1 1
rpc_plugin_system/kernel-runtime-supervision/manager-lifecycle/kernel/manager.go:112.24,119.3 6 1
rpc_plugin_system/kernel-runtime-supervision/manager-lifecycle/kernel/manager.go:120.2,120.22 1 1
rpc_plugin_system/kernel-runtime-supervision/manager-lifecycle/kernel/manager.go:124.33,126.14 2 1
rpc_plugin_system/kernel-runtime-supervision/manager-lifecycle/kernel/manager.go:126.14,129.3 2 0
rpc_plugin_system/kernel-runtime-supervision/manager-lifecycle/kernel/manager.go:130.2,153.16 10 1
rpc_plugin_system/kernel-runtime-supervision/manager-lifecycle/kernel/manager.go:153.16,166.3 3 0
rpc_plugin_system/kernel-runtime-supervision/manager-lifecycle/kernel/manager.go:167.2,167.61 1 1
rpc_plugin_system/kernel-runtime-supervision/manager-lifecycle/kernel/manager.go:167.61,181.3 4 0
rpc_plugin_system/kernel-runtime-supervision/manager-lifecycle/kernel/manager.go:183.2,190.84 3 1
rpc_plugin_system/kernel-runtime-supervision/manager-lifecycle/kernel/manager.go:190.84,192.3 1 1
rpc_plugin_system/kernel-runtime-supervision/manager-lifecycle/kernel/manager.go:193.2,193.88 1 1
rpc_plugin_system/kernel-runtime-supervision/manager-lifecycle/kernel/manager.go:193.88,195.3 1 1
rpc_plugin_system/kernel-runtime-supervision/manager-lifecycle/kernel/manager.go:196.2,196.36 1 1
rpc_plugin_system/kernel-runtime-supervision/manager-lifecycle/kernel/manager.go:196.36,210.3 4 0
rpc_plugin_system/kernel-runtime-supervision/manager-lifecycle/kernel/manager.go:212.2,213.16 2 1
rpc_plugin_system/kernel-runtime-supervision/manager-lifecycle/kernel/manager.go:213.16,216.3 2 1
rpc_plugin_system/kernel-runtime-supervision/manager-lifecycle/kernel/manager.go:217.2,217.78 1 1
rpc_plugin_system/kernel-runtime-supervision/manager-lifecycle/kernel/manager.go:217.78,231.3 3 0
rpc_plugin_system/kernel-runtime-supervision/manager-lifecycle/kernel/manager.go:233.2,244.137 3 1
rpc_plugin_system/kernel-runtime-supervision/manager-lifecycle/kernel/manager.go:244.137,259.3 4 1
rpc_plugin_system/kernel-runtime-supervision/manager-lifecycle/kernel/manager.go:260.2,260.41 1 1
rpc_plugin_system/kernel-runtime-supervision/manager-lifecycle/kernel/manager.go:260.41,275.3 4 1
rpc_plugin_system/kernel-runtime-supervision/manager-lifecycle/kernel/manager.go:276.2,276.41 1 1
rpc_plugin_system/kernel-runtime-supervision/manager-lifecycle/kernel/manager.go:276.41,291.3 4 1
rpc_plugin_system/kernel-runtime-supervision/manager-lifecycle/kernel/manager.go:292.2,315.115 5 1
rpc_plugin_system/kernel-runtime-supervision/manager-lifecycle/kernel/manager.go:315.115,330.3 4 0
rpc_plugin_system/kernel-runtime-supervision/manager-lifecycle/kernel/manager.go:331.2,331.37 1 1
rpc_plugin_system/kernel-runtime-supervision/manager-lifecycle/kernel/manager.go:331.37,346.3 4 0
rpc_plugin_system/kernel-runtime-supervision/manager-lifecycle/kernel/manager.go:347.2,347.37 1 1
rpc_plugin_system/kernel-runtime-supervision/manager-lifecycle/kernel/manager.go:347.37,362.3 4 0
rpc_plugin_system/kernel-runtime-supervision/manager-lifecycle/kernel/manager.go:363.2,363.40 1 1
rpc_plugin_system/kernel-runtime-supervision/manager-lifecycle/kernel/manager.go:363.40,364.38 1 1
rpc_plugin_system/kernel-runtime-supervision/manager-lifecycle/kernel/manager.go:364.38,379.4 4 1
rpc_plugin_system/kernel-runtime-supervision/manager-lifecycle/kernel/manager.go:382.2,417.12 8 1
rpc_plugin_system/kernel-runtime-supervision/manager-lifecycle/kernel/manager.go:421.72,429.12 8 1
rpc_plugin_system/kernel-runtime-supervision/manager-lifecycle/kernel/manager.go:429.12,431.3 1 0
rpc_plugin_system/kernel-runtime-supervision/manager-lifecycle/kernel/manager.go:432.2,433.19 2 1
rpc_plugin_system/kernel-runtime-supervision/manager-lifecycle/kernel/manager.go:433.19,435.3 1 1
rpc_plugin_system/kernel-runtime-supervision/manager-lifecycle/kernel/manager.go:436.2,436.111 1 1
rpc_plugin_system/kernel-runtime-supervision/manager-lifecycle/kernel/manager.go:436.111,450.3 2 1
rpc_plugin_system/kernel-runtime-supervision/manager-lifecycle/kernel/manager.go:451.2,456.13 6 1
rpc_plugin_system/kernel-runtime-supervision/manager-lifecycle/kernel/manager.go:456.13,457.18 1 1
rpc_plugin_system/kernel-runtime-supervision/manager-lifecycle/kernel/manager.go:457.18,469.4 1 0
rpc_plugin_system/kernel-runtime-supervision/manager-lifecycle/kernel/manager.go:470.8,483.3 1 1
rpc_plugin_system/kernel-runtime-supervision/manager-lifecycle/kernel/manager.go:484.2,484.17 1 1
rpc_plugin_system/kernel-runtime-supervision/manager-lifecycle/kernel/manager.go:488.56,494.12 6 1
rpc_plugin_system/kernel-runtime-supervision/manager-lifecycle/kernel/manager.go:494.12,496.3 1 0
rpc_plugin_system/kernel-runtime-supervision/manager-lifecycle/kernel/manager.go:497.2,497.19 1 1
rpc_plugin_system/kernel-runtime-supervision/manager-lifecycle/kernel/manager.go:497.19,499.3 1 0
rpc_plugin_system/kernel-runtime-supervision/manager-lifecycle/kernel/manager.go:500.2,501.128 2 1
rpc_plugin_system/kernel-runtime-supervision/manager-lifecycle/kernel/manager.go:501.128,503.3 1 1
rpc_plugin_system/kernel-runtime-supervision/manager-lifecycle/kernel/manager.go:504.2,504.25 1 1
rpc_plugin_system/kernel-runtime-supervision/manager-lifecycle/kernel/manager.go:508.55,514.12 6 1
rpc_plugin_system/kernel-runtime-supervision/manager-lifecycle/kernel/manager.go:514.12,516.3 1 0
rpc_plugin_system/kernel-runtime-supervision/manager-lifecycle/kernel/manager.go:517.2,517.19 1 1
rpc_plugin_system/kernel-runtime-supervision/manager-lifecycle/kernel/manager.go:517.19,519.3 1 0
rpc_plugin_system/kernel-runtime-supervision/manager-lifecycle/kernel/manager.go:520.2,520.134 1 1
rpc_plugin_system/kernel-runtime-supervision/manager-lifecycle/kernel/manager.go:524.41,530.12 6 1
rpc_plugin_system/kernel-runtime-supervision/manager-lifecycle/kernel/manager.go:530.12,532.3 1 0
rpc_plugin_system/kernel-runtime-supervision/manager-lifecycle/kernel/manager.go:533.2,533.19 1 1
rpc_plugin_system/kernel-runtime-supervision/manager-lifecycle/kernel/manager.go:533.19,535.3 1 0
rpc_plugin_system/kernel-runtime-supervision/manager-lifecycle/kernel/manager.go:536.2,536.126 1 1
rpc_plugin_system/kernel-runtime-supervision/manager-lifecycle/kernel/manager.go:540.35,547.12 7 1
rpc_plugin_system/kernel-runtime-supervision/manager-lifecycle/kernel/manager.go:547.12,549.3 1 0
rpc_plugin_system/kernel-runtime-supervision/manager-lifecycle/kernel/manager.go:550.2,560.33 2 1
rpc_plugin_system/kernel-runtime-supervision/manager-lifecycle/kernel/manager.go:560.33,573.3 2 0
rpc_plugin_system/kernel-runtime-supervision/manager-lifecycle/kernel/manager.go:574.2,574.34 1 1
rpc_plugin_system/kernel-runtime-supervision/manager-lifecycle/kernel/manager.go:574.34,587.3 2 1
rpc_plugin_system/kernel-runtime-supervision/manager-lifecycle/kernel/manager.go:588.2,599.12 3 1
rpc_plugin_system/kernel-runtime-supervision/manager-lifecycle/kernel/manager.go:603.32,605.2 1 1
rpc_plugin_system/kernel-runtime-supervision/manager-lifecycle/kernel/manager.go:608.33,614.2 5 1
rpc_plugin_system/kernel-runtime-supervision/manager-lifecycle/kernel/manager.go:616.82,627.34 3 1
rpc_plugin_system/kernel-runtime-supervision/manager-lifecycle/kernel/manager.go:627.34,629.17 2 1
rpc_plugin_system/kernel-runtime-supervision/manager-lifecycle/kernel/manager.go:629.17,640.4 2 1
rpc_plugin_system/kernel-runtime-supervision/manager-lifecycle/kernel/manager.go:641.3,641.36 1 1
rpc_plugin_system/kernel-runtime-supervision/manager-lifecycle/kernel/manager.go:643.2,654.17 3 1
rpc_plugin_system/kernel-runtime-supervision/manager-lifecycle/kernel/manager.go:657.104,658.19 1 1
rpc_plugin_system/kernel-runtime-supervision/manager-lifecycle/kernel/manager.go:658.19,660.3 1 0
rpc_plugin_system/kernel-runtime-supervision/manager-lifecycle/kernel/manager.go:661.2,674.12 4 1
rpc_plugin_system/kernel-runtime-supervision/manager-lifecycle/kernel/manager.go:674.12,676.3 1 1
rpc_plugin_system/kernel-runtime-supervision/manager-lifecycle/kernel/manager.go:678.2,678.9 1 1
rpc_plugin_system/kernel-runtime-supervision/manager-lifecycle/kernel/manager.go:679.25,680.17 1 1
rpc_plugin_system/kernel-runtime-supervision/manager-lifecycle/kernel/manager.go:680.17,681.29 1 1
rpc_plugin_system/kernel-runtime-supervision/manager-lifecycle/kernel/manager.go:681.29,683.5 1 1
rpc_plugin_system/kernel-runtime-supervision/manager-lifecycle/kernel/manager.go:684.4,696.14 2 1
rpc_plugin_system/kernel-runtime-supervision/manager-lifecycle/kernel/manager.go:698.3,701.38 4 1
rpc_plugin_system/kernel-runtime-supervision/manager-lifecycle/kernel/manager.go:701.38,716.4 3 0
rpc_plugin_system/kernel-runtime-supervision/manager-lifecycle/kernel/manager.go:717.3,728.13 2 1
rpc_plugin_system/kernel-runtime-supervision/manager-lifecycle/kernel/manager.go:729.39,744.13 4 1
rpc_plugin_system/kernel-runtime-supervision/manager-lifecycle/kernel/manager.go:748.69,750.14 2 1
rpc_plugin_system/kernel-runtime-supervision/manager-lifecycle/kernel/manager.go:750.14,753.3 2 0
rpc_plugin_system/kernel-runtime-supervision/manager-lifecycle/kernel/manager.go:754.2,763.16 10 1
rpc_plugin_system/kernel-runtime-supervision/manager-lifecycle/kernel/manager.go:763.16,765.3 1 1
rpc_plugin_system/kernel-runtime-supervision/manager-lifecycle/kernel/manager.go:766.2,780.19 3 1
rpc_plugin_system/kernel-runtime-supervision/manager-lifecycle/kernel/manager.go:780.19,792.129 2 1
rpc_plugin_system/kernel-runtime-supervision/manager-lifecycle/kernel/manager.go:792.129,805.4 1 0
rpc_plugin_system/kernel-runtime-supervision/manager-lifecycle/kernel/manager.go:805.9,817.4 1 1
rpc_plugin_system/kernel-runtime-supervision/manager-lifecycle/kernel/manager.go:818.3,818.21 1 1
rpc_plugin_system/kernel-runtime-supervision/manager-lifecycle/kernel/manager.go:820.2,820.38 1 1
rpc_plugin_system/kernel-runtime-supervision/manager-lifecycle/kernel/manager.go:820.38,822.13 2 1
rpc_plugin_system/kernel-runtime-supervision/manager-lifecycle/kernel/manager.go:822.13,825.4 2 1
rpc_plugin_system/kernel-runtime-supervision/manager-lifecycle/kernel/manager.go:826.3,826.10 1 1
rpc_plugin_system/kernel-runtime-supervision/manager-lifecycle/kernel/manager.go:827.24,828.56 1 1
rpc_plugin_system/kernel-runtime-supervision/manager-lifecycle/kernel/manager.go:828.56,830.5 1 0
rpc_plugin_system/kernel-runtime-supervision/manager-lifecycle/kernel/manager.go:831.45,832.100 1 1
rpc_plugin_system/kernel-runtime-supervision/manager-lifecycle/kernel/manager.go:832.100,834.5 1 0
rpc_plugin_system/kernel-runtime-supervision/manager-lifecycle/kernel/manager.go:835.4,835.73 1 1
rpc_plugin_system/kernel-runtime-supervision/manager-lifecycle/kernel/manager.go:835.73,837.5 1 0
rpc_plugin_system/kernel-runtime-supervision/manager-lifecycle/kernel/manager.go:838.4,850.14 3 1
rpc_plugin_system/kernel-runtime-supervision/manager-lifecycle/kernel/manager.go:853.2,865.12 3 1
rpc_plugin_system/kernel-runtime-supervision/manager-lifecycle/kernel/manager.go:868.119,869.19 1 1
rpc_plugin_system/kernel-runtime-supervision/manager-lifecycle/kernel/manager.go:869.19,871.3 1 1
rpc_plugin_system/kernel-runtime-supervision/manager-lifecycle/kernel/manager.go:872.2,873.38 2 1
rpc_plugin_system/kernel-runtime-supervision/manager-lifecycle/kernel/manager.go:873.38,877.3 3 1
rpc_plugin_system/kernel-runtime-supervision/manager-lifecycle/kernel/manager.go:878.2,891.39 3 1
rpc_plugin_system/kernel-runtime-supervision/manager-lifecycle/kernel/manager.go:894.35,895.14 1 1
rpc_plugin_system/kernel-runtime-supervision/manager-lifecycle/kernel/manager.go:895.14,897.3 1 0
rpc_plugin_system/kernel-runtime-supervision/manager-lifecycle/kernel/manager.go:898.2,898.19 1 1
rpc_plugin_system/kernel-runtime-supervision/manager-lifecycle/kernel/manager.go:898.19,900.3 1 1
rpc_plugin_system/kernel-runtime-supervision/manager-lifecycle/kernel/manager.go:901.2,901.21 1 1
rpc_plugin_system/kernel-runtime-supervision/manager-lifecycle/kernel/manager.go:901.21,903.3 1 1
rpc_plugin_system/kernel-runtime-supervision/manager-lifecycle/kernel/manager.go:904.2,904.12 1 0
rpc_plugin_system/kernel-runtime-supervision/manager-lifecycle/kernel/manager.go:907.106,908.19 1 1
rpc_plugin_system/kernel-runtime-supervision/manager-lifecycle/kernel/manager.go:908.19,910.3 1 0
rpc_plugin_system/kernel-runtime-supervision/manager-lifecycle/kernel/manager.go:911.2,913.24 3 1
rpc_plugin_system/kernel-runtime-supervision/manager-lifecycle/kernel/manager.go:913.24,916.3 2 1
rpc_plugin_system/kernel-runtime-supervision/manager-lifecycle/kernel/manager.go:917.2,931.20 3 1
rpc_plugin_system/kernel-runtime-supervision/manager-lifecycle/kernel/manager.go:934.91,935.41 1 1
rpc_plugin_system/kernel-runtime-supervision/manager-lifecycle/kernel/manager.go:935.41,937.3 1 0
rpc_plugin_system/kernel-runtime-supervision/manager-lifecycle/kernel/manager.go:938.2,939.16 2 1
rpc_plugin_system/kernel-runtime-supervision/manager-lifecycle/kernel/manager.go:939.16,941.3 1 0
rpc_plugin_system/kernel-runtime-supervision/manager-lifecycle/kernel/manager.go:942.2,942.25 1 1
rpc_plugin_system/kernel-runtime-supervision/manager-lifecycle/kernel/manager.go:942.25,944.3 1 0
rpc_plugin_system/kernel-runtime-supervision/manager-lifecycle/kernel/manager.go:945.2,959.12 2 1
rpc_plugin_system/kernel-runtime-supervision/manager-lifecycle/kernel/manager.go:962.39,963.16 1 1
rpc_plugin_system/kernel-runtime-supervision/manager-lifecycle/kernel/manager.go:963.16,965.3 1 0
rpc_plugin_system/kernel-runtime-supervision/manager-lifecycle/kernel/manager.go:966.2,966.135 1 1
rpc_plugin_system/kernel-runtime-supervision/manager-lifecycle/kernel/manager.go:966.135,968.3 1 1
rpc_plugin_system/kernel-runtime-supervision/manager-lifecycle/kernel/manager.go:969.2,970.29 2 1
rpc_plugin_system/kernel-runtime-supervision/manager-lifecycle/kernel/manager.go:970.29,972.3 1 0
rpc_plugin_system/kernel-runtime-supervision/manager-lifecycle/kernel/manager.go:973.2,974.31 2 1
rpc_plugin_system/kernel-runtime-supervision/manager-lifecycle/kernel/manager.go:977.62,982.54 5 1
rpc_plugin_system/kernel-runtime-supervision/manager-lifecycle/kernel/manager.go:982.54,983.41 1 1
rpc_plugin_system/kernel-runtime-supervision/manager-lifecycle/kernel/manager.go:983.41,984.27 1 1
rpc_plugin_system/kernel-runtime-supervision/manager-lifecycle/kernel/manager.go:984.27,986.5 1 0
rpc_plugin_system/kernel-runtime-supervision/manager-lifecycle/kernel/manager.go:987.4,987.12 1 1
rpc_plugin_system/kernel-runtime-supervision/manager-lifecycle/kernel/manager.go:989.3,989.34 1 1
rpc_plugin_system/kernel-runtime-supervision/manager-lifecycle/kernel/manager.go:991.2,991.21 1 1
rpc_plugin_system/kernel-runtime-supervision/manager-lifecycle/kernel/manager.go:991.21,1006.3 2 0
rpc_plugin_system/kernel-runtime-supervision/manager-lifecycle/kernel/manager.go:1007.2,1018.4 1 1
rpc_plugin_system/kernel-runtime-supervision/manager-lifecycle/kernel/manager.go:1021.57,1023.40 2 1
rpc_plugin_system/kernel-runtime-supervision/manager-lifecycle/kernel/manager.go:1023.40,1025.3 1 1
rpc_plugin_system/kernel-runtime-supervision/manager-lifecycle/kernel/manager.go:1026.2,1026.15 1 1
rpc_plugin_system/kernel-runtime-supervision/manager-lifecycle/kernel/manager.go:1029.50,1030.30 1 1
rpc_plugin_system/kernel-runtime-supervision/manager-lifecycle/kernel/manager.go:1030.30,1032.3 1 0
rpc_plugin_system/kernel-runtime-supervision/manager-lifecycle/kernel/manager.go:1033.2,1033.24 1 1
rpc_plugin_system/kernel-runtime-supervision/manager-lifecycle/kernel/manager.go:1036.36,1037.16 1 1
rpc_plugin_system/kernel-runtime-supervision/manager-lifecycle/kernel/manager.go:1037.16,1039.3 1 0
rpc_plugin_system/kernel-runtime-supervision/manager-lifecycle/kernel/manager.go:1040.2,1040.20 1 1
rpc_plugin_system/kernel-runtime-supervision/manager-lifecycle/kernel/monitor.go:12.52,16.6 3 1
rpc_plugin_system/kernel-runtime-supervision/manager-lifecycle/kernel/monitor.go:16.6,17.10 1 1
rpc_plugin_system/kernel-runtime-supervision/manager-lifecycle/kernel/monitor.go:18.21,19.10 1 1
rpc_plugin_system/kernel-runtime-supervision/manager-lifecycle/kernel/monitor.go:20.19,21.43 1 1
rpc_plugin_system/kernel-runtime-supervision/manager-lifecycle/kernel/monitor.go:21.43,22.12 1 1
rpc_plugin_system/kernel-runtime-supervision/manager-lifecycle/kernel/monitor.go:23.23,24.12 1 0
rpc_plugin_system/kernel-runtime-supervision/manager-lifecycle/kernel/monitor.go:25.13,25.13 0 1
rpc_plugin_system/kernel-runtime-supervision/manager-lifecycle/kernel/monitor.go:27.5,36.53 2 1
rpc_plugin_system/kernel-runtime-supervision/manager-lifecycle/kernel/monitor.go:36.53,46.6 1 1
rpc_plugin_system/plugin-authoring-sdk/failure-example/rpcplugin-failure/main.go:22.42,22.62 1 0
rpc_plugin_system/plugin-authoring-sdk/failure-example/rpcplugin-failure/main.go:24.53,26.31 2 0
rpc_plugin_system/plugin-authoring-sdk/failure-example/rpcplugin-failure/main.go:26.31,28.3 1 0
rpc_plugin_system/plugin-authoring-sdk/failure-example/rpcplugin-failure/main.go:29.2,29.78 1 0
rpc_plugin_system/plugin-authoring-sdk/failure-example/rpcplugin-failure/main.go:32.67,33.25 1 0
rpc_plugin_system/plugin-authoring-sdk/failure-example/rpcplugin-failure/main.go:33.25,35.3 1 0
rpc_plugin_system/plugin-authoring-sdk/failure-example/rpcplugin-failure/main.go:36.2,36.12 1 0
rpc_plugin_system/plugin-authoring-sdk/failure-example/rpcplugin-failure/main.go:39.64,41.49 2 0
rpc_plugin_system/plugin-authoring-sdk/failure-example/rpcplugin-failure/main.go:41.49,43.3 1 0
rpc_plugin_system/plugin-authoring-sdk/failure-example/rpcplugin-failure/main.go:46.88,47.36 1 0
rpc_plugin_system/plugin-authoring-sdk/failure-example/rpcplugin-failure/main.go:47.36,50.3 2 0
rpc_plugin_system/plugin-authoring-sdk/failure-example/rpcplugin-failure/main.go:51.2,52.31 2 0
rpc_plugin_system/plugin-authoring-sdk/failure-example/rpcplugin-failure/main.go:52.31,54.3 1 0
rpc_plugin_system/plugin-authoring-sdk/failure-example/rpcplugin-failure/main.go:55.2,62.12 2 0
rpc_plugin_system/plugin-authoring-sdk/failure-example/rpcplugin-failure/main.go:65.85,66.28 1 0
rpc_plugin_system/plugin-authoring-sdk/failure-example/rpcplugin-failure/main.go:66.28,68.3 1 0
rpc_plugin_system/plugin-authoring-sdk/failure-example/rpcplugin-failure/main.go:69.2,69.49 1 0
rpc_plugin_system/plugin-authoring-sdk/failure-example/rpcplugin-failure/main.go:69.49,71.3 1 0
rpc_plugin_system/plugin-authoring-sdk/failure-example/rpcplugin-failure/main.go:72.2,73.12 2 0
rpc_plugin_system/plugin-authoring-sdk/failure-example/rpcplugin-failure/main.go:76.78,78.16 2 0
rpc_plugin_system/plugin-authoring-sdk/failure-example/rpcplugin-failure/main.go:78.16,80.3 1 0
rpc_plugin_system/plugin-authoring-sdk/failure-example/rpcplugin-failure/main.go:81.2,82.12 2 0
rpc_plugin_system/plugin-authoring-sdk/failure-example/rpcplugin-failure/main.go:85.78,88.2 2 0
rpc_plugin_system/plugin-authoring-sdk/failure-example/rpcplugin-failure/main.go:90.73,91.12 1 0
rpc_plugin_system/plugin-authoring-sdk/failure-example/rpcplugin-failure/main.go:91.12,92.73 1 0
rpc_plugin_system/plugin-authoring-sdk/failure-example/rpcplugin-failure/main.go:92.73,94.4 1 0
rpc_plugin_system/plugin-authoring-sdk/failure-example/rpcplugin-failure/main.go:95.3,96.13 2 0
rpc_plugin_system/plugin-authoring-sdk/failure-example/rpcplugin-failure/main.go:98.2,98.12 1 0
rpc_plugin_system/plugin-authoring-sdk/failure-example/rpcplugin-failure/main.go:101.49,102.44 1 0
rpc_plugin_system/plugin-authoring-sdk/failure-example/rpcplugin-failure/main.go:102.44,104.3 1 0
rpc_plugin_system/plugin-authoring-sdk/failure-example/rpcplugin-failure/main.go:105.2,105.44 1 0
rpc_plugin_system/plugin-authoring-sdk/failure-example/rpcplugin-failure/main.go:105.44,107.3 1 0
rpc_plugin_system/plugin-authoring-sdk/failure-example/rpcplugin-failure/main.go:108.2,108.68 1 0
rpc_plugin_system/plugin-authoring-sdk/failure-example/rpcplugin-failure/main.go:111.13,113.16 2 0
rpc_plugin_system/plugin-authoring-sdk/failure-example/rpcplugin-failure/main.go:113.16,114.13 1 0
rpc_plugin_system/plugin-authoring-sdk/failure-example/rpcplugin-failure/main.go:116.2,117.16 2 0
rpc_plugin_system/plugin-authoring-sdk/failure-example/rpcplugin-failure/main.go:117.16,118.13 1 0
rpc_plugin_system/plugin-authoring-sdk/failure-example/rpcplugin-failure/main.go:120.2,124.55 5 0
rpc_plugin_system/plugin-authoring-sdk/failure-example/rpcplugin-failure/main.go:124.55,126.13 2 0
rpc_plugin_system/plugin-authoring-sdk/echo-example/rpcplugin-echo/main.go:15.82,18.2 2 0
rpc_plugin_system/plugin-authoring-sdk/echo-example/rpcplugin-echo/main.go:20.75,23.2 2 0
rpc_plugin_system/plugin-authoring-sdk/echo-example/rpcplugin-echo/main.go:25.75,28.2 2 0
rpc_plugin_system/plugin-authoring-sdk/echo-example/rpcplugin-echo/main.go:30.70,31.12 1 0
rpc_plugin_system/plugin-authoring-sdk/echo-example/rpcplugin-echo/main.go:31.12,32.73 1 0
rpc_plugin_system/plugin-authoring-sdk/echo-example/rpcplugin-echo/main.go:32.73,34.4 1 0
rpc_plugin_system/plugin-authoring-sdk/echo-example/rpcplugin-echo/main.go:35.3,36.13 2 0
rpc_plugin_system/plugin-authoring-sdk/echo-example/rpcplugin-echo/main.go:38.2,38.12 1 0
rpc_plugin_system/plugin-authoring-sdk/echo-example/rpcplugin-echo/main.go:41.13,43.16 2 0
rpc_plugin_system/plugin-authoring-sdk/echo-example/rpcplugin-echo/main.go:43.16,44.13 1 0
rpc_plugin_system/plugin-authoring-sdk/echo-example/rpcplugin-echo/main.go:46.2,47.16 2 0
rpc_plugin_system/plugin-authoring-sdk/echo-example/rpcplugin-echo/main.go:47.16,48.13 1 0
rpc_plugin_system/plugin-authoring-sdk/echo-example/rpcplugin-echo/main.go:50.2,54.55 4 0
rpc_plugin_system/plugin-authoring-sdk/echo-example/rpcplugin-echo/main.go:54.55,56.13 2 0
rpc_plugin_system/release-packaging-governance/go-build-deps/testroot/root.go:11.38,15.16 3 1
rpc_plugin_system/release-packaging-governance/go-build-deps/testroot/root.go:15.16,17.3 1 0
rpc_plugin_system/release-packaging-governance/go-build-deps/testroot/root.go:18.2,18.6 1 1
rpc_plugin_system/release-packaging-governance/go-build-deps/testroot/root.go:18.6,19.66 1 1
rpc_plugin_system/release-packaging-governance/go-build-deps/testroot/root.go:19.66,21.4 1 1
rpc_plugin_system/release-packaging-governance/go-build-deps/testroot/root.go:21.9,21.33 1 1
rpc_plugin_system/release-packaging-governance/go-build-deps/testroot/root.go:21.33,23.4 1 0
rpc_plugin_system/release-packaging-governance/go-build-deps/testroot/root.go:24.3,25.18 2 1
rpc_plugin_system/release-packaging-governance/go-build-deps/testroot/root.go:25.18,27.4 1 0
rpc_plugin_system/release-packaging-governance/go-build-deps/testroot/root.go:28.3,28.13 1 1
rpc_plugin_system/secure-bootstrap-transport/startup-handshake/auth/auth.go:12.33,14.42 2 0
rpc_plugin_system/secure-bootstrap-transport/startup-handshake/auth/auth.go:14.42,16.3 1 0
rpc_plugin_system/secure-bootstrap-transport/startup-handshake/auth/auth.go:17.2,17.17 1 0
rpc_plugin_system/secure-bootstrap-transport/startup-handshake/auth/auth.go:21.35,22.22 1 0
rpc_plugin_system/secure-bootstrap-transport/startup-handshake/auth/auth.go:22.22,24.3 1 0
rpc_plugin_system/secure-bootstrap-transport/startup-handshake/auth/auth.go:25.2,25.46 1 0
rpc_plugin_system/secure-bootstrap-transport/startup-handshake/auth/auth.go:29.33,31.2 1 0
rpc_plugin_system/secure-bootstrap-transport/startup-handshake/auth/auth.go:34.42,36.16 2 0
rpc_plugin_system/secure-bootstrap-transport/startup-handshake/auth/auth.go:36.16,38.3 1 0
rpc_plugin_system/secure-bootstrap-transport/startup-handshake/auth/auth.go:39.2,39.17 1 0
